2021-10-17 11:29:08,020 - __sender_log__ - INFO: 
SENDER #140068035524352: started
---------------------
2021-10-17 11:29:08,020 - __sender_log__ - INFO: 
SENDER #140068035524352: create sender connect to 127.0.0.1:60000
---------------------
2021-10-17 11:29:08,020 - __sender_log__ - INFO: 
Send Packet Info:
	Sender ID: 1
	Receiver ID: 0
	Packet Content: b'Message from 1, number 1'
	Sender Clock:
		Local logical clock:(0, 1, 0)
		Local process vectors:
---------------------
2021-10-17 11:29:08,020 - __sender_log__ - INFO: 
SENDER #140068027131648: started
---------------------
2021-10-17 11:29:08,020 - __sender_log__ - INFO: 
SENDER #140068027131648: create sender connect to 127.0.0.1:60002
---------------------
2021-10-17 11:29:08,020 - __sender_log__ - WARNING: 
SENDER #140068027131648: connection to 127.0.0.1:60002 failed, retry after 500 milliseconds.
---------------------
2021-10-17 11:29:08,424 - __sender_log__ - INFO: 
Send Packet Info:
	Sender ID: 1
	Receiver ID: 0
	Packet Content: b'Message from 1, number 2'
	Sender Clock:
		Local logical clock:(5, 6, 4)
		Local process vectors:
			<P_0: (0, 1, 1)>
			<P_2: (4, 1, 1)>
---------------------
2021-10-17 11:29:08,521 - __sender_log__ - INFO: 
SENDER #140068027131648: create sender connect to 127.0.0.1:60002
---------------------
2021-10-17 11:29:08,521 - __sender_log__ - INFO: 
Send Packet Info:
	Sender ID: 1
	Receiver ID: 2
	Packet Content: b'Message from 1, number 1'
	Sender Clock:
		Local logical clock:(7, 8, 4)
		Local process vectors:
			<P_0: (5, 6, 4)>
			<P_2: (4, 1, 1)>
---------------------
2021-10-17 11:29:08,700 - __sender_log__ - INFO: 
Send Packet Info:
	Sender ID: 1
	Receiver ID: 2
	Packet Content: b'Message from 1, number 2'
	Sender Clock:
		Local logical clock:(7, 9, 4)
		Local process vectors:
			<P_0: (5, 6, 4)>
			<P_2: (7, 8, 4)>
---------------------
2021-10-17 11:29:09,065 - __sender_log__ - INFO: 
Send Packet Info:
	Sender ID: 1
	Receiver ID: 0
	Packet Content: b'Message from 1, number 3'
	Sender Clock:
		Local logical clock:(7, 10, 4)
		Local process vectors:
			<P_0: (5, 6, 4)>
			<P_2: (7, 9, 4)>
---------------------
2021-10-17 11:29:09,159 - __sender_log__ - INFO: 
Send Packet Info:
	Sender ID: 1
	Receiver ID: 2
	Packet Content: b'Message from 1, number 3'
	Sender Clock:
		Local logical clock:(11, 12, 8)
		Local process vectors:
			<P_0: (7, 10, 4)>
			<P_2: (8, 9, 4)>
---------------------
2021-10-17 11:29:09,746 - __sender_log__ - INFO: 
Send Packet Info:
	Sender ID: 1
	Receiver ID: 2
	Packet Content: b'Message from 1, number 4'
	Sender Clock:
		Local logical clock:(13, 16, 14)
		Local process vectors:
			<P_0: (11, 12, 12)>
			<P_2: (11, 12, 8)>
---------------------
2021-10-17 11:29:09,850 - __sender_log__ - INFO: 
Send Packet Info:
	Sender ID: 1
	Receiver ID: 2
	Packet Content: b'Message from 1, number 5'
	Sender Clock:
		Local logical clock:(13, 17, 14)
		Local process vectors:
			<P_0: (11, 12, 12)>
			<P_2: (13, 16, 14)>
---------------------
2021-10-17 11:29:09,913 - __sender_log__ - INFO: 
Send Packet Info:
	Sender ID: 1
	Receiver ID: 0
	Packet Content: b'Message from 1, number 4'
	Sender Clock:
		Local logical clock:(13, 18, 14)
		Local process vectors:
			<P_0: (11, 12, 12)>
			<P_2: (13, 17, 14)>
---------------------
2021-10-17 11:29:09,924 - __sender_log__ - INFO: 
Send Packet Info:
	Sender ID: 1
	Receiver ID: 2
	Packet Content: b'Message from 1, number 6'
	Sender Clock:
		Local logical clock:(13, 19, 14)
		Local process vectors:
			<P_0: (13, 18, 14)>
			<P_2: (13, 17, 14)>
---------------------
2021-10-17 11:29:10,717 - __sender_log__ - INFO: 
Send Packet Info:
	Sender ID: 1
	Receiver ID: 2
	Packet Content: b'Message from 1, number 7'
	Sender Clock:
		Local logical clock:(16, 24, 21)
		Local process vectors:
			<P_0: (15, 19, 19)>
			<P_2: (15, 19, 14)>
---------------------
2021-10-17 11:29:10,738 - __sender_log__ - INFO: 
Send Packet Info:
	Sender ID: 1
	Receiver ID: 0
	Packet Content: b'Message from 1, number 5'
	Sender Clock:
		Local logical clock:(16, 25, 21)
		Local process vectors:
			<P_0: (15, 19, 19)>
			<P_2: (16, 24, 21)>
---------------------
2021-10-17 11:29:10,917 - __sender_log__ - INFO: 
Send Packet Info:
	Sender ID: 1
	Receiver ID: 2
	Packet Content: b'Message from 1, number 8'
	Sender Clock:
		Local logical clock:(16, 26, 21)
		Local process vectors:
			<P_0: (16, 25, 21)>
			<P_2: (16, 24, 21)>
---------------------
2021-10-17 11:29:10,935 - __sender_log__ - INFO: 
Send Packet Info:
	Sender ID: 1
	Receiver ID: 0
	Packet Content: b'Message from 1, number 6'
	Sender Clock:
		Local logical clock:(16, 27, 21)
		Local process vectors:
			<P_0: (16, 25, 21)>
			<P_2: (16, 26, 21)>
---------------------
2021-10-17 11:29:11,322 - __sender_log__ - INFO: 
Send Packet Info:
	Sender ID: 1
	Receiver ID: 0
	Packet Content: b'Message from 1, number 7'
	Sender Clock:
		Local logical clock:(21, 31, 28)
		Local process vectors:
			<P_0: (17, 27, 24)>
			<P_2: (18, 26, 21)>
---------------------
2021-10-17 11:29:11,419 - __sender_log__ - INFO: 
Send Packet Info:
	Sender ID: 1
	Receiver ID: 0
	Packet Content: b'Message from 1, number 8'
	Sender Clock:
		Local logical clock:(21, 32, 28)
		Local process vectors:
			<P_0: (21, 31, 28)>
			<P_2: (18, 26, 21)>
---------------------
2021-10-17 11:29:11,436 - __sender_log__ - INFO: 
Send Packet Info:
	Sender ID: 1
	Receiver ID: 2
	Packet Content: b'Message from 1, number 9'
	Sender Clock:
		Local logical clock:(21, 33, 28)
		Local process vectors:
			<P_0: (21, 32, 28)>
			<P_2: (18, 26, 21)>
---------------------
2021-10-17 11:29:11,771 - __sender_log__ - INFO: 
Send Packet Info:
	Sender ID: 1
	Receiver ID: 0
	Packet Content: b'Message from 1, number 9'
	Sender Clock:
		Local logical clock:(28, 35, 28)
		Local process vectors:
			<P_0: (21, 32, 28)>
			<P_2: (21, 33, 28)>
---------------------
2021-10-17 11:29:11,811 - __sender_log__ - INFO: 
Send Packet Info:
	Sender ID: 1
	Receiver ID: 2
	Packet Content: b'Message from 1, number 10'
	Sender Clock:
		Local logical clock:(28, 36, 28)
		Local process vectors:
			<P_0: (28, 35, 28)>
			<P_2: (21, 33, 28)>
---------------------
2021-10-17 11:29:12,533 - __sender_log__ - INFO: 
Send Packet Info:
	Sender ID: 1
	Receiver ID: 0
	Packet Content: b'Message from 1, number 10'
	Sender Clock:
		Local logical clock:(31, 39, 34)
		Local process vectors:
			<P_0: (28, 35, 29)>
			<P_2: (29, 36, 28)>
---------------------
2021-10-17 11:29:12,750 - __sender_log__ - INFO: 
Send Packet Info:
	Sender ID: 1
	Receiver ID: 2
	Packet Content: b'Message from 1, number 11'
	Sender Clock:
		Local logical clock:(34, 41, 38)
		Local process vectors:
			<P_0: (31, 39, 35)>
			<P_2: (29, 36, 28)>
---------------------
2021-10-17 11:29:12,832 - __sender_log__ - INFO: 
Send Packet Info:
	Sender ID: 1
	Receiver ID: 0
	Packet Content: b'Message from 1, number 11'
	Sender Clock:
		Local logical clock:(34, 42, 38)
		Local process vectors:
			<P_0: (31, 39, 35)>
			<P_2: (34, 41, 38)>
---------------------
2021-10-17 11:29:12,994 - __sender_log__ - INFO: 
Send Packet Info:
	Sender ID: 1
	Receiver ID: 0
	Packet Content: b'Message from 1, number 12'
	Sender Clock:
		Local logical clock:(37, 45, 40)
		Local process vectors:
			<P_0: (34, 42, 38)>
			<P_2: (34, 41, 38)>
---------------------
2021-10-17 11:29:13,483 - __sender_log__ - INFO: 
Send Packet Info:
	Sender ID: 1
	Receiver ID: 2
	Packet Content: b'Message from 1, number 12'
	Sender Clock:
		Local logical clock:(37, 46, 40)
		Local process vectors:
			<P_0: (37, 45, 40)>
			<P_2: (34, 41, 38)>
---------------------
2021-10-17 11:29:13,650 - __sender_log__ - INFO: 
Send Packet Info:
	Sender ID: 1
	Receiver ID: 0
	Packet Content: b'Message from 1, number 13'
	Sender Clock:
		Local logical clock:(37, 47, 40)
		Local process vectors:
			<P_0: (37, 45, 40)>
			<P_2: (37, 46, 40)>
---------------------
2021-10-17 11:29:14,265 - __sender_log__ - INFO: 
Send Packet Info:
	Sender ID: 1
	Receiver ID: 0
	Packet Content: b'Message from 1, number 14'
	Sender Clock:
		Local logical clock:(42, 51, 46)
		Local process vectors:
			<P_0: (41, 47, 44)>
			<P_2: (41, 46, 41)>
---------------------
2021-10-17 11:29:14,275 - __sender_log__ - INFO: 
Send Packet Info:
	Sender ID: 1
	Receiver ID: 2
	Packet Content: b'Message from 1, number 13'
	Sender Clock:
		Local logical clock:(42, 52, 46)
		Local process vectors:
			<P_0: (42, 51, 46)>
			<P_2: (41, 46, 41)>
---------------------
2021-10-17 11:29:14,881 - __sender_log__ - INFO: 
Send Packet Info:
	Sender ID: 1
	Receiver ID: 0
	Packet Content: b'Message from 1, number 15'
	Sender Clock:
		Local logical clock:(49, 55, 53)
		Local process vectors:
			<P_0: (46, 52, 51)>
			<P_2: (46, 52, 46)>
---------------------
2021-10-17 11:29:15,038 - __sender_log__ - INFO: 
Send Packet Info:
	Sender ID: 1
	Receiver ID: 2
	Packet Content: b'Message from 1, number 14'
	Sender Clock:
		Local logical clock:(50, 57, 55)
		Local process vectors:
			<P_0: (49, 55, 53)>
			<P_2: (46, 52, 46)>
---------------------
2021-10-17 11:29:15,681 - __sender_log__ - INFO: 
Send Packet Info:
	Sender ID: 1
	Receiver ID: 2
	Packet Content: b'Message from 1, number 15'
	Sender Clock:
		Local logical clock:(56, 59, 55)
		Local process vectors:
			<P_0: (49, 55, 53)>
			<P_2: (55, 57, 55)>
---------------------
2021-10-17 11:29:15,697 - __sender_log__ - INFO: 
Send Packet Info:
	Sender ID: 1
	Receiver ID: 0
	Packet Content: b'Message from 1, number 16'
	Sender Clock:
		Local logical clock:(56, 60, 55)
		Local process vectors:
			<P_0: (49, 55, 53)>
			<P_2: (56, 59, 55)>
---------------------
2021-10-17 11:29:16,476 - __sender_log__ - INFO: 
Send Packet Info:
	Sender ID: 1
	Receiver ID: 2
	Packet Content: b'Message from 1, number 16'
	Sender Clock:
		Local logical clock:(63, 65, 67)
		Local process vectors:
			<P_0: (61, 60, 65)>
			<P_2: (57, 59, 55)>
---------------------
2021-10-17 11:29:16,674 - __sender_log__ - INFO: 
Send Packet Info:
	Sender ID: 1
	Receiver ID: 0
	Packet Content: b'Message from 1, number 17'
	Sender Clock:
		Local logical clock:(66, 67, 68)
		Local process vectors:
			<P_0: (61, 60, 65)>
			<P_2: (65, 65, 68)>
---------------------
2021-10-17 11:29:17,298 - __sender_log__ - INFO: 
Send Packet Info:
	Sender ID: 1
	Receiver ID: 2
	Packet Content: b'Message from 1, number 17'
	Sender Clock:
		Local logical clock:(66, 72, 75)
		Local process vectors:
			<P_0: (66, 67, 73)>
			<P_2: (65, 65, 68)>
---------------------
2021-10-17 11:29:17,320 - __sender_log__ - INFO: 
Send Packet Info:
	Sender ID: 1
	Receiver ID: 2
	Packet Content: b'Message from 1, number 18'
	Sender Clock:
		Local logical clock:(66, 73, 75)
		Local process vectors:
			<P_0: (66, 67, 73)>
			<P_2: (66, 72, 75)>
---------------------
2021-10-17 11:29:17,381 - __sender_log__ - INFO: 
Send Packet Info:
	Sender ID: 1
	Receiver ID: 2
	Packet Content: b'Message from 1, number 19'
	Sender Clock:
		Local logical clock:(66, 74, 75)
		Local process vectors:
			<P_0: (66, 67, 73)>
			<P_2: (66, 73, 75)>
---------------------
2021-10-17 11:29:17,437 - __sender_log__ - INFO: 
Send Packet Info:
	Sender ID: 1
	Receiver ID: 0
	Packet Content: b'Message from 1, number 18'
	Sender Clock:
		Local logical clock:(66, 75, 75)
		Local process vectors:
			<P_0: (66, 67, 73)>
			<P_2: (66, 74, 75)>
---------------------
2021-10-17 11:29:17,474 - __sender_log__ - INFO: 
Send Packet Info:
	Sender ID: 1
	Receiver ID: 2
	Packet Content: b'Message from 1, number 20'
	Sender Clock:
		Local logical clock:(66, 76, 75)
		Local process vectors:
			<P_0: (66, 75, 75)>
			<P_2: (66, 74, 75)>
---------------------
2021-10-17 11:29:17,714 - __sender_log__ - INFO: 
Send Packet Info:
	Sender ID: 1
	Receiver ID: 0
	Packet Content: b'Message from 1, number 19'
	Sender Clock:
		Local logical clock:(66, 77, 75)
		Local process vectors:
			<P_0: (66, 75, 75)>
			<P_2: (66, 76, 75)>
---------------------
2021-10-17 11:29:17,980 - __sender_log__ - INFO: 
Send Packet Info:
	Sender ID: 1
	Receiver ID: 2
	Packet Content: b'Message from 1, number 21'
	Sender Clock:
		Local logical clock:(68, 79, 75)
		Local process vectors:
			<P_0: (66, 77, 75)>
			<P_2: (66, 76, 75)>
---------------------
2021-10-17 11:29:18,296 - __sender_log__ - INFO: 
Send Packet Info:
	Sender ID: 1
	Receiver ID: 0
	Packet Content: b'Message from 1, number 20'
	Sender Clock:
		Local logical clock:(78, 83, 87)
		Local process vectors:
			<P_0: (70, 77, 82)>
			<P_2: (77, 79, 81)>
---------------------
2021-10-17 11:29:18,352 - __sender_log__ - INFO: 
Send Packet Info:
	Sender ID: 1
	Receiver ID: 2
	Packet Content: b'Message from 1, number 22'
	Sender Clock:
		Local logical clock:(78, 84, 87)
		Local process vectors:
			<P_0: (78, 83, 87)>
			<P_2: (77, 79, 81)>
---------------------
2021-10-17 11:29:18,512 - __sender_log__ - INFO: 
Send Packet Info:
	Sender ID: 1
	Receiver ID: 2
	Packet Content: b'Message from 1, number 23'
	Sender Clock:
		Local logical clock:(78, 85, 87)
		Local process vectors:
			<P_0: (78, 83, 87)>
			<P_2: (78, 84, 87)>
---------------------
2021-10-17 11:29:18,809 - __sender_log__ - INFO: 
Send Packet Info:
	Sender ID: 1
	Receiver ID: 0
	Packet Content: b'Message from 1, number 21'
	Sender Clock:
		Local logical clock:(80, 87, 87)
		Local process vectors:
			<P_0: (78, 83, 87)>
			<P_2: (78, 85, 87)>
---------------------
2021-10-17 11:29:18,926 - __sender_log__ - INFO: 
Send Packet Info:
	Sender ID: 1
	Receiver ID: 0
	Packet Content: b'Message from 1, number 22'
	Sender Clock:
		Local logical clock:(80, 88, 87)
		Local process vectors:
			<P_0: (80, 87, 87)>
			<P_2: (78, 85, 87)>
---------------------
2021-10-17 11:29:19,144 - __sender_log__ - INFO: 
Send Packet Info:
	Sender ID: 1
	Receiver ID: 2
	Packet Content: b'Message from 1, number 24'
	Sender Clock:
		Local logical clock:(80, 90, 93)
		Local process vectors:
			<P_0: (80, 88, 92)>
			<P_2: (78, 85, 87)>
---------------------
2021-10-17 11:29:19,215 - __sender_log__ - INFO: 
Send Packet Info:
	Sender ID: 1
	Receiver ID: 2
	Packet Content: b'Message from 1, number 25'
	Sender Clock:
		Local logical clock:(80, 91, 93)
		Local process vectors:
			<P_0: (80, 88, 92)>
			<P_2: (80, 90, 93)>
---------------------
2021-10-17 11:29:19,420 - __sender_log__ - INFO: 
Send Packet Info:
	Sender ID: 1
	Receiver ID: 0
	Packet Content: b'Message from 1, number 23'
	Sender Clock:
		Local logical clock:(80, 92, 93)
		Local process vectors:
			<P_0: (80, 88, 92)>
			<P_2: (80, 91, 93)>
---------------------
2021-10-17 11:29:20,074 - __sender_log__ - INFO: 
Send Packet Info:
	Sender ID: 1
	Receiver ID: 0
	Packet Content: b'Message from 1, number 24'
	Sender Clock:
		Local logical clock:(89, 97, 101)
		Local process vectors:
			<P_0: (87, 92, 98)>
			<P_2: (87, 91, 93)>
---------------------
2021-10-17 11:29:20,110 - __sender_log__ - INFO: 
Send Packet Info:
	Sender ID: 1
	Receiver ID: 2
	Packet Content: b'Message from 1, number 26'
	Sender Clock:
		Local logical clock:(89, 98, 101)
		Local process vectors:
			<P_0: (89, 97, 101)>
			<P_2: (87, 91, 93)>
---------------------
2021-10-17 11:29:21,008 - __sender_log__ - INFO: 
Send Packet Info:
	Sender ID: 1
	Receiver ID: 0
	Packet Content: b'Message from 1, number 25'
	Sender Clock:
		Local logical clock:(96, 100, 104)
		Local process vectors:
			<P_0: (89, 97, 101)>
			<P_2: (95, 98, 104)>
---------------------
2021-10-17 11:29:21,051 - __sender_log__ - INFO: 
Send Packet Info:
	Sender ID: 1
	Receiver ID: 2
	Packet Content: b'Message from 1, number 27'
	Sender Clock:
		Local logical clock:(96, 101, 104)
		Local process vectors:
			<P_0: (96, 100, 104)>
			<P_2: (95, 98, 104)>
---------------------
2021-10-17 11:29:21,172 - __sender_log__ - INFO: 
Send Packet Info:
	Sender ID: 1
	Receiver ID: 2
	Packet Content: b'Message from 1, number 28'
	Sender Clock:
		Local logical clock:(96, 102, 104)
		Local process vectors:
			<P_0: (96, 100, 104)>
			<P_2: (96, 101, 104)>
---------------------
2021-10-17 11:29:21,470 - __sender_log__ - INFO: 
Send Packet Info:
	Sender ID: 1
	Receiver ID: 2
	Packet Content: b'Message from 1, number 29'
	Sender Clock:
		Local logical clock:(96, 103, 104)
		Local process vectors:
			<P_0: (96, 100, 104)>
			<P_2: (96, 102, 104)>
---------------------
2021-10-17 11:29:21,529 - __sender_log__ - INFO: 
Send Packet Info:
	Sender ID: 1
	Receiver ID: 2
	Packet Content: b'Message from 1, number 30'
	Sender Clock:
		Local logical clock:(96, 104, 104)
		Local process vectors:
			<P_0: (96, 100, 104)>
			<P_2: (96, 103, 104)>
---------------------
2021-10-17 11:29:21,912 - __sender_log__ - INFO: 
Send Packet Info:
	Sender ID: 1
	Receiver ID: 0
	Packet Content: b'Message from 1, number 26'
	Sender Clock:
		Local logical clock:(103, 110, 115)
		Local process vectors:
			<P_0: (102, 102, 114)>
			<P_2: (102, 104, 109)>
---------------------
2021-10-17 11:29:22,351 - __sender_log__ - INFO: 
Send Packet Info:
	Sender ID: 1
	Receiver ID: 0
	Packet Content: b'Message from 1, number 27'
	Sender Clock:
		Local logical clock:(103, 111, 115)
		Local process vectors:
			<P_0: (103, 110, 115)>
			<P_2: (102, 104, 109)>
---------------------
2021-10-17 11:29:22,451 - __sender_log__ - INFO: 
Send Packet Info:
	Sender ID: 1
	Receiver ID: 0
	Packet Content: b'Message from 1, number 28'
	Sender Clock:
		Local logical clock:(108, 113, 117)
		Local process vectors:
			<P_0: (103, 111, 115)>
			<P_2: (106, 110, 115)>
---------------------
2021-10-17 11:29:22,466 - __sender_log__ - INFO: 
Send Packet Info:
	Sender ID: 1
	Receiver ID: 2
	Packet Content: b'Message from 1, number 31'
	Sender Clock:
		Local logical clock:(108, 114, 117)
		Local process vectors:
			<P_0: (108, 113, 117)>
			<P_2: (106, 110, 115)>
---------------------
2021-10-17 11:29:23,199 - __sender_log__ - INFO: 
Send Packet Info:
	Sender ID: 1
	Receiver ID: 0
	Packet Content: b'Message from 1, number 29'
	Sender Clock:
		Local logical clock:(114, 118, 120)
		Local process vectors:
			<P_0: (108, 113, 119)>
			<P_2: (112, 114, 117)>
---------------------
2021-10-17 11:29:23,316 - __sender_log__ - INFO: 
Send Packet Info:
	Sender ID: 1
	Receiver ID: 2
	Packet Content: b'Message from 1, number 32'
	Sender Clock:
		Local logical clock:(114, 119, 120)
		Local process vectors:
			<P_0: (114, 118, 120)>
			<P_2: (112, 114, 117)>
---------------------
2021-10-17 11:29:23,519 - __sender_log__ - INFO: 
Send Packet Info:
	Sender ID: 1
	Receiver ID: 0
	Packet Content: b'Message from 1, number 30'
	Sender Clock:
		Local logical clock:(114, 120, 120)
		Local process vectors:
			<P_0: (114, 118, 120)>
			<P_2: (114, 119, 120)>
---------------------
2021-10-17 11:29:23,576 - __sender_log__ - INFO: 
Send Packet Info:
	Sender ID: 1
	Receiver ID: 2
	Packet Content: b'Message from 1, number 33'
	Sender Clock:
		Local logical clock:(114, 121, 120)
		Local process vectors:
			<P_0: (114, 120, 120)>
			<P_2: (114, 119, 120)>
---------------------
2021-10-17 11:29:23,769 - __sender_log__ - INFO: 
Send Packet Info:
	Sender ID: 1
	Receiver ID: 2
	Packet Content: b'Message from 1, number 34'
	Sender Clock:
		Local logical clock:(114, 122, 120)
		Local process vectors:
			<P_0: (114, 120, 120)>
			<P_2: (114, 121, 120)>
---------------------
2021-10-17 11:29:23,801 - __sender_log__ - INFO: 
Send Packet Info:
	Sender ID: 1
	Receiver ID: 2
	Packet Content: b'Message from 1, number 35'
	Sender Clock:
		Local logical clock:(114, 123, 120)
		Local process vectors:
			<P_0: (114, 120, 120)>
			<P_2: (114, 122, 120)>
---------------------
2021-10-17 11:29:24,040 - __sender_log__ - INFO: 
Send Packet Info:
	Sender ID: 1
	Receiver ID: 2
	Packet Content: b'Message from 1, number 36'
	Sender Clock:
		Local logical clock:(114, 124, 120)
		Local process vectors:
			<P_0: (114, 120, 120)>
			<P_2: (114, 123, 120)>
---------------------
2021-10-17 11:29:24,177 - __sender_log__ - INFO: 
Send Packet Info:
	Sender ID: 1
	Receiver ID: 0
	Packet Content: b'Message from 1, number 31'
	Sender Clock:
		Local logical clock:(114, 125, 120)
		Local process vectors:
			<P_0: (114, 120, 120)>
			<P_2: (114, 124, 120)>
---------------------
2021-10-17 11:29:24,756 - __sender_log__ - INFO: 
Send Packet Info:
	Sender ID: 1
	Receiver ID: 2
	Packet Content: b'Message from 1, number 37'
	Sender Clock:
		Local logical clock:(125, 130, 137)
		Local process vectors:
			<P_0: (122, 125, 135)>
			<P_2: (122, 124, 132)>
---------------------
2021-10-17 11:29:24,818 - __sender_log__ - INFO: 
Send Packet Info:
	Sender ID: 1
	Receiver ID: 0
	Packet Content: b'Message from 1, number 32'
	Sender Clock:
		Local logical clock:(125, 131, 137)
		Local process vectors:
			<P_0: (122, 125, 135)>
			<P_2: (125, 130, 137)>
---------------------
2021-10-17 11:29:25,111 - __sender_log__ - INFO: 
Send Packet Info:
	Sender ID: 1
	Receiver ID: 2
	Packet Content: b'Message from 1, number 38'
	Sender Clock:
		Local logical clock:(125, 132, 137)
		Local process vectors:
			<P_0: (125, 131, 137)>
			<P_2: (125, 130, 137)>
---------------------
2021-10-17 11:29:25,376 - __sender_log__ - INFO: 
Send Packet Info:
	Sender ID: 1
	Receiver ID: 0
	Packet Content: b'Message from 1, number 33'
	Sender Clock:
		Local logical clock:(131, 135, 145)
		Local process vectors:
			<P_0: (128, 131, 142)>
			<P_2: (130, 132, 137)>
---------------------
2021-10-17 11:29:25,443 - __sender_log__ - INFO: 
Send Packet Info:
	Sender ID: 1
	Receiver ID: 0
	Packet Content: b'Message from 1, number 34'
	Sender Clock:
		Local logical clock:(131, 136, 145)
		Local process vectors:
			<P_0: (131, 135, 145)>
			<P_2: (130, 132, 137)>
---------------------
2021-10-17 11:29:25,727 - __sender_log__ - INFO: 
Send Packet Info:
	Sender ID: 1
	Receiver ID: 2
	Packet Content: b'Message from 1, number 39'
	Sender Clock:
		Local logical clock:(131, 137, 145)
		Local process vectors:
			<P_0: (131, 136, 145)>
			<P_2: (130, 132, 137)>
---------------------
2021-10-17 11:29:26,319 - __sender_log__ - INFO: 
Send Packet Info:
	Sender ID: 1
	Receiver ID: 0
	Packet Content: b'Message from 1, number 35'
	Sender Clock:
		Local logical clock:(131, 138, 145)
		Local process vectors:
			<P_0: (131, 136, 145)>
			<P_2: (131, 137, 145)>
---------------------
2021-10-17 11:29:26,597 - __sender_log__ - INFO: 
Send Packet Info:
	Sender ID: 1
	Receiver ID: 2
	Packet Content: b'Message from 1, number 40'
	Sender Clock:
		Local logical clock:(144, 145, 154)
		Local process vectors:
			<P_0: (137, 138, 150)>
			<P_2: (137, 137, 147)>
---------------------
2021-10-17 11:29:27,004 - __sender_log__ - INFO: 
Send Packet Info:
	Sender ID: 1
	Receiver ID: 2
	Packet Content: b'Message from 1, number 41'
	Sender Clock:
		Local logical clock:(145, 147, 154)
		Local process vectors:
			<P_0: (137, 138, 150)>
			<P_2: (144, 145, 154)>
---------------------
2021-10-17 11:29:27,310 - __sender_log__ - INFO: 
Send Packet Info:
	Sender ID: 1
	Receiver ID: 0
	Packet Content: b'Message from 1, number 36'
	Sender Clock:
		Local logical clock:(149, 150, 159)
		Local process vectors:
			<P_0: (146, 145, 157)>
			<P_2: (148, 147, 157)>
---------------------
2021-10-17 11:29:27,326 - __sender_log__ - INFO: 
Send Packet Info:
	Sender ID: 1
	Receiver ID: 0
	Packet Content: b'Message from 1, number 37'
	Sender Clock:
		Local logical clock:(149, 151, 159)
		Local process vectors:
			<P_0: (149, 150, 159)>
			<P_2: (148, 147, 157)>
---------------------
2021-10-17 11:29:27,963 - __sender_log__ - INFO: 
Send Packet Info:
	Sender ID: 1
	Receiver ID: 2
	Packet Content: b'Message from 1, number 42'
	Sender Clock:
		Local logical clock:(152, 154, 161)
		Local process vectors:
			<P_0: (149, 151, 159)>
			<P_2: (148, 147, 157)>
---------------------
2021-10-17 11:29:28,082 - __sender_log__ - INFO: 
Send Packet Info:
	Sender ID: 1
	Receiver ID: 0
	Packet Content: b'Message from 1, number 38'
	Sender Clock:
		Local logical clock:(152, 155, 161)
		Local process vectors:
			<P_0: (149, 151, 159)>
			<P_2: (152, 154, 161)>
---------------------
2021-10-17 11:29:28,252 - __sender_log__ - INFO: 
Send Packet Info:
	Sender ID: 1
	Receiver ID: 0
	Packet Content: b'Message from 1, number 39'
	Sender Clock:
		Local logical clock:(152, 156, 161)
		Local process vectors:
			<P_0: (152, 155, 161)>
			<P_2: (152, 154, 161)>
---------------------
2021-10-17 11:29:28,901 - __sender_log__ - INFO: 
Send Packet Info:
	Sender ID: 1
	Receiver ID: 2
	Packet Content: b'Message from 1, number 43'
	Sender Clock:
		Local logical clock:(161, 161, 169)
		Local process vectors:
			<P_0: (156, 156, 168)>
			<P_2: (156, 154, 161)>
---------------------
2021-10-17 11:29:29,070 - __sender_log__ - INFO: 
Send Packet Info:
	Sender ID: 1
	Receiver ID: 0
	Packet Content: b'Message from 1, number 40'
	Sender Clock:
		Local logical clock:(161, 162, 169)
		Local process vectors:
			<P_0: (156, 156, 168)>
			<P_2: (161, 161, 169)>
---------------------
2021-10-17 11:29:29,108 - __sender_log__ - INFO: 
Send Packet Info:
	Sender ID: 1
	Receiver ID: 2
	Packet Content: b'Message from 1, number 44'
	Sender Clock:
		Local logical clock:(161, 163, 169)
		Local process vectors:
			<P_0: (161, 162, 169)>
			<P_2: (161, 161, 169)>
---------------------
2021-10-17 11:29:29,806 - __sender_log__ - INFO: 
Send Packet Info:
	Sender ID: 1
	Receiver ID: 2
	Packet Content: b'Message from 1, number 45'
	Sender Clock:
		Local logical clock:(168, 166, 177)
		Local process vectors:
			<P_0: (161, 162, 171)>
			<P_2: (165, 163, 171)>
---------------------
2021-10-17 11:29:29,999 - __sender_log__ - INFO: 
Send Packet Info:
	Sender ID: 1
	Receiver ID: 0
	Packet Content: b'Message from 1, number 41'
	Sender Clock:
		Local logical clock:(168, 168, 180)
		Local process vectors:
			<P_0: (168, 166, 179)>
			<P_2: (168, 166, 177)>
---------------------
2021-10-17 11:29:30,124 - __sender_log__ - INFO: 
Send Packet Info:
	Sender ID: 1
	Receiver ID: 2
	Packet Content: b'Message from 1, number 46'
	Sender Clock:
		Local logical clock:(168, 169, 180)
		Local process vectors:
			<P_0: (168, 168, 180)>
			<P_2: (168, 166, 177)>
---------------------
2021-10-17 11:29:30,174 - __sender_log__ - INFO: 
Send Packet Info:
	Sender ID: 1
	Receiver ID: 0
	Packet Content: b'Message from 1, number 42'
	Sender Clock:
		Local logical clock:(168, 170, 180)
		Local process vectors:
			<P_0: (168, 168, 180)>
			<P_2: (168, 169, 180)>
---------------------
2021-10-17 11:29:30,275 - __sender_log__ - INFO: 
Send Packet Info:
	Sender ID: 1
	Receiver ID: 2
	Packet Content: b'Message from 1, number 47'
	Sender Clock:
		Local logical clock:(168, 171, 180)
		Local process vectors:
			<P_0: (168, 170, 180)>
			<P_2: (168, 169, 180)>
---------------------
2021-10-17 11:29:30,860 - __sender_log__ - INFO: 
Send Packet Info:
	Sender ID: 1
	Receiver ID: 0
	Packet Content: b'Message from 1, number 43'
	Sender Clock:
		Local logical clock:(177, 176, 188)
		Local process vectors:
			<P_0: (168, 171, 183)>
			<P_2: (174, 171, 183)>
---------------------
2021-10-17 11:29:30,883 - __sender_log__ - INFO: 
Send Packet Info:
	Sender ID: 1
	Receiver ID: 0
	Packet Content: b'Message from 1, number 44'
	Sender Clock:
		Local logical clock:(177, 177, 188)
		Local process vectors:
			<P_0: (177, 176, 188)>
			<P_2: (174, 171, 183)>
---------------------
2021-10-17 11:29:31,062 - __sender_log__ - INFO: 
Send Packet Info:
	Sender ID: 1
	Receiver ID: 0
	Packet Content: b'Message from 1, number 45'
	Sender Clock:
		Local logical clock:(177, 178, 188)
		Local process vectors:
			<P_0: (177, 177, 188)>
			<P_2: (174, 171, 183)>
---------------------
2021-10-17 11:29:31,213 - __sender_log__ - INFO: 
Send Packet Info:
	Sender ID: 1
	Receiver ID: 2
	Packet Content: b'Message from 1, number 48'
	Sender Clock:
		Local logical clock:(178, 180, 190)
		Local process vectors:
			<P_0: (177, 178, 188)>
			<P_2: (174, 171, 183)>
---------------------
2021-10-17 11:29:31,711 - __sender_log__ - INFO: 
Send Packet Info:
	Sender ID: 1
	Receiver ID: 2
	Packet Content: b'Message from 1, number 49'
	Sender Clock:
		Local logical clock:(183, 183, 193)
		Local process vectors:
			<P_0: (178, 178, 191)>
			<P_2: (178, 180, 190)>
---------------------
2021-10-17 11:29:31,889 - __sender_log__ - INFO: 
Send Packet Info:
	Sender ID: 1
	Receiver ID: 0
	Packet Content: b'Message from 1, number 46'
	Sender Clock:
		Local logical clock:(183, 184, 193)
		Local process vectors:
			<P_0: (178, 178, 191)>
			<P_2: (183, 183, 193)>
---------------------
2021-10-17 11:29:32,324 - __sender_log__ - INFO: 
Send Packet Info:
	Sender ID: 1
	Receiver ID: 2
	Packet Content: b'Message from 1, number 50'
	Sender Clock:
		Local logical clock:(187, 187, 197)
		Local process vectors:
			<P_0: (184, 184, 195)>
			<P_2: (184, 183, 193)>
---------------------
2021-10-17 11:29:32,377 - __sender_log__ - INFO: 
Send Packet Info:
	Sender ID: 1
	Receiver ID: 0
	Packet Content: b'Message from 1, number 47'
	Sender Clock:
		Local logical clock:(187, 188, 197)
		Local process vectors:
			<P_0: (184, 184, 195)>
			<P_2: (187, 187, 197)>
---------------------
2021-10-17 11:29:33,037 - __sender_log__ - INFO: 
Send Packet Info:
	Sender ID: 1
	Receiver ID: 0
	Packet Content: b'Message from 1, number 48'
	Sender Clock:
		Local logical clock:(187, 189, 197)
		Local process vectors:
			<P_0: (187, 188, 197)>
			<P_2: (187, 187, 197)>
---------------------
2021-10-17 11:29:33,055 - __sender_log__ - INFO: 
Send Packet Info:
	Sender ID: 1
	Receiver ID: 2
	Packet Content: b'Message from 1, number 51'
	Sender Clock:
		Local logical clock:(187, 190, 197)
		Local process vectors:
			<P_0: (187, 189, 197)>
			<P_2: (187, 187, 197)>
---------------------
2021-10-17 11:29:33,371 - __sender_log__ - INFO: 
Send Packet Info:
	Sender ID: 1
	Receiver ID: 0
	Packet Content: b'Message from 1, number 49'
	Sender Clock:
		Local logical clock:(187, 192, 199)
		Local process vectors:
			<P_0: (187, 189, 197)>
			<P_2: (187, 190, 197)>
---------------------
2021-10-17 11:29:33,379 - __sender_log__ - INFO: 
Send Packet Info:
	Sender ID: 1
	Receiver ID: 0
	Packet Content: b'Message from 1, number 50'
	Sender Clock:
		Local logical clock:(187, 193, 199)
		Local process vectors:
			<P_0: (187, 192, 199)>
			<P_2: (187, 190, 197)>
---------------------
2021-10-17 11:29:33,518 - __sender_log__ - INFO: 
Send Packet Info:
	Sender ID: 1
	Receiver ID: 0
	Packet Content: b'Message from 1, number 51'
	Sender Clock:
		Local logical clock:(187, 194, 199)
		Local process vectors:
			<P_0: (187, 193, 199)>
			<P_2: (187, 190, 197)>
---------------------
2021-10-17 11:29:33,556 - __sender_log__ - INFO: 
Send Packet Info:
	Sender ID: 1
	Receiver ID: 2
	Packet Content: b'Message from 1, number 52'
	Sender Clock:
		Local logical clock:(187, 195, 199)
		Local process vectors:
			<P_0: (187, 194, 199)>
			<P_2: (187, 190, 197)>
---------------------
2021-10-17 11:29:33,713 - __sender_log__ - INFO: 
Send Packet Info:
	Sender ID: 1
	Receiver ID: 0
	Packet Content: b'Message from 1, number 52'
	Sender Clock:
		Local logical clock:(187, 196, 199)
		Local process vectors:
			<P_0: (187, 194, 199)>
			<P_2: (187, 195, 199)>
---------------------
2021-10-17 11:29:33,787 - __sender_log__ - INFO: 
Send Packet Info:
	Sender ID: 1
	Receiver ID: 2
	Packet Content: b'Message from 1, number 53'
	Sender Clock:
		Local logical clock:(187, 197, 199)
		Local process vectors:
			<P_0: (187, 196, 199)>
			<P_2: (187, 195, 199)>
---------------------
2021-10-17 11:29:34,090 - __sender_log__ - INFO: 
Send Packet Info:
	Sender ID: 1
	Receiver ID: 0
	Packet Content: b'Message from 1, number 53'
	Sender Clock:
		Local logical clock:(187, 198, 199)
		Local process vectors:
			<P_0: (187, 196, 199)>
			<P_2: (187, 197, 199)>
---------------------
2021-10-17 11:29:34,603 - __sender_log__ - INFO: 
Send Packet Info:
	Sender ID: 1
	Receiver ID: 2
	Packet Content: b'Message from 1, number 54'
	Sender Clock:
		Local logical clock:(203, 203, 213)
		Local process vectors:
			<P_0: (197, 198, 209)>
			<P_2: (202, 197, 205)>
---------------------
2021-10-17 11:29:34,829 - __sender_log__ - INFO: 
Send Packet Info:
	Sender ID: 1
	Receiver ID: 2
	Packet Content: b'Message from 1, number 55'
	Sender Clock:
		Local logical clock:(209, 208, 217)
		Local process vectors:
			<P_0: (197, 198, 209)>
			<P_2: (205, 203, 213)>
---------------------
2021-10-17 11:29:34,919 - __sender_log__ - INFO: 
Send Packet Info:
	Sender ID: 1
	Receiver ID: 0
	Packet Content: b'Message from 1, number 54'
	Sender Clock:
		Local logical clock:(209, 209, 217)
		Local process vectors:
			<P_0: (197, 198, 209)>
			<P_2: (209, 208, 217)>
---------------------
2021-10-17 11:29:35,671 - __sender_log__ - INFO: 
Send Packet Info:
	Sender ID: 1
	Receiver ID: 2
	Packet Content: b'Message from 1, number 56'
	Sender Clock:
		Local logical clock:(214, 213, 225)
		Local process vectors:
			<P_0: (213, 209, 224)>
			<P_2: (213, 209, 221)>
---------------------
2021-10-17 11:29:35,672 - __sender_log__ - INFO: 
Send Packet Info:
	Sender ID: 1
	Receiver ID: 0
	Packet Content: b'Message from 1, number 55'
	Sender Clock:
		Local logical clock:(214, 214, 225)
		Local process vectors:
			<P_0: (213, 209, 224)>
			<P_2: (214, 213, 225)>
---------------------
2021-10-17 11:29:35,789 - __sender_log__ - INFO: 
Send Packet Info:
	Sender ID: 1
	Receiver ID: 2
	Packet Content: b'Message from 1, number 57'
	Sender Clock:
		Local logical clock:(214, 215, 225)
		Local process vectors:
			<P_0: (214, 214, 225)>
			<P_2: (214, 213, 225)>
---------------------
2021-10-17 11:29:35,828 - __sender_log__ - INFO: 
Send Packet Info:
	Sender ID: 1
	Receiver ID: 2
	Packet Content: b'Message from 1, number 58'
	Sender Clock:
		Local logical clock:(214, 216, 225)
		Local process vectors:
			<P_0: (214, 214, 225)>
			<P_2: (214, 215, 225)>
---------------------
2021-10-17 11:29:36,143 - __sender_log__ - INFO: 
Send Packet Info:
	Sender ID: 1
	Receiver ID: 0
	Packet Content: b'Message from 1, number 56'
	Sender Clock:
		Local logical clock:(216, 218, 225)
		Local process vectors:
			<P_0: (214, 214, 225)>
			<P_2: (215, 216, 225)>
---------------------
2021-10-17 11:29:36,219 - __sender_log__ - INFO: 
Send Packet Info:
	Sender ID: 1
	Receiver ID: 2
	Packet Content: b'Message from 1, number 59'
	Sender Clock:
		Local logical clock:(216, 220, 230)
		Local process vectors:
			<P_0: (216, 218, 229)>
			<P_2: (215, 216, 225)>
---------------------
2021-10-17 11:29:36,732 - __sender_log__ - INFO: 
Send Packet Info:
	Sender ID: 1
	Receiver ID: 2
	Packet Content: b'Message from 1, number 60'
	Sender Clock:
		Local logical clock:(216, 222, 232)
		Local process vectors:
			<P_0: (216, 218, 229)>
			<P_2: (216, 220, 230)>
---------------------
2021-10-17 11:29:36,837 - __sender_log__ - INFO: 
Send Packet Info:
	Sender ID: 1
	Receiver ID: 2
	Packet Content: b'Message from 1, number 61'
	Sender Clock:
		Local logical clock:(223, 224, 233)
		Local process vectors:
			<P_0: (216, 218, 229)>
			<P_2: (221, 222, 232)>
---------------------
2021-10-17 11:29:36,878 - __sender_log__ - INFO: 
Send Packet Info:
	Sender ID: 1
	Receiver ID: 0
	Packet Content: b'Message from 1, number 57'
	Sender Clock:
		Local logical clock:(223, 225, 233)
		Local process vectors:
			<P_0: (216, 218, 229)>
			<P_2: (223, 224, 233)>
---------------------
2021-10-17 11:29:37,463 - __sender_log__ - INFO: 
Send Packet Info:
	Sender ID: 1
	Receiver ID: 0
	Packet Content: b'Message from 1, number 58'
	Sender Clock:
		Local logical clock:(228, 227, 242)
		Local process vectors:
			<P_0: (224, 225, 240)>
			<P_2: (223, 224, 233)>
---------------------
2021-10-17 11:29:37,477 - __sender_log__ - INFO: 
Send Packet Info:
	Sender ID: 1
	Receiver ID: 2
	Packet Content: b'Message from 1, number 62'
	Sender Clock:
		Local logical clock:(228, 228, 242)
		Local process vectors:
			<P_0: (228, 227, 242)>
			<P_2: (223, 224, 233)>
---------------------
2021-10-17 11:29:37,514 - __sender_log__ - INFO: 
Send Packet Info:
	Sender ID: 1
	Receiver ID: 2
	Packet Content: b'Message from 1, number 63'
	Sender Clock:
		Local logical clock:(228, 229, 242)
		Local process vectors:
			<P_0: (228, 227, 242)>
			<P_2: (228, 228, 242)>
---------------------
2021-10-17 11:29:37,695 - __sender_log__ - INFO: 
Send Packet Info:
	Sender ID: 1
	Receiver ID: 0
	Packet Content: b'Message from 1, number 59'
	Sender Clock:
		Local logical clock:(231, 233, 246)
		Local process vectors:
			<P_0: (228, 227, 242)>
			<P_2: (230, 229, 242)>
---------------------
2021-10-17 11:29:37,861 - __sender_log__ - INFO: 
Send Packet Info:
	Sender ID: 1
	Receiver ID: 2
	Packet Content: b'Message from 1, number 64'
	Sender Clock:
		Local logical clock:(231, 234, 246)
		Local process vectors:
			<P_0: (231, 233, 246)>
			<P_2: (230, 229, 242)>
---------------------
2021-10-17 11:29:37,980 - __sender_log__ - INFO: 
Send Packet Info:
	Sender ID: 1
	Receiver ID: 0
	Packet Content: b'Message from 1, number 60'
	Sender Clock:
		Local logical clock:(231, 235, 246)
		Local process vectors:
			<P_0: (231, 233, 246)>
			<P_2: (231, 234, 246)>
---------------------
2021-10-17 11:29:38,279 - __sender_log__ - INFO: 
Send Packet Info:
	Sender ID: 1
	Receiver ID: 2
	Packet Content: b'Message from 1, number 65'
	Sender Clock:
		Local logical clock:(231, 236, 246)
		Local process vectors:
			<P_0: (231, 235, 246)>
			<P_2: (231, 234, 246)>
---------------------
2021-10-17 11:29:38,304 - __sender_log__ - INFO: 
Send Packet Info:
	Sender ID: 1
	Receiver ID: 0
	Packet Content: b'Message from 1, number 61'
	Sender Clock:
		Local logical clock:(231, 237, 246)
		Local process vectors:
			<P_0: (231, 235, 246)>
			<P_2: (231, 236, 246)>
---------------------
2021-10-17 11:29:38,328 - __sender_log__ - INFO: 
Send Packet Info:
	Sender ID: 1
	Receiver ID: 2
	Packet Content: b'Message from 1, number 66'
	Sender Clock:
		Local logical clock:(231, 238, 246)
		Local process vectors:
			<P_0: (231, 237, 246)>
			<P_2: (231, 236, 246)>
---------------------
2021-10-17 11:29:38,505 - __sender_log__ - INFO: 
Send Packet Info:
	Sender ID: 1
	Receiver ID: 2
	Packet Content: b'Message from 1, number 67'
	Sender Clock:
		Local logical clock:(231, 239, 246)
		Local process vectors:
			<P_0: (231, 237, 246)>
			<P_2: (231, 238, 246)>
---------------------
2021-10-17 11:29:38,615 - __sender_log__ - INFO: 
Send Packet Info:
	Sender ID: 1
	Receiver ID: 0
	Packet Content: b'Message from 1, number 62'
	Sender Clock:
		Local logical clock:(240, 242, 255)
		Local process vectors:
			<P_0: (231, 237, 250)>
			<P_2: (239, 239, 250)>
---------------------
2021-10-17 11:29:39,415 - __sender_log__ - INFO: 
Send Packet Info:
	Sender ID: 1
	Receiver ID: 2
	Packet Content: b'Message from 1, number 68'
	Sender Clock:
		Local logical clock:(242, 245, 256)
		Local process vectors:
			<P_0: (240, 242, 255)>
			<P_2: (239, 239, 250)>
---------------------
2021-10-17 11:29:39,468 - __sender_log__ - INFO: 
Send Packet Info:
	Sender ID: 1
	Receiver ID: 0
	Packet Content: b'Message from 1, number 63'
	Sender Clock:
		Local logical clock:(242, 246, 256)
		Local process vectors:
			<P_0: (240, 242, 255)>
			<P_2: (242, 245, 256)>
---------------------
2021-10-17 11:29:39,749 - __sender_log__ - INFO: 
Send Packet Info:
	Sender ID: 1
	Receiver ID: 0
	Packet Content: b'Message from 1, number 64'
	Sender Clock:
		Local logical clock:(246, 248, 257)
		Local process vectors:
			<P_0: (242, 246, 256)>
			<P_2: (244, 245, 257)>
---------------------
2021-10-17 11:29:39,859 - __sender_log__ - INFO: 
Send Packet Info:
	Sender ID: 1
	Receiver ID: 2
	Packet Content: b'Message from 1, number 69'
	Sender Clock:
		Local logical clock:(246, 249, 257)
		Local process vectors:
			<P_0: (246, 248, 257)>
			<P_2: (244, 245, 257)>
---------------------
2021-10-17 11:29:40,620 - __sender_log__ - INFO: 
Send Packet Info:
	Sender ID: 1
	Receiver ID: 2
	Packet Content: b'Message from 1, number 70'
	Sender Clock:
		Local logical clock:(252, 255, 268)
		Local process vectors:
			<P_0: (246, 249, 266)>
			<P_2: (250, 249, 266)>
---------------------
2021-10-17 11:29:40,689 - __sender_log__ - INFO: 
Send Packet Info:
	Sender ID: 1
	Receiver ID: 0
	Packet Content: b'Message from 1, number 65'
	Sender Clock:
		Local logical clock:(252, 256, 268)
		Local process vectors:
			<P_0: (246, 249, 266)>
			<P_2: (252, 255, 268)>
---------------------
2021-10-17 11:29:40,734 - __sender_log__ - INFO: 
Send Packet Info:
	Sender ID: 1
	Receiver ID: 0
	Packet Content: b'Message from 1, number 66'
	Sender Clock:
		Local logical clock:(252, 257, 268)
		Local process vectors:
			<P_0: (252, 256, 268)>
			<P_2: (252, 255, 268)>
---------------------
2021-10-17 11:29:40,785 - __sender_log__ - INFO: 
Send Packet Info:
	Sender ID: 1
	Receiver ID: 2
	Packet Content: b'Message from 1, number 71'
	Sender Clock:
		Local logical clock:(252, 258, 268)
		Local process vectors:
			<P_0: (252, 257, 268)>
			<P_2: (252, 255, 268)>
---------------------
2021-10-17 11:29:41,270 - __sender_log__ - INFO: 
Send Packet Info:
	Sender ID: 1
	Receiver ID: 0
	Packet Content: b'Message from 1, number 67'
	Sender Clock:
		Local logical clock:(258, 262, 273)
		Local process vectors:
			<P_0: (252, 257, 268)>
			<P_2: (255, 258, 268)>
---------------------
2021-10-17 11:29:41,290 - __sender_log__ - INFO: 
Send Packet Info:
	Sender ID: 1
	Receiver ID: 0
	Packet Content: b'Message from 1, number 68'
	Sender Clock:
		Local logical clock:(258, 263, 273)
		Local process vectors:
			<P_0: (258, 262, 273)>
			<P_2: (255, 258, 268)>
---------------------
2021-10-17 11:29:41,450 - __sender_log__ - INFO: 
Send Packet Info:
	Sender ID: 1
	Receiver ID: 2
	Packet Content: b'Message from 1, number 72'
	Sender Clock:
		Local logical clock:(258, 264, 273)
		Local process vectors:
			<P_0: (258, 263, 273)>
			<P_2: (255, 258, 268)>
---------------------
2021-10-17 11:29:41,680 - __sender_log__ - INFO: 
Send Packet Info:
	Sender ID: 1
	Receiver ID: 0
	Packet Content: b'Message from 1, number 69'
	Sender Clock:
		Local logical clock:(258, 265, 273)
		Local process vectors:
			<P_0: (258, 263, 273)>
			<P_2: (258, 264, 273)>
---------------------
2021-10-17 11:29:41,813 - __sender_log__ - INFO: 
Send Packet Info:
	Sender ID: 1
	Receiver ID: 0
	Packet Content: b'Message from 1, number 70'
	Sender Clock:
		Local logical clock:(265, 269, 278)
		Local process vectors:
			<P_0: (262, 265, 277)>
			<P_2: (262, 264, 274)>
---------------------
2021-10-17 11:29:42,005 - __sender_log__ - INFO: 
Send Packet Info:
	Sender ID: 1
	Receiver ID: 2
	Packet Content: b'Message from 1, number 73'
	Sender Clock:
		Local logical clock:(265, 270, 278)
		Local process vectors:
			<P_0: (265, 269, 278)>
			<P_2: (262, 264, 274)>
---------------------
2021-10-17 11:29:42,143 - __sender_log__ - INFO: 
Send Packet Info:
	Sender ID: 1
	Receiver ID: 2
	Packet Content: b'Message from 1, number 74'
	Sender Clock:
		Local logical clock:(268, 272, 278)
		Local process vectors:
			<P_0: (265, 269, 278)>
			<P_2: (267, 270, 278)>
---------------------
2021-10-17 11:29:42,495 - __sender_log__ - INFO: 
Send Packet Info:
	Sender ID: 1
	Receiver ID: 2
	Packet Content: b'Message from 1, number 75'
	Sender Clock:
		Local logical clock:(268, 273, 278)
		Local process vectors:
			<P_0: (265, 269, 278)>
			<P_2: (268, 272, 278)>
---------------------
2021-10-17 11:29:42,557 - __sender_log__ - INFO: 
Send Packet Info:
	Sender ID: 1
	Receiver ID: 0
	Packet Content: b'Message from 1, number 71'
	Sender Clock:
		Local logical clock:(268, 274, 278)
		Local process vectors:
			<P_0: (265, 269, 278)>
			<P_2: (268, 273, 278)>
---------------------
2021-10-17 11:29:42,984 - __sender_log__ - INFO: 
Send Packet Info:
	Sender ID: 1
	Receiver ID: 0
	Packet Content: b'Message from 1, number 72'
	Sender Clock:
		Local logical clock:(270, 278, 287)
		Local process vectors:
			<P_0: (268, 274, 283)>
			<P_2: (269, 273, 278)>
---------------------
2021-10-17 11:29:43,155 - __sender_log__ - INFO: 
Send Packet Info:
	Sender ID: 1
	Receiver ID: 2
	Packet Content: b'Message from 1, number 76'
	Sender Clock:
		Local logical clock:(270, 279, 287)
		Local process vectors:
			<P_0: (270, 278, 287)>
			<P_2: (269, 273, 278)>
---------------------
2021-10-17 11:29:43,197 - __sender_log__ - INFO: 
Send Packet Info:
	Sender ID: 1
	Receiver ID: 0
	Packet Content: b'Message from 1, number 73'
	Sender Clock:
		Local logical clock:(270, 280, 287)
		Local process vectors:
			<P_0: (270, 278, 287)>
			<P_2: (270, 279, 287)>
---------------------
2021-10-17 11:29:43,845 - __sender_log__ - INFO: 
Send Packet Info:
	Sender ID: 1
	Receiver ID: 2
	Packet Content: b'Message from 1, number 77'
	Sender Clock:
		Local logical clock:(278, 282, 294)
		Local process vectors:
			<P_0: (278, 280, 293)>
			<P_2: (270, 279, 287)>
---------------------
2021-10-17 11:29:43,999 - __sender_log__ - INFO: 
Send Packet Info:
	Sender ID: 1
	Receiver ID: 0
	Packet Content: b'Message from 1, number 74'
	Sender Clock:
		Local logical clock:(278, 283, 294)
		Local process vectors:
			<P_0: (278, 280, 293)>
			<P_2: (278, 282, 294)>
---------------------
2021-10-17 11:29:44,210 - __sender_log__ - INFO: 
Send Packet Info:
	Sender ID: 1
	Receiver ID: 2
	Packet Content: b'Message from 1, number 78'
	Sender Clock:
		Local logical clock:(278, 284, 294)
		Local process vectors:
			<P_0: (278, 283, 294)>
			<P_2: (278, 282, 294)>
---------------------
2021-10-17 11:29:44,675 - __sender_log__ - INFO: 
Send Packet Info:
	Sender ID: 1
	Receiver ID: 2
	Packet Content: b'Message from 1, number 79'
	Sender Clock:
		Local logical clock:(281, 286, 294)
		Local process vectors:
			<P_0: (278, 283, 294)>
			<P_2: (278, 284, 294)>
---------------------
2021-10-17 11:29:44,789 - __sender_log__ - INFO: 
Send Packet Info:
	Sender ID: 1
	Receiver ID: 0
	Packet Content: b'Message from 1, number 75'
	Sender Clock:
		Local logical clock:(288, 290, 303)
		Local process vectors:
			<P_0: (285, 284, 301)>
			<P_2: (285, 286, 296)>
---------------------
2021-10-17 11:29:45,086 - __sender_log__ - INFO: 
Send Packet Info:
	Sender ID: 1
	Receiver ID: 2
	Packet Content: b'Message from 1, number 80'
	Sender Clock:
		Local logical clock:(288, 293, 305)
		Local process vectors:
			<P_0: (288, 290, 303)>
			<P_2: (285, 286, 296)>
---------------------
2021-10-17 11:29:45,227 - __sender_log__ - INFO: 
Send Packet Info:
	Sender ID: 1
	Receiver ID: 0
	Packet Content: b'Message from 1, number 76'
	Sender Clock:
		Local logical clock:(291, 295, 305)
		Local process vectors:
			<P_0: (288, 290, 303)>
			<P_2: (290, 293, 305)>
---------------------
2021-10-17 11:29:45,965 - __sender_log__ - INFO: 
Send Packet Info:
	Sender ID: 1
	Receiver ID: 0
	Packet Content: b'Message from 1, number 77'
	Sender Clock:
		Local logical clock:(291, 298, 311)
		Local process vectors:
			<P_0: (291, 295, 310)>
			<P_2: (290, 293, 305)>
---------------------
2021-10-17 11:29:46,051 - __sender_log__ - INFO: 
Send Packet Info:
	Sender ID: 1
	Receiver ID: 2
	Packet Content: b'Message from 1, number 81'
	Sender Clock:
		Local logical clock:(297, 300, 312)
		Local process vectors:
			<P_0: (291, 298, 311)>
			<P_2: (295, 293, 312)>
---------------------
2021-10-17 11:29:46,619 - __sender_log__ - INFO: 
Send Packet Info:
	Sender ID: 1
	Receiver ID: 0
	Packet Content: b'Message from 1, number 78'
	Sender Clock:
		Local logical clock:(297, 301, 312)
		Local process vectors:
			<P_0: (291, 298, 311)>
			<P_2: (297, 300, 312)>
---------------------
2021-10-17 11:29:46,915 - __sender_log__ - INFO: 
Send Packet Info:
	Sender ID: 1
	Receiver ID: 2
	Packet Content: b'Message from 1, number 82'
	Sender Clock:
		Local logical clock:(297, 302, 312)
		Local process vectors:
			<P_0: (297, 301, 312)>
			<P_2: (297, 300, 312)>
---------------------
2021-10-17 11:29:47,407 - __sender_log__ - INFO: 
Send Packet Info:
	Sender ID: 1
	Receiver ID: 2
	Packet Content: b'Message from 1, number 83'
	Sender Clock:
		Local logical clock:(299, 304, 318)
		Local process vectors:
			<P_0: (298, 301, 316)>
			<P_2: (297, 302, 312)>
---------------------
2021-10-17 11:29:47,559 - __sender_log__ - INFO: 
Send Packet Info:
	Sender ID: 1
	Receiver ID: 0
	Packet Content: b'Message from 1, number 79'
	Sender Clock:
		Local logical clock:(299, 305, 318)
		Local process vectors:
			<P_0: (298, 301, 316)>
			<P_2: (299, 304, 318)>
---------------------
2021-10-17 11:29:47,638 - __sender_log__ - INFO: 
Send Packet Info:
	Sender ID: 1
	Receiver ID: 2
	Packet Content: b'Message from 1, number 84'
	Sender Clock:
		Local logical clock:(299, 306, 318)
		Local process vectors:
			<P_0: (299, 305, 318)>
			<P_2: (299, 304, 318)>
---------------------
2021-10-17 11:29:48,285 - __sender_log__ - INFO: 
Send Packet Info:
	Sender ID: 1
	Receiver ID: 2
	Packet Content: b'Message from 1, number 85'
	Sender Clock:
		Local logical clock:(312, 314, 328)
		Local process vectors:
			<P_0: (307, 305, 324)>
			<P_2: (311, 306, 324)>
---------------------
2021-10-17 11:29:48,514 - __sender_log__ - INFO: 
Send Packet Info:
	Sender ID: 1
	Receiver ID: 0
	Packet Content: b'Message from 1, number 80'
	Sender Clock:
		Local logical clock:(313, 317, 331)
		Local process vectors:
			<P_0: (307, 305, 324)>
			<P_2: (312, 314, 328)>
---------------------
2021-10-17 11:29:49,074 - __sender_log__ - INFO: 
Send Packet Info:
	Sender ID: 1
	Receiver ID: 2
	Packet Content: b'Message from 1, number 86'
	Sender Clock:
		Local logical clock:(319, 321, 332)
		Local process vectors:
			<P_0: (313, 317, 331)>
			<P_2: (318, 317, 332)>
---------------------
2021-10-17 11:29:49,111 - __sender_log__ - INFO: 
Send Packet Info:
	Sender ID: 1
	Receiver ID: 0
	Packet Content: b'Message from 1, number 81'
	Sender Clock:
		Local logical clock:(319, 322, 332)
		Local process vectors:
			<P_0: (313, 317, 331)>
			<P_2: (319, 321, 332)>
---------------------
2021-10-17 11:29:49,961 - __sender_log__ - INFO: 
Send Packet Info:
	Sender ID: 1
	Receiver ID: 2
	Packet Content: b'Message from 1, number 87'
	Sender Clock:
		Local logical clock:(323, 325, 337)
		Local process vectors:
			<P_0: (319, 322, 332)>
			<P_2: (321, 321, 332)>
---------------------
2021-10-17 11:29:50,074 - __sender_log__ - INFO: 
Send Packet Info:
	Sender ID: 1
	Receiver ID: 0
	Packet Content: b'Message from 1, number 82'
	Sender Clock:
		Local logical clock:(323, 326, 337)
		Local process vectors:
			<P_0: (319, 322, 332)>
			<P_2: (323, 325, 337)>
---------------------
2021-10-17 11:29:50,397 - __sender_log__ - INFO: 
Send Packet Info:
	Sender ID: 1
	Receiver ID: 2
	Packet Content: b'Message from 1, number 88'
	Sender Clock:
		Local logical clock:(325, 329, 342)
		Local process vectors:
			<P_0: (323, 326, 340)>
			<P_2: (324, 325, 337)>
---------------------
2021-10-17 11:29:50,559 - __sender_log__ - INFO: 
Send Packet Info:
	Sender ID: 1
	Receiver ID: 0
	Packet Content: b'Message from 1, number 83'
	Sender Clock:
		Local logical clock:(325, 330, 342)
		Local process vectors:
			<P_0: (323, 326, 340)>
			<P_2: (325, 329, 342)>
---------------------
2021-10-17 11:29:50,763 - __sender_log__ - INFO: 
Send Packet Info:
	Sender ID: 1
	Receiver ID: 2
	Packet Content: b'Message from 1, number 89'
	Sender Clock:
		Local logical clock:(325, 332, 343)
		Local process vectors:
			<P_0: (325, 330, 342)>
			<P_2: (325, 329, 342)>
---------------------
2021-10-17 11:29:51,242 - __sender_log__ - INFO: 
Send Packet Info:
	Sender ID: 1
	Receiver ID: 0
	Packet Content: b'Message from 1, number 84'
	Sender Clock:
		Local logical clock:(335, 334, 350)
		Local process vectors:
			<P_0: (325, 330, 342)>
			<P_2: (328, 332, 343)>
---------------------
2021-10-17 11:29:51,275 - __sender_log__ - INFO: 
Send Packet Info:
	Sender ID: 1
	Receiver ID: 2
	Packet Content: b'Message from 1, number 90'
	Sender Clock:
		Local logical clock:(335, 335, 350)
		Local process vectors:
			<P_0: (335, 334, 350)>
			<P_2: (328, 332, 343)>
---------------------
2021-10-17 11:29:51,454 - __sender_log__ - INFO: 
Send Packet Info:
	Sender ID: 1
	Receiver ID: 2
	Packet Content: b'Message from 1, number 91'
	Sender Clock:
		Local logical clock:(335, 337, 353)
		Local process vectors:
			<P_0: (335, 334, 351)>
			<P_2: (335, 335, 350)>
---------------------
2021-10-17 11:29:51,805 - __sender_log__ - INFO: 
Send Packet Info:
	Sender ID: 1
	Receiver ID: 0
	Packet Content: b'Message from 1, number 85'
	Sender Clock:
		Local logical clock:(339, 340, 357)
		Local process vectors:
			<P_0: (335, 337, 356)>
			<P_2: (335, 337, 353)>
---------------------
2021-10-17 11:29:51,872 - __sender_log__ - INFO: 
Send Packet Info:
	Sender ID: 1
	Receiver ID: 0
	Packet Content: b'Message from 1, number 86'
	Sender Clock:
		Local logical clock:(339, 341, 357)
		Local process vectors:
			<P_0: (339, 340, 357)>
			<P_2: (335, 337, 353)>
---------------------
2021-10-17 11:29:51,892 - __sender_log__ - INFO: 
Send Packet Info:
	Sender ID: 1
	Receiver ID: 2
	Packet Content: b'Message from 1, number 92'
	Sender Clock:
		Local logical clock:(339, 342, 357)
		Local process vectors:
			<P_0: (339, 341, 357)>
			<P_2: (335, 337, 353)>
---------------------
2021-10-17 11:29:52,000 - __sender_log__ - INFO: 
Send Packet Info:
	Sender ID: 1
	Receiver ID: 0
	Packet Content: b'Message from 1, number 87'
	Sender Clock:
		Local logical clock:(339, 343, 357)
		Local process vectors:
			<P_0: (339, 341, 357)>
			<P_2: (339, 342, 357)>
---------------------
2021-10-17 11:29:52,026 - __sender_log__ - INFO: 
Send Packet Info:
	Sender ID: 1
	Receiver ID: 0
	Packet Content: b'Message from 1, number 88'
	Sender Clock:
		Local logical clock:(339, 344, 357)
		Local process vectors:
			<P_0: (339, 343, 357)>
			<P_2: (339, 342, 357)>
---------------------
2021-10-17 11:29:52,228 - __sender_log__ - INFO: 
Send Packet Info:
	Sender ID: 1
	Receiver ID: 2
	Packet Content: b'Message from 1, number 93'
	Sender Clock:
		Local logical clock:(339, 345, 357)
		Local process vectors:
			<P_0: (339, 344, 357)>
			<P_2: (339, 342, 357)>
---------------------
2021-10-17 11:29:52,379 - __sender_log__ - INFO: 
Send Packet Info:
	Sender ID: 1
	Receiver ID: 0
	Packet Content: b'Message from 1, number 89'
	Sender Clock:
		Local logical clock:(339, 346, 357)
		Local process vectors:
			<P_0: (339, 344, 357)>
			<P_2: (339, 345, 357)>
---------------------
2021-10-17 11:29:53,088 - __sender_log__ - INFO: 
Send Packet Info:
	Sender ID: 1
	Receiver ID: 2
	Packet Content: b'Message from 1, number 94'
	Sender Clock:
		Local logical clock:(348, 348, 357)
		Local process vectors:
			<P_0: (339, 346, 357)>
			<P_2: (346, 345, 357)>
---------------------
2021-10-17 11:29:53,299 - __sender_log__ - INFO: 
Send Packet Info:
	Sender ID: 1
	Receiver ID: 0
	Packet Content: b'Message from 1, number 90'
	Sender Clock:
		Local logical clock:(348, 349, 357)
		Local process vectors:
			<P_0: (339, 346, 357)>
			<P_2: (348, 348, 357)>
---------------------
2021-10-17 11:29:54,060 - __sender_log__ - INFO: 
Send Packet Info:
	Sender ID: 1
	Receiver ID: 2
	Packet Content: b'Message from 1, number 95'
	Sender Clock:
		Local logical clock:(362, 359, 375)
		Local process vectors:
			<P_0: (350, 349, 369)>
			<P_2: (359, 349, 369)>
---------------------
2021-10-17 11:29:54,105 - __sender_log__ - INFO: 
Send Packet Info:
	Sender ID: 1
	Receiver ID: 2
	Packet Content: b'Message from 1, number 96'
	Sender Clock:
		Local logical clock:(362, 361, 376)
		Local process vectors:
			<P_0: (350, 349, 369)>
			<P_2: (362, 359, 375)>
---------------------
2021-10-17 11:29:54,231 - __sender_log__ - INFO: 
Send Packet Info:
	Sender ID: 1
	Receiver ID: 0
	Packet Content: b'Message from 1, number 91'
	Sender Clock:
		Local logical clock:(365, 363, 378)
		Local process vectors:
			<P_0: (350, 349, 369)>
			<P_2: (364, 361, 378)>
---------------------
2021-10-17 11:29:54,620 - __sender_log__ - INFO: 
Send Packet Info:
	Sender ID: 1
	Receiver ID: 2
	Packet Content: b'Message from 1, number 97'
	Sender Clock:
		Local logical clock:(367, 367, 383)
		Local process vectors:
			<P_0: (365, 363, 378)>
			<P_2: (364, 361, 378)>
---------------------
2021-10-17 11:29:54,673 - __sender_log__ - INFO: 
Send Packet Info:
	Sender ID: 1
	Receiver ID: 0
	Packet Content: b'Message from 1, number 92'
	Sender Clock:
		Local logical clock:(367, 368, 383)
		Local process vectors:
			<P_0: (365, 363, 378)>
			<P_2: (367, 367, 383)>
---------------------
2021-10-17 11:29:54,896 - __sender_log__ - INFO: 
Send Packet Info:
	Sender ID: 1
	Receiver ID: 2
	Packet Content: b'Message from 1, number 98'
	Sender Clock:
		Local logical clock:(367, 370, 385)
		Local process vectors:
			<P_0: (367, 368, 383)>
			<P_2: (367, 367, 383)>
---------------------
2021-10-17 11:29:55,530 - __sender_log__ - INFO: 
Send Packet Info:
	Sender ID: 1
	Receiver ID: 0
	Packet Content: b'Message from 1, number 93'
	Sender Clock:
		Local logical clock:(372, 373, 388)
		Local process vectors:
			<P_0: (367, 368, 383)>
			<P_2: (369, 370, 385)>
---------------------
2021-10-17 11:29:55,698 - __sender_log__ - INFO: 
Send Packet Info:
	Sender ID: 1
	Receiver ID: 2
	Packet Content: b'Message from 1, number 99'
	Sender Clock:
		Local logical clock:(373, 375, 390)
		Local process vectors:
			<P_0: (372, 373, 388)>
			<P_2: (369, 370, 385)>
---------------------
2021-10-17 11:29:56,103 - __sender_log__ - INFO: 
Send Packet Info:
	Sender ID: 1
	Receiver ID: 0
	Packet Content: b'Message from 1, number 94'
	Sender Clock:
		Local logical clock:(379, 377, 393)
		Local process vectors:
			<P_0: (372, 373, 388)>
			<P_2: (377, 375, 390)>
---------------------
2021-10-17 11:29:56,177 - __sender_log__ - INFO: 
Send Packet Info:
	Sender ID: 1
	Receiver ID: 2
	Packet Content: b'Message from 1, number 100'
	Sender Clock:
		Local logical clock:(379, 378, 393)
		Local process vectors:
			<P_0: (379, 377, 393)>
			<P_2: (377, 375, 390)>
---------------------
2021-10-17 11:29:57,027 - __sender_log__ - INFO: 
Send Packet Info:
	Sender ID: 1
	Receiver ID: 0
	Packet Content: b'Message from 1, number 95'
	Sender Clock:
		Local logical clock:(385, 383, 401)
		Local process vectors:
			<P_0: (380, 378, 399)>
			<P_2: (384, 378, 398)>
---------------------
2021-10-17 11:29:57,159 - __sender_log__ - INFO: 
Send Packet Info:
	Sender ID: 1
	Receiver ID: 2
	Packet Content: b'Message from 1, number 101'
	Sender Clock:
		Local logical clock:(385, 384, 401)
		Local process vectors:
			<P_0: (385, 383, 401)>
			<P_2: (384, 378, 398)>
---------------------
2021-10-17 11:29:57,341 - __sender_log__ - INFO: 
Send Packet Info:
	Sender ID: 1
	Receiver ID: 0
	Packet Content: b'Message from 1, number 96'
	Sender Clock:
		Local logical clock:(385, 385, 401)
		Local process vectors:
			<P_0: (385, 383, 401)>
			<P_2: (385, 384, 401)>
---------------------
2021-10-17 11:29:57,526 - __sender_log__ - INFO: 
Send Packet Info:
	Sender ID: 1
	Receiver ID: 2
	Packet Content: b'Message from 1, number 102'
	Sender Clock:
		Local logical clock:(385, 387, 405)
		Local process vectors:
			<P_0: (385, 385, 404)>
			<P_2: (385, 384, 401)>
---------------------
2021-10-17 11:29:58,004 - __sender_log__ - INFO: 
Send Packet Info:
	Sender ID: 1
	Receiver ID: 0
	Packet Content: b'Message from 1, number 97'
	Sender Clock:
		Local logical clock:(392, 390, 409)
		Local process vectors:
			<P_0: (385, 385, 404)>
			<P_2: (390, 387, 405)>
---------------------
2021-10-17 11:29:58,045 - __sender_log__ - INFO: 
Send Packet Info:
	Sender ID: 1
	Receiver ID: 2
	Packet Content: b'Message from 1, number 103'
	Sender Clock:
		Local logical clock:(392, 391, 409)
		Local process vectors:
			<P_0: (392, 390, 409)>
			<P_2: (390, 387, 405)>
---------------------
2021-10-17 11:29:58,231 - __sender_log__ - INFO: 
Send Packet Info:
	Sender ID: 1
	Receiver ID: 0
	Packet Content: b'Message from 1, number 98'
	Sender Clock:
		Local logical clock:(392, 392, 409)
		Local process vectors:
			<P_0: (392, 390, 409)>
			<P_2: (392, 391, 409)>
---------------------
2021-10-17 11:29:58,482 - __sender_log__ - INFO: 
Send Packet Info:
	Sender ID: 1
	Receiver ID: 2
	Packet Content: b'Message from 1, number 104'
	Sender Clock:
		Local logical clock:(392, 393, 409)
		Local process vectors:
			<P_0: (392, 392, 409)>
			<P_2: (392, 391, 409)>
---------------------
2021-10-17 11:29:58,626 - __sender_log__ - INFO: 
Send Packet Info:
	Sender ID: 1
	Receiver ID: 0
	Packet Content: b'Message from 1, number 99'
	Sender Clock:
		Local logical clock:(392, 395, 413)
		Local process vectors:
			<P_0: (392, 392, 412)>
			<P_2: (392, 393, 409)>
---------------------
2021-10-17 11:29:59,235 - __sender_log__ - INFO: 
Send Packet Info:
	Sender ID: 1
	Receiver ID: 2
	Packet Content: b'Message from 1, number 105'
	Sender Clock:
		Local logical clock:(401, 399, 417)
		Local process vectors:
			<P_0: (393, 395, 416)>
			<P_2: (399, 395, 413)>
---------------------
2021-10-17 11:29:59,367 - __sender_log__ - INFO: 
Send Packet Info:
	Sender ID: 1
	Receiver ID: 0
	Packet Content: b'Message from 1, number 100'
	Sender Clock:
		Local logical clock:(401, 400, 417)
		Local process vectors:
			<P_0: (393, 395, 416)>
			<P_2: (401, 399, 417)>
---------------------
2021-10-17 11:29:59,705 - __sender_log__ - INFO: 
Send Packet Info:
	Sender ID: 1
	Receiver ID: 2
	Packet Content: b'Message from 1, number 106'
	Sender Clock:
		Local logical clock:(405, 402, 420)
		Local process vectors:
			<P_0: (401, 400, 417)>
			<P_2: (401, 399, 417)>
---------------------
2021-10-17 11:30:00,191 - __sender_log__ - INFO: 
Send Packet Info:
	Sender ID: 1
	Receiver ID: 0
	Packet Content: b'Message from 1, number 101'
	Sender Clock:
		Local logical clock:(405, 404, 421)
		Local process vectors:
			<P_0: (401, 400, 420)>
			<P_2: (405, 402, 420)>
---------------------
2021-10-17 11:30:00,519 - __sender_log__ - INFO: 
Send Packet Info:
	Sender ID: 1
	Receiver ID: 2
	Packet Content: b'Message from 1, number 107'
	Sender Clock:
		Local logical clock:(410, 408, 428)
		Local process vectors:
			<P_0: (408, 404, 427)>
			<P_2: (408, 402, 425)>
---------------------
2021-10-17 11:30:00,591 - __sender_log__ - INFO: 
Send Packet Info:
	Sender ID: 1
	Receiver ID: 0
	Packet Content: b'Message from 1, number 102'
	Sender Clock:
		Local logical clock:(410, 409, 428)
		Local process vectors:
			<P_0: (408, 404, 427)>
			<P_2: (410, 408, 428)>
---------------------
2021-10-17 11:30:01,332 - __sender_log__ - INFO: 
Send Packet Info:
	Sender ID: 1
	Receiver ID: 2
	Packet Content: b'Message from 1, number 108'
	Sender Clock:
		Local logical clock:(415, 411, 428)
		Local process vectors:
			<P_0: (410, 409, 428)>
			<P_2: (414, 409, 428)>
---------------------
2021-10-17 11:30:01,339 - __sender_log__ - INFO: 
Send Packet Info:
	Sender ID: 1
	Receiver ID: 0
	Packet Content: b'Message from 1, number 103'
	Sender Clock:
		Local logical clock:(415, 412, 428)
		Local process vectors:
			<P_0: (410, 409, 428)>
			<P_2: (415, 411, 428)>
---------------------
2021-10-17 11:30:01,737 - __sender_log__ - INFO: 
Send Packet Info:
	Sender ID: 1
	Receiver ID: 0
	Packet Content: b'Message from 1, number 104'
	Sender Clock:
		Local logical clock:(415, 413, 428)
		Local process vectors:
			<P_0: (415, 412, 428)>
			<P_2: (415, 411, 428)>
---------------------
2021-10-17 11:30:01,998 - __sender_log__ - INFO: 
Send Packet Info:
	Sender ID: 1
	Receiver ID: 2
	Packet Content: b'Message from 1, number 109'
	Sender Clock:
		Local logical clock:(415, 415, 430)
		Local process vectors:
			<P_0: (415, 413, 428)>
			<P_2: (415, 411, 428)>
---------------------
2021-10-17 11:30:02,087 - __sender_log__ - INFO: 
Send Packet Info:
	Sender ID: 1
	Receiver ID: 0
	Packet Content: b'Message from 1, number 105'
	Sender Clock:
		Local logical clock:(423, 421, 438)
		Local process vectors:
			<P_0: (421, 413, 437)>
			<P_2: (421, 415, 432)>
---------------------
2021-10-17 11:30:02,504 - __sender_log__ - INFO: 
Send Packet Info:
	Sender ID: 1
	Receiver ID: 0
	Packet Content: b'Message from 1, number 106'
	Sender Clock:
		Local logical clock:(423, 422, 438)
		Local process vectors:
			<P_0: (423, 421, 438)>
			<P_2: (421, 415, 432)>
---------------------
2021-10-17 11:30:02,774 - __sender_log__ - INFO: 
Send Packet Info:
	Sender ID: 1
	Receiver ID: 2
	Packet Content: b'Message from 1, number 110'
	Sender Clock:
		Local logical clock:(423, 423, 438)
		Local process vectors:
			<P_0: (423, 422, 438)>
			<P_2: (421, 415, 432)>
---------------------
2021-10-17 11:30:03,019 - __sender_log__ - INFO: 
Send Packet Info:
	Sender ID: 1
	Receiver ID: 0
	Packet Content: b'Message from 1, number 107'
	Sender Clock:
		Local logical clock:(427, 425, 441)
		Local process vectors:
			<P_0: (423, 422, 438)>
			<P_2: (424, 423, 438)>
---------------------
2021-10-17 11:30:03,176 - __sender_log__ - INFO: 
Send Packet Info:
	Sender ID: 1
	Receiver ID: 0
	Packet Content: b'Message from 1, number 108'
	Sender Clock:
		Local logical clock:(427, 426, 441)
		Local process vectors:
			<P_0: (427, 425, 441)>
			<P_2: (424, 423, 438)>
---------------------
2021-10-17 11:30:03,230 - __sender_log__ - INFO: 
Send Packet Info:
	Sender ID: 1
	Receiver ID: 0
	Packet Content: b'Message from 1, number 109'
	Sender Clock:
		Local logical clock:(427, 427, 441)
		Local process vectors:
			<P_0: (427, 426, 441)>
			<P_2: (424, 423, 438)>
---------------------
2021-10-17 11:30:03,366 - __sender_log__ - INFO: 
Send Packet Info:
	Sender ID: 1
	Receiver ID: 2
	Packet Content: b'Message from 1, number 111'
	Sender Clock:
		Local logical clock:(427, 428, 441)
		Local process vectors:
			<P_0: (427, 427, 441)>
			<P_2: (424, 423, 438)>
---------------------
2021-10-17 11:30:03,497 - __sender_log__ - INFO: 
Send Packet Info:
	Sender ID: 1
	Receiver ID: 0
	Packet Content: b'Message from 1, number 110'
	Sender Clock:
		Local logical clock:(427, 430, 442)
		Local process vectors:
			<P_0: (427, 427, 441)>
			<P_2: (427, 428, 441)>
---------------------
2021-10-17 11:30:03,840 - __sender_log__ - INFO: 
Send Packet Info:
	Sender ID: 1
	Receiver ID: 2
	Packet Content: b'Message from 1, number 112'
	Sender Clock:
		Local logical clock:(427, 431, 442)
		Local process vectors:
			<P_0: (427, 430, 442)>
			<P_2: (427, 428, 441)>
---------------------
2021-10-17 11:30:03,869 - __sender_log__ - INFO: 
Send Packet Info:
	Sender ID: 1
	Receiver ID: 0
	Packet Content: b'Message from 1, number 111'
	Sender Clock:
		Local logical clock:(427, 432, 442)
		Local process vectors:
			<P_0: (427, 430, 442)>
			<P_2: (427, 431, 442)>
---------------------
2021-10-17 11:30:03,933 - __sender_log__ - INFO: 
Send Packet Info:
	Sender ID: 1
	Receiver ID: 0
	Packet Content: b'Message from 1, number 112'
	Sender Clock:
		Local logical clock:(427, 433, 442)
		Local process vectors:
			<P_0: (427, 432, 442)>
			<P_2: (427, 431, 442)>
---------------------
2021-10-17 11:30:04,404 - __sender_log__ - INFO: 
Send Packet Info:
	Sender ID: 1
	Receiver ID: 2
	Packet Content: b'Message from 1, number 113'
	Sender Clock:
		Local logical clock:(440, 438, 451)
		Local process vectors:
			<P_0: (427, 433, 445)>
			<P_2: (437, 431, 445)>
---------------------
2021-10-17 11:30:04,546 - __sender_log__ - INFO: 
Send Packet Info:
	Sender ID: 1
	Receiver ID: 0
	Packet Content: b'Message from 1, number 113'
	Sender Clock:
		Local logical clock:(444, 440, 453)
		Local process vectors:
			<P_0: (427, 433, 445)>
			<P_2: (441, 438, 451)>
---------------------
2021-10-17 11:30:04,987 - __sender_log__ - INFO: 
Send Packet Info:
	Sender ID: 1
	Receiver ID: 2
	Packet Content: b'Message from 1, number 114'
	Sender Clock:
		Local logical clock:(444, 442, 457)
		Local process vectors:
			<P_0: (444, 440, 453)>
			<P_2: (441, 438, 451)>
---------------------
2021-10-17 11:30:05,032 - __sender_log__ - INFO: 
Send Packet Info:
	Sender ID: 1
	Receiver ID: 0
	Packet Content: b'Message from 1, number 114'
	Sender Clock:
		Local logical clock:(444, 443, 457)
		Local process vectors:
			<P_0: (444, 440, 453)>
			<P_2: (444, 442, 457)>
---------------------
2021-10-17 11:30:05,325 - __sender_log__ - INFO: 
Send Packet Info:
	Sender ID: 1
	Receiver ID: 0
	Packet Content: b'Message from 1, number 115'
	Sender Clock:
		Local logical clock:(450, 446, 457)
		Local process vectors:
			<P_0: (444, 443, 457)>
			<P_2: (446, 442, 457)>
---------------------
2021-10-17 11:30:05,467 - __sender_log__ - INFO: 
Send Packet Info:
	Sender ID: 1
	Receiver ID: 2
	Packet Content: b'Message from 1, number 115'
	Sender Clock:
		Local logical clock:(450, 447, 457)
		Local process vectors:
			<P_0: (450, 446, 457)>
			<P_2: (446, 442, 457)>
---------------------
2021-10-17 11:30:06,008 - __sender_log__ - INFO: 
Send Packet Info:
	Sender ID: 1
	Receiver ID: 2
	Packet Content: b'Message from 1, number 116'
	Sender Clock:
		Local logical clock:(454, 450, 463)
		Local process vectors:
			<P_0: (450, 446, 460)>
			<P_2: (450, 447, 457)>
---------------------
2021-10-17 11:30:06,094 - __sender_log__ - INFO: 
Send Packet Info:
	Sender ID: 1
	Receiver ID: 0
	Packet Content: b'Message from 1, number 116'
	Sender Clock:
		Local logical clock:(454, 451, 463)
		Local process vectors:
			<P_0: (450, 446, 460)>
			<P_2: (454, 450, 463)>
---------------------
2021-10-17 11:30:06,166 - __sender_log__ - INFO: 
Send Packet Info:
	Sender ID: 1
	Receiver ID: 2
	Packet Content: b'Message from 1, number 117'
	Sender Clock:
		Local logical clock:(454, 452, 463)
		Local process vectors:
			<P_0: (454, 451, 463)>
			<P_2: (454, 450, 463)>
---------------------
2021-10-17 11:30:06,736 - __sender_log__ - INFO: 
Send Packet Info:
	Sender ID: 1
	Receiver ID: 2
	Packet Content: b'Message from 1, number 118'
	Sender Clock:
		Local logical clock:(459, 457, 468)
		Local process vectors:
			<P_0: (455, 451, 466)>
			<P_2: (455, 452, 463)>
---------------------
2021-10-17 11:30:06,842 - __sender_log__ - INFO: 
Send Packet Info:
	Sender ID: 1
	Receiver ID: 0
	Packet Content: b'Message from 1, number 117'
	Sender Clock:
		Local logical clock:(459, 458, 468)
		Local process vectors:
			<P_0: (455, 451, 466)>
			<P_2: (459, 457, 468)>
---------------------
2021-10-17 11:30:07,010 - __sender_log__ - INFO: 
Send Packet Info:
	Sender ID: 1
	Receiver ID: 2
	Packet Content: b'Message from 1, number 119'
	Sender Clock:
		Local logical clock:(462, 460, 468)
		Local process vectors:
			<P_0: (459, 458, 468)>
			<P_2: (460, 457, 468)>
---------------------
2021-10-17 11:30:07,197 - __sender_log__ - INFO: 
Send Packet Info:
	Sender ID: 1
	Receiver ID: 2
	Packet Content: b'Message from 1, number 120'
	Sender Clock:
		Local logical clock:(463, 462, 468)
		Local process vectors:
			<P_0: (459, 458, 468)>
			<P_2: (462, 460, 468)>
---------------------
2021-10-17 11:30:07,588 - __sender_log__ - INFO: 
Send Packet Info:
	Sender ID: 1
	Receiver ID: 0
	Packet Content: b'Message from 1, number 118'
	Sender Clock:
		Local logical clock:(463, 463, 468)
		Local process vectors:
			<P_0: (459, 458, 468)>
			<P_2: (463, 462, 468)>
---------------------
2021-10-17 11:30:07,819 - __sender_log__ - INFO: 
Send Packet Info:
	Sender ID: 1
	Receiver ID: 2
	Packet Content: b'Message from 1, number 121'
	Sender Clock:
		Local logical clock:(463, 465, 472)
		Local process vectors:
			<P_0: (463, 463, 471)>
			<P_2: (463, 462, 468)>
---------------------
2021-10-17 11:30:07,899 - __sender_log__ - INFO: 
Send Packet Info:
	Sender ID: 1
	Receiver ID: 0
	Packet Content: b'Message from 1, number 119'
	Sender Clock:
		Local logical clock:(463, 466, 472)
		Local process vectors:
			<P_0: (463, 463, 471)>
			<P_2: (463, 465, 472)>
---------------------
2021-10-17 11:30:07,948 - __sender_log__ - INFO: 
Send Packet Info:
	Sender ID: 1
	Receiver ID: 2
	Packet Content: b'Message from 1, number 122'
	Sender Clock:
		Local logical clock:(472, 469, 482)
		Local process vectors:
			<P_0: (463, 466, 476)>
			<P_2: (468, 465, 472)>
---------------------
2021-10-17 11:30:08,122 - __sender_log__ - INFO: 
Send Packet Info:
	Sender ID: 1
	Receiver ID: 0
	Packet Content: b'Message from 1, number 120'
	Sender Clock:
		Local logical clock:(472, 470, 482)
		Local process vectors:
			<P_0: (463, 466, 476)>
			<P_2: (472, 469, 482)>
---------------------
2021-10-17 11:30:08,162 - __sender_log__ - INFO: 
Send Packet Info:
	Sender ID: 1
	Receiver ID: 2
	Packet Content: b'Message from 1, number 123'
	Sender Clock:
		Local logical clock:(472, 471, 482)
		Local process vectors:
			<P_0: (472, 470, 482)>
			<P_2: (472, 469, 482)>
---------------------
2021-10-17 11:30:08,242 - __sender_log__ - INFO: 
Send Packet Info:
	Sender ID: 1
	Receiver ID: 0
	Packet Content: b'Message from 1, number 121'
	Sender Clock:
		Local logical clock:(472, 472, 482)
		Local process vectors:
			<P_0: (472, 470, 482)>
			<P_2: (472, 471, 482)>
---------------------
2021-10-17 11:30:08,348 - __sender_log__ - INFO: 
Send Packet Info:
	Sender ID: 1
	Receiver ID: 2
	Packet Content: b'Message from 1, number 124'
	Sender Clock:
		Local logical clock:(472, 473, 482)
		Local process vectors:
			<P_0: (472, 472, 482)>
			<P_2: (472, 471, 482)>
---------------------
2021-10-17 11:30:08,643 - __sender_log__ - INFO: 
Send Packet Info:
	Sender ID: 1
	Receiver ID: 2
	Packet Content: b'Message from 1, number 125'
	Sender Clock:
		Local logical clock:(476, 477, 488)
		Local process vectors:
			<P_0: (472, 472, 482)>
			<P_2: (474, 473, 482)>
---------------------
2021-10-17 11:30:09,062 - __sender_log__ - INFO: 
Send Packet Info:
	Sender ID: 1
	Receiver ID: 0
	Packet Content: b'Message from 1, number 122'
	Sender Clock:
		Local logical clock:(479, 479, 493)
		Local process vectors:
			<P_0: (476, 477, 491)>
			<P_2: (476, 477, 488)>
---------------------
2021-10-17 11:30:09,502 - __sender_log__ - INFO: 
Send Packet Info:
	Sender ID: 1
	Receiver ID: 2
	Packet Content: b'Message from 1, number 126'
	Sender Clock:
		Local logical clock:(481, 481, 493)
		Local process vectors:
			<P_0: (479, 479, 493)>
			<P_2: (479, 477, 491)>
---------------------
2021-10-17 11:30:09,725 - __sender_log__ - INFO: 
Send Packet Info:
	Sender ID: 1
	Receiver ID: 2
	Packet Content: b'Message from 1, number 127'
	Sender Clock:
		Local logical clock:(481, 482, 493)
		Local process vectors:
			<P_0: (479, 479, 493)>
			<P_2: (481, 481, 493)>
---------------------
2021-10-17 11:30:09,867 - __sender_log__ - INFO: 
Send Packet Info:
	Sender ID: 1
	Receiver ID: 0
	Packet Content: b'Message from 1, number 123'
	Sender Clock:
		Local logical clock:(482, 484, 498)
		Local process vectors:
			<P_0: (482, 481, 496)>
			<P_2: (481, 482, 493)>
---------------------
2021-10-17 11:30:10,222 - __sender_log__ - INFO: 
Send Packet Info:
	Sender ID: 1
	Receiver ID: 0
	Packet Content: b'Message from 1, number 124'
	Sender Clock:
		Local logical clock:(483, 487, 499)
		Local process vectors:
			<P_0: (482, 484, 498)>
			<P_2: (482, 482, 493)>
---------------------
2021-10-17 11:30:10,313 - __sender_log__ - INFO: 
Send Packet Info:
	Sender ID: 1
	Receiver ID: 2
	Packet Content: b'Message from 1, number 128'
	Sender Clock:
		Local logical clock:(483, 488, 499)
		Local process vectors:
			<P_0: (483, 487, 499)>
			<P_2: (482, 482, 493)>
---------------------
2021-10-17 11:30:10,780 - __sender_log__ - INFO: 
Send Packet Info:
	Sender ID: 1
	Receiver ID: 0
	Packet Content: b'Message from 1, number 125'
	Sender Clock:
		Local logical clock:(487, 492, 501)
		Local process vectors:
			<P_0: (483, 487, 499)>
			<P_2: (486, 488, 499)>
---------------------
2021-10-17 11:30:10,822 - __sender_log__ - INFO: 
Send Packet Info:
	Sender ID: 1
	Receiver ID: 2
	Packet Content: b'Message from 1, number 129'
	Sender Clock:
		Local logical clock:(487, 493, 501)
		Local process vectors:
			<P_0: (487, 492, 501)>
			<P_2: (486, 488, 499)>
---------------------
2021-10-17 11:30:11,297 - __sender_log__ - INFO: 
Send Packet Info:
	Sender ID: 1
	Receiver ID: 0
	Packet Content: b'Message from 1, number 126'
	Sender Clock:
		Local logical clock:(487, 495, 506)
		Local process vectors:
			<P_0: (487, 493, 505)>
			<P_2: (487, 493, 501)>
---------------------
2021-10-17 11:30:11,473 - __sender_log__ - INFO: 
Send Packet Info:
	Sender ID: 1
	Receiver ID: 2
	Packet Content: b'Message from 1, number 130'
	Sender Clock:
		Local logical clock:(487, 496, 506)
		Local process vectors:
			<P_0: (487, 495, 506)>
			<P_2: (487, 493, 501)>
---------------------
2021-10-17 11:30:12,059 - __sender_log__ - INFO: 
Send Packet Info:
	Sender ID: 1
	Receiver ID: 0
	Packet Content: b'Message from 1, number 127'
	Sender Clock:
		Local logical clock:(497, 499, 511)
		Local process vectors:
			<P_0: (495, 496, 510)>
			<P_2: (495, 496, 507)>
---------------------
2021-10-17 11:30:12,065 - __sender_log__ - INFO: 
Send Packet Info:
	Sender ID: 1
	Receiver ID: 2
	Packet Content: b'Message from 1, number 131'
	Sender Clock:
		Local logical clock:(497, 500, 511)
		Local process vectors:
			<P_0: (497, 499, 511)>
			<P_2: (495, 496, 507)>
---------------------
2021-10-17 11:30:12,833 - __sender_log__ - INFO: 
Send Packet Info:
	Sender ID: 1
	Receiver ID: 2
	Packet Content: b'Message from 1, number 132'
	Sender Clock:
		Local logical clock:(504, 504, 520)
		Local process vectors:
			<P_0: (504, 500, 519)>
			<P_2: (498, 500, 511)>
---------------------
2021-10-17 11:30:13,026 - __sender_log__ - INFO: 
Send Packet Info:
	Sender ID: 1
	Receiver ID: 0
	Packet Content: b'Message from 1, number 128'
	Sender Clock:
		Local logical clock:(504, 505, 520)
		Local process vectors:
			<P_0: (504, 500, 519)>
			<P_2: (504, 504, 520)>
---------------------
2021-10-17 11:30:13,157 - __sender_log__ - INFO: 
Send Packet Info:
	Sender ID: 1
	Receiver ID: 2
	Packet Content: b'Message from 1, number 133'
	Sender Clock:
		Local logical clock:(504, 506, 520)
		Local process vectors:
			<P_0: (504, 505, 520)>
			<P_2: (504, 504, 520)>
---------------------
2021-10-17 11:30:13,278 - __sender_log__ - INFO: 
Send Packet Info:
	Sender ID: 1
	Receiver ID: 0
	Packet Content: b'Message from 1, number 129'
	Sender Clock:
		Local logical clock:(504, 507, 520)
		Local process vectors:
			<P_0: (504, 505, 520)>
			<P_2: (504, 506, 520)>
---------------------
2021-10-17 11:30:13,337 - __sender_log__ - INFO: 
Send Packet Info:
	Sender ID: 1
	Receiver ID: 0
	Packet Content: b'Message from 1, number 130'
	Sender Clock:
		Local logical clock:(504, 508, 520)
		Local process vectors:
			<P_0: (504, 507, 520)>
			<P_2: (504, 506, 520)>
---------------------
2021-10-17 11:30:13,390 - __sender_log__ - INFO: 
Send Packet Info:
	Sender ID: 1
	Receiver ID: 2
	Packet Content: b'Message from 1, number 134'
	Sender Clock:
		Local logical clock:(504, 509, 520)
		Local process vectors:
			<P_0: (504, 508, 520)>
			<P_2: (504, 506, 520)>
---------------------
2021-10-17 11:30:13,632 - __sender_log__ - INFO: 
Send Packet Info:
	Sender ID: 1
	Receiver ID: 0
	Packet Content: b'Message from 1, number 131'
	Sender Clock:
		Local logical clock:(506, 511, 520)
		Local process vectors:
			<P_0: (504, 508, 520)>
			<P_2: (504, 509, 520)>
---------------------
2021-10-17 11:30:14,006 - __sender_log__ - INFO: 
Send Packet Info:
	Sender ID: 1
	Receiver ID: 2
	Packet Content: b'Message from 1, number 135'
	Sender Clock:
		Local logical clock:(507, 513, 523)
		Local process vectors:
			<P_0: (506, 511, 520)>
			<P_2: (504, 509, 520)>
---------------------
2021-10-17 11:30:14,456 - __sender_log__ - INFO: 
Send Packet Info:
	Sender ID: 1
	Receiver ID: 2
	Packet Content: b'Message from 1, number 136'
	Sender Clock:
		Local logical clock:(518, 518, 528)
		Local process vectors:
			<P_0: (511, 511, 527)>
			<P_2: (517, 513, 527)>
---------------------
2021-10-17 11:30:14,466 - __sender_log__ - INFO: 
Send Packet Info:
	Sender ID: 1
	Receiver ID: 0
	Packet Content: b'Message from 1, number 132'
	Sender Clock:
		Local logical clock:(518, 519, 528)
		Local process vectors:
			<P_0: (511, 511, 527)>
			<P_2: (518, 518, 528)>
---------------------
2021-10-17 11:30:14,976 - __sender_log__ - INFO: 
Send Packet Info:
	Sender ID: 1
	Receiver ID: 0
	Packet Content: b'Message from 1, number 133'
	Sender Clock:
		Local logical clock:(524, 524, 534)
		Local process vectors:
			<P_0: (518, 519, 532)>
			<P_2: (523, 519, 531)>
---------------------
2021-10-17 11:30:15,192 - __sender_log__ - INFO: 
Send Packet Info:
	Sender ID: 1
	Receiver ID: 0
	Packet Content: b'Message from 1, number 134'
	Sender Clock:
		Local logical clock:(524, 526, 535)
		Local process vectors:
			<P_0: (524, 524, 534)>
			<P_2: (523, 519, 531)>
---------------------
2021-10-17 11:30:15,227 - __sender_log__ - INFO: 
Send Packet Info:
	Sender ID: 1
	Receiver ID: 2
	Packet Content: b'Message from 1, number 137'
	Sender Clock:
		Local logical clock:(524, 527, 535)
		Local process vectors:
			<P_0: (524, 526, 535)>
			<P_2: (523, 519, 531)>
---------------------
2021-10-17 11:30:15,625 - __sender_log__ - INFO: 
Send Packet Info:
	Sender ID: 1
	Receiver ID: 0
	Packet Content: b'Message from 1, number 135'
	Sender Clock:
		Local logical clock:(524, 528, 535)
		Local process vectors:
			<P_0: (524, 526, 535)>
			<P_2: (524, 527, 535)>
---------------------
2021-10-17 11:30:15,646 - __sender_log__ - INFO: 
Send Packet Info:
	Sender ID: 1
	Receiver ID: 2
	Packet Content: b'Message from 1, number 138'
	Sender Clock:
		Local logical clock:(524, 529, 535)
		Local process vectors:
			<P_0: (524, 528, 535)>
			<P_2: (524, 527, 535)>
---------------------
2021-10-17 11:30:15,824 - __sender_log__ - INFO: 
Send Packet Info:
	Sender ID: 1
	Receiver ID: 0
	Packet Content: b'Message from 1, number 136'
	Sender Clock:
		Local logical clock:(528, 532, 543)
		Local process vectors:
			<P_0: (524, 528, 538)>
			<P_2: (527, 529, 535)>
---------------------
2021-10-17 11:30:16,024 - __sender_log__ - INFO: 
Send Packet Info:
	Sender ID: 1
	Receiver ID: 2
	Packet Content: b'Message from 1, number 139'
	Sender Clock:
		Local logical clock:(528, 533, 543)
		Local process vectors:
			<P_0: (528, 532, 543)>
			<P_2: (527, 529, 535)>
---------------------
2021-10-17 11:30:16,044 - __sender_log__ - INFO: 
Send Packet Info:
	Sender ID: 1
	Receiver ID: 0
	Packet Content: b'Message from 1, number 137'
	Sender Clock:
		Local logical clock:(528, 534, 543)
		Local process vectors:
			<P_0: (528, 532, 543)>
			<P_2: (528, 533, 543)>
---------------------
2021-10-17 11:30:16,403 - __sender_log__ - INFO: 
Send Packet Info:
	Sender ID: 1
	Receiver ID: 0
	Packet Content: b'Message from 1, number 138'
	Sender Clock:
		Local logical clock:(544, 539, 552)
		Local process vectors:
			<P_0: (541, 534, 550)>
			<P_2: (543, 534, 550)>
---------------------
2021-10-17 11:30:16,892 - __sender_log__ - INFO: 
Send Packet Info:
	Sender ID: 1
	Receiver ID: 2
	Packet Content: b'Message from 1, number 140'
	Sender Clock:
		Local logical clock:(548, 543, 556)
		Local process vectors:
			<P_0: (546, 539, 555)>
			<P_2: (546, 539, 552)>
---------------------
2021-10-17 11:30:16,988 - __sender_log__ - INFO: 
Send Packet Info:
	Sender ID: 1
	Receiver ID: 0
	Packet Content: b'Message from 1, number 139'
	Sender Clock:
		Local logical clock:(548, 544, 556)
		Local process vectors:
			<P_0: (546, 539, 555)>
			<P_2: (548, 543, 556)>
---------------------
2021-10-17 11:30:17,350 - __sender_log__ - INFO: 
Send Packet Info:
	Sender ID: 1
	Receiver ID: 0
	Packet Content: b'Message from 1, number 140'
	Sender Clock:
		Local logical clock:(550, 546, 556)
		Local process vectors:
			<P_0: (548, 544, 556)>
			<P_2: (548, 543, 556)>
---------------------
2021-10-17 11:30:17,637 - __sender_log__ - INFO: 
Send Packet Info:
	Sender ID: 1
	Receiver ID: 2
	Packet Content: b'Message from 1, number 141'
	Sender Clock:
		Local logical clock:(550, 548, 559)
		Local process vectors:
			<P_0: (550, 546, 558)>
			<P_2: (548, 543, 556)>
---------------------
2021-10-17 11:30:17,697 - __sender_log__ - INFO: 
Send Packet Info:
	Sender ID: 1
	Receiver ID: 0
	Packet Content: b'Message from 1, number 141'
	Sender Clock:
		Local logical clock:(550, 549, 559)
		Local process vectors:
			<P_0: (550, 546, 558)>
			<P_2: (550, 548, 559)>
---------------------
2021-10-17 11:30:18,388 - __sender_log__ - INFO: 
Send Packet Info:
	Sender ID: 1
	Receiver ID: 0
	Packet Content: b'Message from 1, number 142'
	Sender Clock:
		Local logical clock:(555, 551, 561)
		Local process vectors:
			<P_0: (550, 549, 559)>
			<P_2: (552, 548, 559)>
---------------------
2021-10-17 11:30:18,463 - __sender_log__ - INFO: 
Send Packet Info:
	Sender ID: 1
	Receiver ID: 2
	Packet Content: b'Message from 1, number 142'
	Sender Clock:
		Local logical clock:(555, 552, 561)
		Local process vectors:
			<P_0: (555, 551, 561)>
			<P_2: (552, 548, 559)>
---------------------
2021-10-17 11:30:18,871 - __sender_log__ - INFO: 
Send Packet Info:
	Sender ID: 1
	Receiver ID: 0
	Packet Content: b'Message from 1, number 143'
	Sender Clock:
		Local logical clock:(560, 555, 564)
		Local process vectors:
			<P_0: (555, 551, 562)>
			<P_2: (558, 552, 562)>
---------------------
2021-10-17 11:30:19,413 - __sender_log__ - INFO: 
Send Packet Info:
	Sender ID: 1
	Receiver ID: 2
	Packet Content: b'Message from 1, number 143'
	Sender Clock:
		Local logical clock:(560, 559, 572)
		Local process vectors:
			<P_0: (560, 555, 571)>
			<P_2: (558, 552, 562)>
---------------------
2021-10-17 11:30:19,808 - __sender_log__ - INFO: 
Send Packet Info:
	Sender ID: 1
	Receiver ID: 0
	Packet Content: b'Message from 1, number 144'
	Sender Clock:
		Local logical clock:(567, 561, 574)
		Local process vectors:
			<P_0: (560, 555, 571)>
			<P_2: (565, 559, 572)>
---------------------
2021-10-17 11:30:19,924 - __sender_log__ - INFO: 
Send Packet Info:
	Sender ID: 1
	Receiver ID: 2
	Packet Content: b'Message from 1, number 144'
	Sender Clock:
		Local logical clock:(567, 562, 574)
		Local process vectors:
			<P_0: (567, 561, 574)>
			<P_2: (565, 559, 572)>
---------------------
2021-10-17 11:30:20,331 - __sender_log__ - INFO: 
Send Packet Info:
	Sender ID: 1
	Receiver ID: 2
	Packet Content: b'Message from 1, number 145'
	Sender Clock:
		Local logical clock:(567, 564, 577)
		Local process vectors:
			<P_0: (567, 561, 575)>
			<P_2: (567, 562, 574)>
---------------------
2021-10-17 11:30:20,352 - __sender_log__ - INFO: 
Send Packet Info:
	Sender ID: 1
	Receiver ID: 2
	Packet Content: b'Message from 1, number 146'
	Sender Clock:
		Local logical clock:(567, 565, 577)
		Local process vectors:
			<P_0: (567, 561, 575)>
			<P_2: (567, 564, 577)>
---------------------
2021-10-17 11:30:20,466 - __sender_log__ - INFO: 
Send Packet Info:
	Sender ID: 1
	Receiver ID: 0
	Packet Content: b'Message from 1, number 145'
	Sender Clock:
		Local logical clock:(572, 567, 579)
		Local process vectors:
			<P_0: (567, 561, 575)>
			<P_2: (570, 565, 577)>
---------------------
2021-10-17 11:30:21,022 - __sender_log__ - INFO: 
Send Packet Info:
	Sender ID: 1
	Receiver ID: 2
	Packet Content: b'Message from 1, number 147'
	Sender Clock:
		Local logical clock:(572, 568, 579)
		Local process vectors:
			<P_0: (572, 567, 579)>
			<P_2: (570, 565, 577)>
---------------------
2021-10-17 11:30:21,405 - __sender_log__ - INFO: 
Send Packet Info:
	Sender ID: 1
	Receiver ID: 0
	Packet Content: b'Message from 1, number 146'
	Sender Clock:
		Local logical clock:(576, 572, 587)
		Local process vectors:
			<P_0: (572, 568, 585)>
			<P_2: (572, 568, 579)>
---------------------
2021-10-17 11:30:21,501 - __sender_log__ - INFO: 
Send Packet Info:
	Sender ID: 1
	Receiver ID: 2
	Packet Content: b'Message from 1, number 148'
	Sender Clock:
		Local logical clock:(576, 573, 587)
		Local process vectors:
			<P_0: (576, 572, 587)>
			<P_2: (572, 568, 579)>
---------------------
2021-10-17 11:30:21,664 - __sender_log__ - INFO: 
Send Packet Info:
	Sender ID: 1
	Receiver ID: 0
	Packet Content: b'Message from 1, number 147'
	Sender Clock:
		Local logical clock:(576, 574, 587)
		Local process vectors:
			<P_0: (576, 572, 587)>
			<P_2: (576, 573, 587)>
---------------------
2021-10-17 11:30:21,831 - __sender_log__ - INFO: 
Send Packet Info:
	Sender ID: 1
	Receiver ID: 0
	Packet Content: b'Message from 1, number 148'
	Sender Clock:
		Local logical clock:(576, 575, 587)
		Local process vectors:
			<P_0: (576, 574, 587)>
			<P_2: (576, 573, 587)>
---------------------
2021-10-17 11:30:22,377 - __sender_log__ - INFO: 
Send Packet Info:
	Sender ID: 1
	Receiver ID: 0
	Packet Content: b'Message from 1, number 149'
	Sender Clock:
		Local logical clock:(584, 580, 591)
		Local process vectors:
			<P_0: (576, 575, 590)>
			<P_2: (577, 573, 587)>
---------------------
2021-10-17 11:30:22,385 - __sender_log__ - INFO: 
Send Packet Info:
	Sender ID: 1
	Receiver ID: 2
	Packet Content: b'Message from 1, number 149'
	Sender Clock:
		Local logical clock:(584, 581, 591)
		Local process vectors:
			<P_0: (584, 580, 591)>
			<P_2: (577, 573, 587)>
---------------------
2021-10-17 11:30:23,263 - __sender_log__ - INFO: 
Send Packet Info:
	Sender ID: 1
	Receiver ID: 2
	Packet Content: b'Message from 1, number 150'
	Sender Clock:
		Local logical clock:(586, 584, 595)
		Local process vectors:
			<P_0: (584, 581, 594)>
			<P_2: (584, 581, 591)>
---------------------
2021-10-17 11:30:23,344 - __sender_log__ - INFO: 
Send Packet Info:
	Sender ID: 1
	Receiver ID: 0
	Packet Content: b'Message from 1, number 150'
	Sender Clock:
		Local logical clock:(586, 585, 595)
		Local process vectors:
			<P_0: (584, 581, 594)>
			<P_2: (586, 584, 595)>
---------------------
2021-10-17 11:30:23,903 - __sender_log__ - WARNING: 
SENDER #140068027131648: Close connection to 127.0.0.1:60002
---------------------
2021-10-17 11:30:24,165 - __sender_log__ - WARNING: 
SENDER #140068035524352: Close connection to 127.0.0.1:60000
---------------------
