2021-10-17 11:29:08,235 - __sender_log__ - INFO: 
SENDER #140231218222848: started
---------------------
2021-10-17 11:29:08,236 - __sender_log__ - INFO: 
SENDER #140231218222848: create sender connect to 127.0.0.1:60000
---------------------
2021-10-17 11:29:08,236 - __sender_log__ - INFO: 
SENDER #140231209830144: started
---------------------
2021-10-17 11:29:08,236 - __sender_log__ - INFO: 
Send Packet Info:
	Sender ID: 2
	Receiver ID: 0
	Packet Content: b'Message from 2, number 1'
	Sender Clock:
		Local logical clock:(0, 0, 1)
		Local process vectors:
---------------------
2021-10-17 11:29:08,236 - __sender_log__ - INFO: 
SENDER #140231209830144: create sender connect to 127.0.0.1:60001
---------------------
2021-10-17 11:29:08,236 - __sender_log__ - INFO: 
Send Packet Info:
	Sender ID: 2
	Receiver ID: 1
	Packet Content: b'Message from 2, number 1'
	Sender Clock:
		Local logical clock:(0, 0, 2)
		Local process vectors:
			<P_0: (0, 0, 1)>
---------------------
2021-10-17 11:29:08,334 - __sender_log__ - INFO: 
Send Packet Info:
	Sender ID: 2
	Receiver ID: 1
	Packet Content: b'Message from 2, number 2'
	Sender Clock:
		Local logical clock:(4, 1, 4)
		Local process vectors:
			<P_0: (0, 0, 1)>
			<P_1: (3, 1, 2)>
---------------------
2021-10-17 11:29:08,939 - __sender_log__ - INFO: 
Send Packet Info:
	Sender ID: 2
	Receiver ID: 0
	Packet Content: b'Message from 2, number 2'
	Sender Clock:
		Local logical clock:(8, 9, 8)
		Local process vectors:
			<P_0: (5, 6, 4)>
			<P_1: (7, 6, 4)>
---------------------
2021-10-17 11:29:09,190 - __sender_log__ - INFO: 
Send Packet Info:
	Sender ID: 2
	Receiver ID: 1
	Packet Content: b'Message from 2, number 3'
	Sender Clock:
		Local logical clock:(11, 12, 10)
		Local process vectors:
			<P_0: (8, 10, 8)>
			<P_1: (7, 6, 4)>
---------------------
2021-10-17 11:29:09,541 - __sender_log__ - INFO: 
Send Packet Info:
	Sender ID: 2
	Receiver ID: 1
	Packet Content: b'Message from 2, number 4'
	Sender Clock:
		Local logical clock:(11, 12, 11)
		Local process vectors:
			<P_0: (8, 10, 8)>
			<P_1: (11, 12, 10)>
---------------------
2021-10-17 11:29:09,542 - __sender_log__ - INFO: 
Send Packet Info:
	Sender ID: 2
	Receiver ID: 0
	Packet Content: b'Message from 2, number 3'
	Sender Clock:
		Local logical clock:(11, 12, 12)
		Local process vectors:
			<P_0: (8, 10, 8)>
			<P_1: (11, 12, 11)>
---------------------
2021-10-17 11:29:09,737 - __sender_log__ - INFO: 
Send Packet Info:
	Sender ID: 2
	Receiver ID: 1
	Packet Content: b'Message from 2, number 5'
	Sender Clock:
		Local logical clock:(13, 12, 14)
		Local process vectors:
			<P_0: (11, 12, 12)>
			<P_1: (11, 12, 11)>
---------------------
2021-10-17 11:29:10,330 - __sender_log__ - INFO: 
Send Packet Info:
	Sender ID: 2
	Receiver ID: 0
	Packet Content: b'Message from 2, number 4'
	Sender Clock:
		Local logical clock:(15, 19, 19)
		Local process vectors:
			<P_0: (13, 18, 14)>
			<P_1: (14, 12, 14)>
---------------------
2021-10-17 11:29:10,507 - __sender_log__ - INFO: 
Send Packet Info:
	Sender ID: 2
	Receiver ID: 1
	Packet Content: b'Message from 2, number 6'
	Sender Clock:
		Local logical clock:(15, 19, 20)
		Local process vectors:
			<P_0: (15, 19, 19)>
			<P_1: (14, 12, 14)>
---------------------
2021-10-17 11:29:10,525 - __sender_log__ - INFO: 
Send Packet Info:
	Sender ID: 2
	Receiver ID: 1
	Packet Content: b'Message from 2, number 7'
	Sender Clock:
		Local logical clock:(15, 19, 21)
		Local process vectors:
			<P_0: (15, 19, 19)>
			<P_1: (15, 19, 20)>
---------------------
2021-10-17 11:29:10,822 - __sender_log__ - INFO: 
Send Packet Info:
	Sender ID: 2
	Receiver ID: 0
	Packet Content: b'Message from 2, number 5'
	Sender Clock:
		Local logical clock:(17, 24, 24)
		Local process vectors:
			<P_0: (15, 19, 19)>
			<P_1: (16, 19, 21)>
---------------------
2021-10-17 11:29:11,040 - __sender_log__ - INFO: 
Send Packet Info:
	Sender ID: 2
	Receiver ID: 1
	Packet Content: b'Message from 2, number 8'
	Sender Clock:
		Local logical clock:(21, 24, 27)
		Local process vectors:
			<P_0: (17, 24, 24)>
			<P_1: (20, 19, 21)>
---------------------
2021-10-17 11:29:11,152 - __sender_log__ - INFO: 
Send Packet Info:
	Sender ID: 2
	Receiver ID: 1
	Packet Content: b'Message from 2, number 9'
	Sender Clock:
		Local logical clock:(21, 24, 28)
		Local process vectors:
			<P_0: (17, 24, 24)>
			<P_1: (21, 24, 27)>
---------------------
2021-10-17 11:29:11,371 - __sender_log__ - INFO: 
Send Packet Info:
	Sender ID: 2
	Receiver ID: 0
	Packet Content: b'Message from 2, number 6'
	Sender Clock:
		Local logical clock:(21, 24, 29)
		Local process vectors:
			<P_0: (17, 24, 24)>
			<P_1: (21, 24, 28)>
---------------------
2021-10-17 11:29:11,890 - __sender_log__ - INFO: 
Send Packet Info:
	Sender ID: 2
	Receiver ID: 1
	Packet Content: b'Message from 2, number 10'
	Sender Clock:
		Local logical clock:(29, 36, 34)
		Local process vectors:
			<P_0: (28, 35, 29)>
			<P_1: (28, 32, 28)>
---------------------
2021-10-17 11:29:12,197 - __sender_log__ - INFO: 
Send Packet Info:
	Sender ID: 2
	Receiver ID: 0
	Packet Content: b'Message from 2, number 7'
	Sender Clock:
		Local logical clock:(29, 36, 35)
		Local process vectors:
			<P_0: (28, 35, 29)>
			<P_1: (29, 36, 34)>
---------------------
2021-10-17 11:29:12,655 - __sender_log__ - INFO: 
Send Packet Info:
	Sender ID: 2
	Receiver ID: 1
	Packet Content: b'Message from 2, number 11'
	Sender Clock:
		Local logical clock:(34, 36, 38)
		Local process vectors:
			<P_0: (29, 36, 35)>
			<P_1: (31, 36, 34)>
---------------------
2021-10-17 11:29:12,893 - __sender_log__ - INFO: 
Send Packet Info:
	Sender ID: 2
	Receiver ID: 1
	Packet Content: b'Message from 2, number 12'
	Sender Clock:
		Local logical clock:(34, 41, 40)
		Local process vectors:
			<P_0: (31, 39, 35)>
			<P_1: (34, 36, 38)>
---------------------
2021-10-17 11:29:12,930 - __sender_log__ - INFO: 
Send Packet Info:
	Sender ID: 2
	Receiver ID: 0
	Packet Content: b'Message from 2, number 8'
	Sender Clock:
		Local logical clock:(34, 41, 41)
		Local process vectors:
			<P_0: (31, 39, 35)>
			<P_1: (34, 41, 40)>
---------------------
2021-10-17 11:29:13,674 - __sender_log__ - INFO: 
Send Packet Info:
	Sender ID: 2
	Receiver ID: 0
	Packet Content: b'Message from 2, number 9'
	Sender Clock:
		Local logical clock:(41, 46, 44)
		Local process vectors:
			<P_0: (37, 45, 41)>
			<P_1: (37, 41, 40)>
---------------------
2021-10-17 11:29:13,722 - __sender_log__ - INFO: 
Send Packet Info:
	Sender ID: 2
	Receiver ID: 1
	Packet Content: b'Message from 2, number 13'
	Sender Clock:
		Local logical clock:(41, 46, 45)
		Local process vectors:
			<P_0: (41, 46, 44)>
			<P_1: (37, 41, 40)>
---------------------
2021-10-17 11:29:13,815 - __sender_log__ - INFO: 
Send Packet Info:
	Sender ID: 2
	Receiver ID: 1
	Packet Content: b'Message from 2, number 14'
	Sender Clock:
		Local logical clock:(41, 46, 46)
		Local process vectors:
			<P_0: (41, 46, 44)>
			<P_1: (41, 46, 45)>
---------------------
2021-10-17 11:29:14,378 - __sender_log__ - INFO: 
Send Packet Info:
	Sender ID: 2
	Receiver ID: 0
	Packet Content: b'Message from 2, number 10'
	Sender Clock:
		Local logical clock:(46, 52, 51)
		Local process vectors:
			<P_0: (42, 51, 46)>
			<P_1: (42, 46, 46)>
---------------------
2021-10-17 11:29:14,709 - __sender_log__ - INFO: 
Send Packet Info:
	Sender ID: 2
	Receiver ID: 1
	Packet Content: b'Message from 2, number 15'
	Sender Clock:
		Local logical clock:(49, 52, 53)
		Local process vectors:
			<P_0: (46, 52, 51)>
			<P_1: (48, 47, 46)>
---------------------
2021-10-17 11:29:14,923 - __sender_log__ - INFO: 
Send Packet Info:
	Sender ID: 2
	Receiver ID: 1
	Packet Content: b'Message from 2, number 16'
	Sender Clock:
		Local logical clock:(50, 52, 55)
		Local process vectors:
			<P_0: (46, 52, 51)>
			<P_1: (49, 52, 53)>
---------------------
2021-10-17 11:29:15,330 - __sender_log__ - INFO: 
Send Packet Info:
	Sender ID: 2
	Receiver ID: 0
	Packet Content: b'Message from 2, number 11'
	Sender Clock:
		Local logical clock:(57, 57, 60)
		Local process vectors:
			<P_0: (49, 55, 53)>
			<P_1: (56, 55, 55)>
---------------------
2021-10-17 11:29:15,706 - __sender_log__ - INFO: 
Send Packet Info:
	Sender ID: 2
	Receiver ID: 1
	Packet Content: b'Message from 2, number 17'
	Sender Clock:
		Local logical clock:(57, 59, 62)
		Local process vectors:
			<P_0: (57, 57, 60)>
			<P_1: (56, 55, 55)>
---------------------
2021-10-17 11:29:15,758 - __sender_log__ - INFO: 
Send Packet Info:
	Sender ID: 2
	Receiver ID: 1
	Packet Content: b'Message from 2, number 18'
	Sender Clock:
		Local logical clock:(57, 59, 63)
		Local process vectors:
			<P_0: (57, 57, 60)>
			<P_1: (57, 59, 62)>
---------------------
2021-10-17 11:29:16,062 - __sender_log__ - INFO: 
Send Packet Info:
	Sender ID: 2
	Receiver ID: 0
	Packet Content: b'Message from 2, number 12'
	Sender Clock:
		Local logical clock:(61, 60, 65)
		Local process vectors:
			<P_0: (57, 57, 60)>
			<P_1: (60, 60, 63)>
---------------------
2021-10-17 11:29:16,178 - __sender_log__ - INFO: 
Send Packet Info:
	Sender ID: 2
	Receiver ID: 1
	Packet Content: b'Message from 2, number 19'
	Sender Clock:
		Local logical clock:(63, 60, 67)
		Local process vectors:
			<P_0: (61, 60, 65)>
			<P_1: (60, 60, 63)>
---------------------
2021-10-17 11:29:16,347 - __sender_log__ - INFO: 
Send Packet Info:
	Sender ID: 2
	Receiver ID: 0
	Packet Content: b'Message from 2, number 13'
	Sender Clock:
		Local logical clock:(63, 60, 68)
		Local process vectors:
			<P_0: (61, 60, 65)>
			<P_1: (63, 60, 67)>
---------------------
2021-10-17 11:29:16,458 - __sender_log__ - INFO: 
Send Packet Info:
	Sender ID: 2
	Receiver ID: 1
	Packet Content: b'Message from 2, number 20'
	Sender Clock:
		Local logical clock:(65, 60, 70)
		Local process vectors:
			<P_0: (63, 60, 68)>
			<P_1: (63, 60, 67)>
---------------------
2021-10-17 11:29:16,737 - __sender_log__ - INFO: 
Send Packet Info:
	Sender ID: 2
	Receiver ID: 1
	Packet Content: b'Message from 2, number 21'
	Sender Clock:
		Local logical clock:(65, 65, 72)
		Local process vectors:
			<P_0: (63, 60, 68)>
			<P_1: (65, 60, 70)>
---------------------
2021-10-17 11:29:17,109 - __sender_log__ - INFO: 
Send Packet Info:
	Sender ID: 2
	Receiver ID: 0
	Packet Content: b'Message from 2, number 14'
	Sender Clock:
		Local logical clock:(65, 65, 73)
		Local process vectors:
			<P_0: (63, 60, 68)>
			<P_1: (65, 65, 72)>
---------------------
2021-10-17 11:29:17,201 - __sender_log__ - INFO: 
Send Packet Info:
	Sender ID: 2
	Receiver ID: 1
	Packet Content: b'Message from 2, number 22'
	Sender Clock:
		Local logical clock:(65, 65, 74)
		Local process vectors:
			<P_0: (65, 65, 73)>
			<P_1: (65, 65, 72)>
---------------------
2021-10-17 11:29:17,246 - __sender_log__ - INFO: 
Send Packet Info:
	Sender ID: 2
	Receiver ID: 1
	Packet Content: b'Message from 2, number 23'
	Sender Clock:
		Local logical clock:(65, 65, 75)
		Local process vectors:
			<P_0: (65, 65, 73)>
			<P_1: (65, 65, 74)>
---------------------
2021-10-17 11:29:17,575 - __sender_log__ - INFO: 
Send Packet Info:
	Sender ID: 2
	Receiver ID: 0
	Packet Content: b'Message from 2, number 15'
	Sender Clock:
		Local logical clock:(70, 76, 81)
		Local process vectors:
			<P_0: (66, 75, 75)>
			<P_1: (68, 67, 75)>
---------------------
2021-10-17 11:29:17,717 - __sender_log__ - INFO: 
Send Packet Info:
	Sender ID: 2
	Receiver ID: 0
	Packet Content: b'Message from 2, number 16'
	Sender Clock:
		Local logical clock:(70, 76, 82)
		Local process vectors:
			<P_0: (70, 76, 81)>
			<P_1: (68, 67, 75)>
---------------------
2021-10-17 11:29:18,244 - __sender_log__ - INFO: 
Send Packet Info:
	Sender ID: 2
	Receiver ID: 1
	Packet Content: b'Message from 2, number 24'
	Sender Clock:
		Local logical clock:(77, 79, 87)
		Local process vectors:
			<P_0: (70, 77, 82)>
			<P_1: (76, 77, 81)>
---------------------
2021-10-17 11:29:18,490 - __sender_log__ - INFO: 
Send Packet Info:
	Sender ID: 2
	Receiver ID: 0
	Packet Content: b'Message from 2, number 17'
	Sender Clock:
		Local logical clock:(78, 84, 89)
		Local process vectors:
			<P_0: (78, 83, 87)>
			<P_1: (77, 79, 87)>
---------------------
2021-10-17 11:29:18,653 - __sender_log__ - INFO: 
Send Packet Info:
	Sender ID: 2
	Receiver ID: 0
	Packet Content: b'Message from 2, number 18'
	Sender Clock:
		Local logical clock:(78, 85, 91)
		Local process vectors:
			<P_0: (78, 84, 89)>
			<P_1: (77, 79, 87)>
---------------------
2021-10-17 11:29:18,701 - __sender_log__ - INFO: 
Send Packet Info:
	Sender ID: 2
	Receiver ID: 0
	Packet Content: b'Message from 2, number 19'
	Sender Clock:
		Local logical clock:(78, 85, 92)
		Local process vectors:
			<P_0: (78, 85, 91)>
			<P_1: (77, 79, 87)>
---------------------
2021-10-17 11:29:19,018 - __sender_log__ - INFO: 
Send Packet Info:
	Sender ID: 2
	Receiver ID: 1
	Packet Content: b'Message from 2, number 25'
	Sender Clock:
		Local logical clock:(78, 85, 93)
		Local process vectors:
			<P_0: (78, 85, 92)>
			<P_1: (77, 79, 87)>
---------------------
2021-10-17 11:29:19,484 - __sender_log__ - INFO: 
Send Packet Info:
	Sender ID: 2
	Receiver ID: 0
	Packet Content: b'Message from 2, number 20'
	Sender Clock:
		Local logical clock:(87, 91, 98)
		Local process vectors:
			<P_0: (80, 88, 92)>
			<P_1: (80, 85, 93)>
---------------------
2021-10-17 11:29:19,513 - __sender_log__ - INFO: 
Send Packet Info:
	Sender ID: 2
	Receiver ID: 1
	Packet Content: b'Message from 2, number 26'
	Sender Clock:
		Local logical clock:(87, 91, 99)
		Local process vectors:
			<P_0: (87, 91, 98)>
			<P_1: (80, 85, 93)>
---------------------
2021-10-17 11:29:19,839 - __sender_log__ - INFO: 
Send Packet Info:
	Sender ID: 2
	Receiver ID: 1
	Packet Content: b'Message from 2, number 27'
	Sender Clock:
		Local logical clock:(87, 91, 100)
		Local process vectors:
			<P_0: (87, 91, 98)>
			<P_1: (87, 91, 99)>
---------------------
2021-10-17 11:29:19,914 - __sender_log__ - INFO: 
Send Packet Info:
	Sender ID: 2
	Receiver ID: 1
	Packet Content: b'Message from 2, number 28'
	Sender Clock:
		Local logical clock:(87, 91, 101)
		Local process vectors:
			<P_0: (87, 91, 98)>
			<P_1: (87, 91, 100)>
---------------------
2021-10-17 11:29:20,283 - __sender_log__ - INFO: 
Send Packet Info:
	Sender ID: 2
	Receiver ID: 0
	Packet Content: b'Message from 2, number 21'
	Sender Clock:
		Local logical clock:(93, 98, 104)
		Local process vectors:
			<P_0: (89, 97, 101)>
			<P_1: (89, 91, 101)>
---------------------
2021-10-17 11:29:20,577 - __sender_log__ - INFO: 
Send Packet Info:
	Sender ID: 2
	Receiver ID: 0
	Packet Content: b'Message from 2, number 22'
	Sender Clock:
		Local logical clock:(95, 98, 106)
		Local process vectors:
			<P_0: (93, 98, 104)>
			<P_1: (89, 91, 101)>
---------------------
2021-10-17 11:29:20,717 - __sender_log__ - INFO: 
Send Packet Info:
	Sender ID: 2
	Receiver ID: 1
	Packet Content: b'Message from 2, number 29'
	Sender Clock:
		Local logical clock:(95, 98, 107)
		Local process vectors:
			<P_0: (95, 98, 106)>
			<P_1: (89, 91, 101)>
---------------------
2021-10-17 11:29:21,274 - __sender_log__ - INFO: 
Send Packet Info:
	Sender ID: 2
	Receiver ID: 0
	Packet Content: b'Message from 2, number 23'
	Sender Clock:
		Local logical clock:(96, 101, 109)
		Local process vectors:
			<P_0: (96, 100, 106)>
			<P_1: (95, 98, 107)>
---------------------
2021-10-17 11:29:21,532 - __sender_log__ - INFO: 
Send Packet Info:
	Sender ID: 2
	Receiver ID: 1
	Packet Content: b'Message from 2, number 30'
	Sender Clock:
		Local logical clock:(102, 102, 113)
		Local process vectors:
			<P_0: (96, 101, 109)>
			<P_1: (101, 101, 109)>
---------------------
2021-10-17 11:29:21,744 - __sender_log__ - INFO: 
Send Packet Info:
	Sender ID: 2
	Receiver ID: 0
	Packet Content: b'Message from 2, number 24'
	Sender Clock:
		Local logical clock:(102, 102, 114)
		Local process vectors:
			<P_0: (96, 101, 109)>
			<P_1: (102, 102, 113)>
---------------------
2021-10-17 11:29:21,880 - __sender_log__ - INFO: 
Send Packet Info:
	Sender ID: 2
	Receiver ID: 1
	Packet Content: b'Message from 2, number 31'
	Sender Clock:
		Local logical clock:(102, 102, 115)
		Local process vectors:
			<P_0: (102, 102, 114)>
			<P_1: (102, 102, 113)>
---------------------
2021-10-17 11:29:22,259 - __sender_log__ - INFO: 
Send Packet Info:
	Sender ID: 2
	Receiver ID: 0
	Packet Content: b'Message from 2, number 25'
	Sender Clock:
		Local logical clock:(102, 103, 117)
		Local process vectors:
			<P_0: (102, 102, 114)>
			<P_1: (102, 102, 115)>
---------------------
2021-10-17 11:29:22,629 - __sender_log__ - INFO: 
Send Packet Info:
	Sender ID: 2
	Receiver ID: 0
	Packet Content: b'Message from 2, number 26'
	Sender Clock:
		Local logical clock:(102, 104, 119)
		Local process vectors:
			<P_0: (102, 103, 117)>
			<P_1: (102, 102, 115)>
---------------------
2021-10-17 11:29:22,650 - __sender_log__ - INFO: 
Send Packet Info:
	Sender ID: 2
	Receiver ID: 1
	Packet Content: b'Message from 2, number 32'
	Sender Clock:
		Local logical clock:(102, 104, 120)
		Local process vectors:
			<P_0: (102, 104, 119)>
			<P_1: (102, 102, 115)>
---------------------
2021-10-17 11:29:23,398 - __sender_log__ - INFO: 
Send Packet Info:
	Sender ID: 2
	Receiver ID: 0
	Packet Content: b'Message from 2, number 27'
	Sender Clock:
		Local logical clock:(116, 119, 126)
		Local process vectors:
			<P_0: (114, 118, 120)>
			<P_1: (114, 113, 120)>
---------------------
2021-10-17 11:29:23,603 - __sender_log__ - INFO: 
Send Packet Info:
	Sender ID: 2
	Receiver ID: 1
	Packet Content: b'Message from 2, number 33'
	Sender Clock:
		Local logical clock:(116, 121, 128)
		Local process vectors:
			<P_0: (116, 120, 126)>
			<P_1: (114, 113, 120)>
---------------------
2021-10-17 11:29:23,635 - __sender_log__ - INFO: 
Send Packet Info:
	Sender ID: 2
	Receiver ID: 0
	Packet Content: b'Message from 2, number 28'
	Sender Clock:
		Local logical clock:(118, 121, 130)
		Local process vectors:
			<P_0: (116, 120, 126)>
			<P_1: (116, 121, 128)>
---------------------
2021-10-17 11:29:23,781 - __sender_log__ - INFO: 
Send Packet Info:
	Sender ID: 2
	Receiver ID: 0
	Packet Content: b'Message from 2, number 29'
	Sender Clock:
		Local logical clock:(118, 122, 132)
		Local process vectors:
			<P_0: (118, 121, 130)>
			<P_1: (116, 121, 128)>
---------------------
2021-10-17 11:29:24,005 - __sender_log__ - INFO: 
Send Packet Info:
	Sender ID: 2
	Receiver ID: 0
	Packet Content: b'Message from 2, number 30'
	Sender Clock:
		Local logical clock:(122, 123, 135)
		Local process vectors:
			<P_0: (118, 122, 132)>
			<P_1: (116, 121, 128)>
---------------------
2021-10-17 11:29:24,236 - __sender_log__ - INFO: 
Send Packet Info:
	Sender ID: 2
	Receiver ID: 1
	Packet Content: b'Message from 2, number 34'
	Sender Clock:
		Local logical clock:(122, 124, 137)
		Local process vectors:
			<P_0: (122, 123, 135)>
			<P_1: (116, 121, 128)>
---------------------
2021-10-17 11:29:24,990 - __sender_log__ - INFO: 
Send Packet Info:
	Sender ID: 2
	Receiver ID: 0
	Packet Content: b'Message from 2, number 31'
	Sender Clock:
		Local logical clock:(128, 130, 142)
		Local process vectors:
			<P_0: (122, 125, 135)>
			<P_1: (125, 125, 137)>
---------------------
2021-10-17 11:29:25,190 - __sender_log__ - INFO: 
Send Packet Info:
	Sender ID: 2
	Receiver ID: 1
	Packet Content: b'Message from 2, number 35'
	Sender Clock:
		Local logical clock:(130, 132, 145)
		Local process vectors:
			<P_0: (128, 131, 142)>
			<P_1: (125, 125, 137)>
---------------------
2021-10-17 11:29:25,473 - __sender_log__ - INFO: 
Send Packet Info:
	Sender ID: 2
	Receiver ID: 1
	Packet Content: b'Message from 2, number 36'
	Sender Clock:
		Local logical clock:(130, 132, 146)
		Local process vectors:
			<P_0: (128, 131, 142)>
			<P_1: (130, 132, 145)>
---------------------
2021-10-17 11:29:25,540 - __sender_log__ - INFO: 
Send Packet Info:
	Sender ID: 2
	Receiver ID: 0
	Packet Content: b'Message from 2, number 32'
	Sender Clock:
		Local logical clock:(130, 132, 147)
		Local process vectors:
			<P_0: (128, 131, 142)>
			<P_1: (130, 132, 146)>
---------------------
2021-10-17 11:29:26,259 - __sender_log__ - INFO: 
Send Packet Info:
	Sender ID: 2
	Receiver ID: 0
	Packet Content: b'Message from 2, number 33'
	Sender Clock:
		Local logical clock:(137, 137, 150)
		Local process vectors:
			<P_0: (131, 136, 147)>
			<P_1: (136, 135, 147)>
---------------------
2021-10-17 11:29:26,432 - __sender_log__ - INFO: 
Send Packet Info:
	Sender ID: 2
	Receiver ID: 1
	Packet Content: b'Message from 2, number 37'
	Sender Clock:
		Local logical clock:(143, 138, 152)
		Local process vectors:
			<P_0: (137, 137, 150)>
			<P_1: (141, 137, 150)>
---------------------
2021-10-17 11:29:26,567 - __sender_log__ - INFO: 
Send Packet Info:
	Sender ID: 2
	Receiver ID: 1
	Packet Content: b'Message from 2, number 38'
	Sender Clock:
		Local logical clock:(144, 138, 154)
		Local process vectors:
			<P_0: (137, 137, 150)>
			<P_1: (143, 138, 152)>
---------------------
2021-10-17 11:29:26,989 - __sender_log__ - INFO: 
Send Packet Info:
	Sender ID: 2
	Receiver ID: 0
	Packet Content: b'Message from 2, number 34'
	Sender Clock:
		Local logical clock:(146, 145, 157)
		Local process vectors:
			<P_0: (137, 138, 150)>
			<P_1: (145, 138, 154)>
---------------------
2021-10-17 11:29:27,239 - __sender_log__ - INFO: 
Send Packet Info:
	Sender ID: 2
	Receiver ID: 1
	Packet Content: b'Message from 2, number 39'
	Sender Clock:
		Local logical clock:(146, 147, 159)
		Local process vectors:
			<P_0: (146, 145, 157)>
			<P_1: (145, 138, 154)>
---------------------
2021-10-17 11:29:27,526 - __sender_log__ - INFO: 
Send Packet Info:
	Sender ID: 2
	Receiver ID: 1
	Packet Content: b'Message from 2, number 40'
	Sender Clock:
		Local logical clock:(146, 147, 160)
		Local process vectors:
			<P_0: (146, 145, 157)>
			<P_1: (146, 147, 159)>
---------------------
2021-10-17 11:29:27,587 - __sender_log__ - INFO: 
Send Packet Info:
	Sender ID: 2
	Receiver ID: 0
	Packet Content: b'Message from 2, number 35'
	Sender Clock:
		Local logical clock:(146, 147, 161)
		Local process vectors:
			<P_0: (146, 145, 157)>
			<P_1: (146, 147, 160)>
---------------------
2021-10-17 11:29:28,288 - __sender_log__ - INFO: 
Send Packet Info:
	Sender ID: 2
	Receiver ID: 1
	Packet Content: b'Message from 2, number 41'
	Sender Clock:
		Local logical clock:(156, 154, 167)
		Local process vectors:
			<P_0: (149, 151, 161)>
			<P_1: (152, 150, 161)>
---------------------
2021-10-17 11:29:28,371 - __sender_log__ - INFO: 
Send Packet Info:
	Sender ID: 2
	Receiver ID: 0
	Packet Content: b'Message from 2, number 36'
	Sender Clock:
		Local logical clock:(156, 154, 168)
		Local process vectors:
			<P_0: (149, 151, 161)>
			<P_1: (156, 154, 167)>
---------------------
2021-10-17 11:29:28,699 - __sender_log__ - INFO: 
Send Packet Info:
	Sender ID: 2
	Receiver ID: 1
	Packet Content: b'Message from 2, number 42'
	Sender Clock:
		Local logical clock:(156, 154, 169)
		Local process vectors:
			<P_0: (156, 154, 168)>
			<P_1: (156, 154, 167)>
---------------------
2021-10-17 11:29:28,972 - __sender_log__ - INFO: 
Send Packet Info:
	Sender ID: 2
	Receiver ID: 0
	Packet Content: b'Message from 2, number 37'
	Sender Clock:
		Local logical clock:(161, 161, 171)
		Local process vectors:
			<P_0: (156, 156, 168)>
			<P_1: (156, 154, 169)>
---------------------
2021-10-17 11:29:29,172 - __sender_log__ - INFO: 
Send Packet Info:
	Sender ID: 2
	Receiver ID: 1
	Packet Content: b'Message from 2, number 43'
	Sender Clock:
		Local logical clock:(162, 163, 174)
		Local process vectors:
			<P_0: (161, 162, 171)>
			<P_1: (161, 156, 169)>
---------------------
2021-10-17 11:29:29,407 - __sender_log__ - INFO: 
Send Packet Info:
	Sender ID: 2
	Receiver ID: 0
	Packet Content: b'Message from 2, number 38'
	Sender Clock:
		Local logical clock:(162, 163, 175)
		Local process vectors:
			<P_0: (161, 162, 171)>
			<P_1: (162, 163, 174)>
---------------------
2021-10-17 11:29:29,641 - __sender_log__ - INFO: 
Send Packet Info:
	Sender ID: 2
	Receiver ID: 0
	Packet Content: b'Message from 2, number 39'
	Sender Clock:
		Local logical clock:(165, 163, 177)
		Local process vectors:
			<P_0: (162, 163, 175)>
			<P_1: (162, 163, 174)>
---------------------
2021-10-17 11:29:29,868 - __sender_log__ - INFO: 
Send Packet Info:
	Sender ID: 2
	Receiver ID: 0
	Packet Content: b'Message from 2, number 40'
	Sender Clock:
		Local logical clock:(168, 166, 179)
		Local process vectors:
			<P_0: (165, 163, 177)>
			<P_1: (162, 163, 174)>
---------------------
2021-10-17 11:29:29,878 - __sender_log__ - INFO: 
Send Packet Info:
	Sender ID: 2
	Receiver ID: 1
	Packet Content: b'Message from 2, number 44'
	Sender Clock:
		Local logical clock:(168, 166, 180)
		Local process vectors:
			<P_0: (168, 166, 179)>
			<P_1: (162, 163, 174)>
---------------------
2021-10-17 11:29:30,374 - __sender_log__ - INFO: 
Send Packet Info:
	Sender ID: 2
	Receiver ID: 0
	Packet Content: b'Message from 2, number 41'
	Sender Clock:
		Local logical clock:(168, 171, 183)
		Local process vectors:
			<P_0: (168, 170, 180)>
			<P_1: (168, 166, 180)>
---------------------
2021-10-17 11:29:30,666 - __sender_log__ - INFO: 
Send Packet Info:
	Sender ID: 2
	Receiver ID: 1
	Packet Content: b'Message from 2, number 45'
	Sender Clock:
		Local logical clock:(174, 171, 186)
		Local process vectors:
			<P_0: (168, 171, 183)>
			<P_1: (168, 166, 180)>
---------------------
2021-10-17 11:29:30,725 - __sender_log__ - INFO: 
Send Packet Info:
	Sender ID: 2
	Receiver ID: 1
	Packet Content: b'Message from 2, number 46'
	Sender Clock:
		Local logical clock:(174, 171, 187)
		Local process vectors:
			<P_0: (168, 171, 183)>
			<P_1: (174, 171, 186)>
---------------------
2021-10-17 11:29:30,804 - __sender_log__ - INFO: 
Send Packet Info:
	Sender ID: 2
	Receiver ID: 0
	Packet Content: b'Message from 2, number 42'
	Sender Clock:
		Local logical clock:(174, 171, 188)
		Local process vectors:
			<P_0: (168, 171, 183)>
			<P_1: (174, 171, 187)>
---------------------
2021-10-17 11:29:31,117 - __sender_log__ - INFO: 
Send Packet Info:
	Sender ID: 2
	Receiver ID: 1
	Packet Content: b'Message from 2, number 47'
	Sender Clock:
		Local logical clock:(178, 171, 190)
		Local process vectors:
			<P_0: (174, 171, 188)>
			<P_1: (177, 171, 188)>
---------------------
2021-10-17 11:29:31,390 - __sender_log__ - INFO: 
Send Packet Info:
	Sender ID: 2
	Receiver ID: 0
	Packet Content: b'Message from 2, number 43'
	Sender Clock:
		Local logical clock:(178, 171, 191)
		Local process vectors:
			<P_0: (174, 171, 188)>
			<P_1: (178, 171, 190)>
---------------------
2021-10-17 11:29:31,674 - __sender_log__ - INFO: 
Send Packet Info:
	Sender ID: 2
	Receiver ID: 1
	Packet Content: b'Message from 2, number 48'
	Sender Clock:
		Local logical clock:(183, 178, 193)
		Local process vectors:
			<P_0: (178, 171, 191)>
			<P_1: (182, 178, 190)>
---------------------
2021-10-17 11:29:32,054 - __sender_log__ - INFO: 
Send Packet Info:
	Sender ID: 2
	Receiver ID: 0
	Packet Content: b'Message from 2, number 44'
	Sender Clock:
		Local logical clock:(184, 178, 195)
		Local process vectors:
			<P_0: (178, 171, 191)>
			<P_1: (183, 178, 193)>
---------------------
2021-10-17 11:29:32,294 - __sender_log__ - INFO: 
Send Packet Info:
	Sender ID: 2
	Receiver ID: 1
	Packet Content: b'Message from 2, number 49'
	Sender Clock:
		Local logical clock:(187, 178, 197)
		Local process vectors:
			<P_0: (184, 178, 195)>
			<P_1: (186, 178, 193)>
---------------------
2021-10-17 11:29:32,351 - __sender_log__ - INFO: 
Send Packet Info:
	Sender ID: 2
	Receiver ID: 1
	Packet Content: b'Message from 2, number 50'
	Sender Clock:
		Local logical clock:(187, 180, 199)
		Local process vectors:
			<P_0: (184, 178, 195)>
			<P_1: (187, 178, 197)>
---------------------
2021-10-17 11:29:32,816 - __sender_log__ - INFO: 
Send Packet Info:
	Sender ID: 2
	Receiver ID: 0
	Packet Content: b'Message from 2, number 45'
	Sender Clock:
		Local logical clock:(187, 180, 200)
		Local process vectors:
			<P_0: (184, 178, 195)>
			<P_1: (187, 180, 199)>
---------------------
2021-10-17 11:29:32,876 - __sender_log__ - INFO: 
Send Packet Info:
	Sender ID: 2
	Receiver ID: 0
	Packet Content: b'Message from 2, number 46'
	Sender Clock:
		Local logical clock:(187, 180, 201)
		Local process vectors:
			<P_0: (187, 180, 200)>
			<P_1: (187, 180, 199)>
---------------------
2021-10-17 11:29:32,952 - __sender_log__ - INFO: 
Send Packet Info:
	Sender ID: 2
	Receiver ID: 0
	Packet Content: b'Message from 2, number 47'
	Sender Clock:
		Local logical clock:(193, 188, 205)
		Local process vectors:
			<P_0: (187, 184, 201)>
			<P_1: (187, 180, 199)>
---------------------
2021-10-17 11:29:33,343 - __sender_log__ - INFO: 
Send Packet Info:
	Sender ID: 2
	Receiver ID: 1
	Packet Content: b'Message from 2, number 51'
	Sender Clock:
		Local logical clock:(193, 190, 207)
		Local process vectors:
			<P_0: (193, 189, 205)>
			<P_1: (187, 180, 199)>
---------------------
2021-10-17 11:29:33,513 - __sender_log__ - INFO: 
Send Packet Info:
	Sender ID: 2
	Receiver ID: 0
	Packet Content: b'Message from 2, number 48'
	Sender Clock:
		Local logical clock:(197, 192, 209)
		Local process vectors:
			<P_0: (193, 189, 205)>
			<P_1: (194, 190, 207)>
---------------------
2021-10-17 11:29:33,880 - __sender_log__ - INFO: 
Send Packet Info:
	Sender ID: 2
	Receiver ID: 1
	Packet Content: b'Message from 2, number 52'
	Sender Clock:
		Local logical clock:(202, 197, 213)
		Local process vectors:
			<P_0: (197, 196, 209)>
			<P_1: (194, 190, 207)>
---------------------
2021-10-17 11:29:34,338 - __sender_log__ - INFO: 
Send Packet Info:
	Sender ID: 2
	Receiver ID: 1
	Packet Content: b'Message from 2, number 53'
	Sender Clock:
		Local logical clock:(205, 198, 215)
		Local process vectors:
			<P_0: (197, 196, 209)>
			<P_1: (203, 197, 213)>
---------------------
2021-10-17 11:29:34,382 - __sender_log__ - INFO: 
Send Packet Info:
	Sender ID: 2
	Receiver ID: 1
	Packet Content: b'Message from 2, number 54'
	Sender Clock:
		Local logical clock:(205, 198, 216)
		Local process vectors:
			<P_0: (197, 196, 209)>
			<P_1: (205, 198, 215)>
---------------------
2021-10-17 11:29:34,483 - __sender_log__ - INFO: 
Send Packet Info:
	Sender ID: 2
	Receiver ID: 0
	Packet Content: b'Message from 2, number 49'
	Sender Clock:
		Local logical clock:(205, 198, 217)
		Local process vectors:
			<P_0: (197, 196, 209)>
			<P_1: (205, 198, 216)>
---------------------
2021-10-17 11:29:34,830 - __sender_log__ - INFO: 
Send Packet Info:
	Sender ID: 2
	Receiver ID: 0
	Packet Content: b'Message from 2, number 50'
	Sender Clock:
		Local logical clock:(209, 208, 220)
		Local process vectors:
			<P_0: (205, 198, 217)>
			<P_1: (205, 198, 216)>
---------------------
2021-10-17 11:29:35,003 - __sender_log__ - INFO: 
Send Packet Info:
	Sender ID: 2
	Receiver ID: 0
	Packet Content: b'Message from 2, number 51'
	Sender Clock:
		Local logical clock:(209, 208, 221)
		Local process vectors:
			<P_0: (209, 208, 220)>
			<P_1: (205, 198, 216)>
---------------------
2021-10-17 11:29:35,159 - __sender_log__ - INFO: 
Send Packet Info:
	Sender ID: 2
	Receiver ID: 1
	Packet Content: b'Message from 2, number 55'
	Sender Clock:
		Local logical clock:(213, 209, 223)
		Local process vectors:
			<P_0: (209, 208, 221)>
			<P_1: (209, 198, 217)>
---------------------
2021-10-17 11:29:35,260 - __sender_log__ - INFO: 
Send Packet Info:
	Sender ID: 2
	Receiver ID: 0
	Packet Content: b'Message from 2, number 52'
	Sender Clock:
		Local logical clock:(213, 209, 224)
		Local process vectors:
			<P_0: (209, 208, 221)>
			<P_1: (213, 209, 223)>
---------------------
2021-10-17 11:29:35,387 - __sender_log__ - INFO: 
Send Packet Info:
	Sender ID: 2
	Receiver ID: 1
	Packet Content: b'Message from 2, number 56'
	Sender Clock:
		Local logical clock:(213, 209, 225)
		Local process vectors:
			<P_0: (213, 209, 224)>
			<P_1: (213, 209, 223)>
---------------------
2021-10-17 11:29:36,023 - __sender_log__ - INFO: 
Send Packet Info:
	Sender ID: 2
	Receiver ID: 0
	Packet Content: b'Message from 2, number 53'
	Sender Clock:
		Local logical clock:(214, 216, 229)
		Local process vectors:
			<P_0: (214, 214, 225)>
			<P_1: (213, 209, 225)>
---------------------
2021-10-17 11:29:36,179 - __sender_log__ - INFO: 
Send Packet Info:
	Sender ID: 2
	Receiver ID: 1
	Packet Content: b'Message from 2, number 57'
	Sender Clock:
		Local logical clock:(214, 216, 230)
		Local process vectors:
			<P_0: (214, 216, 229)>
			<P_1: (213, 209, 225)>
---------------------
2021-10-17 11:29:36,597 - __sender_log__ - INFO: 
Send Packet Info:
	Sender ID: 2
	Receiver ID: 1
	Packet Content: b'Message from 2, number 58'
	Sender Clock:
		Local logical clock:(215, 216, 232)
		Local process vectors:
			<P_0: (214, 216, 229)>
			<P_1: (214, 216, 230)>
---------------------
2021-10-17 11:29:36,646 - __sender_log__ - INFO: 
Send Packet Info:
	Sender ID: 2
	Receiver ID: 0
	Packet Content: b'Message from 2, number 54'
	Sender Clock:
		Local logical clock:(215, 216, 233)
		Local process vectors:
			<P_0: (214, 216, 229)>
			<P_1: (215, 216, 232)>
---------------------
2021-10-17 11:29:36,905 - __sender_log__ - INFO: 
Send Packet Info:
	Sender ID: 2
	Receiver ID: 0
	Packet Content: b'Message from 2, number 55'
	Sender Clock:
		Local logical clock:(224, 224, 239)
		Local process vectors:
			<P_0: (216, 218, 233)>
			<P_1: (223, 218, 233)>
---------------------
2021-10-17 11:29:36,932 - __sender_log__ - INFO: 
Send Packet Info:
	Sender ID: 2
	Receiver ID: 0
	Packet Content: b'Message from 2, number 56'
	Sender Clock:
		Local logical clock:(224, 224, 240)
		Local process vectors:
			<P_0: (224, 224, 239)>
			<P_1: (223, 218, 233)>
---------------------
2021-10-17 11:29:37,372 - __sender_log__ - INFO: 
Send Packet Info:
	Sender ID: 2
	Receiver ID: 1
	Packet Content: b'Message from 2, number 59'
	Sender Clock:
		Local logical clock:(228, 225, 242)
		Local process vectors:
			<P_0: (224, 224, 240)>
			<P_1: (223, 218, 233)>
---------------------
2021-10-17 11:29:37,547 - __sender_log__ - INFO: 
Send Packet Info:
	Sender ID: 2
	Receiver ID: 1
	Packet Content: b'Message from 2, number 60'
	Sender Clock:
		Local logical clock:(230, 228, 245)
		Local process vectors:
			<P_0: (228, 227, 242)>
			<P_1: (228, 225, 242)>
---------------------
2021-10-17 11:29:37,575 - __sender_log__ - INFO: 
Send Packet Info:
	Sender ID: 2
	Receiver ID: 1
	Packet Content: b'Message from 2, number 61'
	Sender Clock:
		Local logical clock:(230, 228, 246)
		Local process vectors:
			<P_0: (228, 227, 242)>
			<P_1: (230, 228, 245)>
---------------------
2021-10-17 11:29:37,730 - __sender_log__ - INFO: 
Send Packet Info:
	Sender ID: 2
	Receiver ID: 0
	Packet Content: b'Message from 2, number 57'
	Sender Clock:
		Local logical clock:(230, 228, 247)
		Local process vectors:
			<P_0: (228, 227, 242)>
			<P_1: (230, 228, 246)>
---------------------
2021-10-17 11:29:38,104 - __sender_log__ - INFO: 
Send Packet Info:
	Sender ID: 2
	Receiver ID: 0
	Packet Content: b'Message from 2, number 58'
	Sender Clock:
		Local logical clock:(230, 229, 249)
		Local process vectors:
			<P_0: (230, 228, 247)>
			<P_1: (230, 228, 246)>
---------------------
2021-10-17 11:29:38,261 - __sender_log__ - INFO: 
Send Packet Info:
	Sender ID: 2
	Receiver ID: 0
	Packet Content: b'Message from 2, number 59'
	Sender Clock:
		Local logical clock:(230, 229, 250)
		Local process vectors:
			<P_0: (230, 229, 249)>
			<P_1: (230, 228, 246)>
---------------------
2021-10-17 11:29:38,518 - __sender_log__ - INFO: 
Send Packet Info:
	Sender ID: 2
	Receiver ID: 1
	Packet Content: b'Message from 2, number 62'
	Sender Clock:
		Local logical clock:(231, 239, 255)
		Local process vectors:
			<P_0: (231, 237, 250)>
			<P_1: (230, 228, 246)>
---------------------
2021-10-17 11:29:38,889 - __sender_log__ - INFO: 
Send Packet Info:
	Sender ID: 2
	Receiver ID: 1
	Packet Content: b'Message from 2, number 63'
	Sender Clock:
		Local logical clock:(231, 239, 256)
		Local process vectors:
			<P_0: (231, 237, 250)>
			<P_1: (231, 239, 255)>
---------------------
2021-10-17 11:29:39,027 - __sender_log__ - INFO: 
Send Packet Info:
	Sender ID: 2
	Receiver ID: 0
	Packet Content: b'Message from 2, number 60'
	Sender Clock:
		Local logical clock:(231, 239, 257)
		Local process vectors:
			<P_0: (231, 237, 250)>
			<P_1: (231, 239, 256)>
---------------------
2021-10-17 11:29:39,316 - __sender_log__ - INFO: 
Send Packet Info:
	Sender ID: 2
	Receiver ID: 1
	Packet Content: b'Message from 2, number 64'
	Sender Clock:
		Local logical clock:(231, 239, 258)
		Local process vectors:
			<P_0: (231, 239, 257)>
			<P_1: (231, 239, 256)>
---------------------
2021-10-17 11:29:39,873 - __sender_log__ - INFO: 
Send Packet Info:
	Sender ID: 2
	Receiver ID: 0
	Packet Content: b'Message from 2, number 61'
	Sender Clock:
		Local logical clock:(246, 249, 264)
		Local process vectors:
			<P_0: (246, 248, 257)>
			<P_1: (242, 242, 258)>
---------------------
2021-10-17 11:29:39,887 - __sender_log__ - INFO: 
Send Packet Info:
	Sender ID: 2
	Receiver ID: 1
	Packet Content: b'Message from 2, number 65'
	Sender Clock:
		Local logical clock:(246, 249, 265)
		Local process vectors:
			<P_0: (246, 249, 264)>
			<P_1: (242, 242, 258)>
---------------------
2021-10-17 11:29:40,187 - __sender_log__ - INFO: 
Send Packet Info:
	Sender ID: 2
	Receiver ID: 0
	Packet Content: b'Message from 2, number 62'
	Sender Clock:
		Local logical clock:(246, 249, 266)
		Local process vectors:
			<P_0: (246, 249, 264)>
			<P_1: (246, 249, 265)>
---------------------
2021-10-17 11:29:40,359 - __sender_log__ - INFO: 
Send Packet Info:
	Sender ID: 2
	Receiver ID: 1
	Packet Content: b'Message from 2, number 66'
	Sender Clock:
		Local logical clock:(250, 249, 268)
		Local process vectors:
			<P_0: (246, 249, 266)>
			<P_1: (246, 249, 265)>
---------------------
2021-10-17 11:29:40,851 - __sender_log__ - INFO: 
Send Packet Info:
	Sender ID: 2
	Receiver ID: 1
	Packet Content: b'Message from 2, number 67'
	Sender Clock:
		Local logical clock:(252, 258, 271)
		Local process vectors:
			<P_0: (252, 257, 268)>
			<P_1: (250, 249, 268)>
---------------------
2021-10-17 11:29:40,965 - __sender_log__ - INFO: 
Send Packet Info:
	Sender ID: 2
	Receiver ID: 0
	Packet Content: b'Message from 2, number 63'
	Sender Clock:
		Local logical clock:(255, 258, 273)
		Local process vectors:
			<P_0: (252, 257, 268)>
			<P_1: (252, 258, 271)>
---------------------
2021-10-17 11:29:41,364 - __sender_log__ - INFO: 
Send Packet Info:
	Sender ID: 2
	Receiver ID: 0
	Packet Content: b'Message from 2, number 64'
	Sender Clock:
		Local logical clock:(255, 258, 274)
		Local process vectors:
			<P_0: (255, 258, 273)>
			<P_1: (252, 258, 271)>
---------------------
2021-10-17 11:29:41,623 - __sender_log__ - INFO: 
Send Packet Info:
	Sender ID: 2
	Receiver ID: 0
	Packet Content: b'Message from 2, number 65'
	Sender Clock:
		Local logical clock:(262, 264, 277)
		Local process vectors:
			<P_0: (258, 263, 274)>
			<P_1: (258, 258, 273)>
---------------------
2021-10-17 11:29:41,746 - __sender_log__ - INFO: 
Send Packet Info:
	Sender ID: 2
	Receiver ID: 1
	Packet Content: b'Message from 2, number 68'
	Sender Clock:
		Local logical clock:(262, 264, 278)
		Local process vectors:
			<P_0: (262, 264, 277)>
			<P_1: (258, 258, 273)>
---------------------
2021-10-17 11:29:42,234 - __sender_log__ - INFO: 
Send Packet Info:
	Sender ID: 2
	Receiver ID: 0
	Packet Content: b'Message from 2, number 66'
	Sender Clock:
		Local logical clock:(268, 272, 283)
		Local process vectors:
			<P_0: (265, 269, 278)>
			<P_1: (265, 264, 278)>
---------------------
2021-10-17 11:29:42,740 - __sender_log__ - INFO: 
Send Packet Info:
	Sender ID: 2
	Receiver ID: 1
	Packet Content: b'Message from 2, number 69'
	Sender Clock:
		Local logical clock:(269, 273, 286)
		Local process vectors:
			<P_0: (268, 272, 283)>
			<P_1: (268, 264, 278)>
---------------------
2021-10-17 11:29:42,804 - __sender_log__ - INFO: 
Send Packet Info:
	Sender ID: 2
	Receiver ID: 1
	Packet Content: b'Message from 2, number 70'
	Sender Clock:
		Local logical clock:(269, 273, 287)
		Local process vectors:
			<P_0: (268, 272, 283)>
			<P_1: (269, 273, 286)>
---------------------
2021-10-17 11:29:43,112 - __sender_log__ - INFO: 
Send Packet Info:
	Sender ID: 2
	Receiver ID: 0
	Packet Content: b'Message from 2, number 67'
	Sender Clock:
		Local logical clock:(269, 273, 288)
		Local process vectors:
			<P_0: (268, 272, 283)>
			<P_1: (269, 273, 287)>
---------------------
2021-10-17 11:29:43,164 - __sender_log__ - INFO: 
Send Packet Info:
	Sender ID: 2
	Receiver ID: 0
	Packet Content: b'Message from 2, number 68'
	Sender Clock:
		Local logical clock:(270, 279, 290)
		Local process vectors:
			<P_0: (270, 278, 288)>
			<P_1: (269, 273, 287)>
---------------------
2021-10-17 11:29:43,358 - __sender_log__ - INFO: 
Send Packet Info:
	Sender ID: 2
	Receiver ID: 0
	Packet Content: b'Message from 2, number 69'
	Sender Clock:
		Local logical clock:(278, 280, 292)
		Local process vectors:
			<P_0: (270, 279, 290)>
			<P_1: (270, 273, 287)>
---------------------
2021-10-17 11:29:43,720 - __sender_log__ - INFO: 
Send Packet Info:
	Sender ID: 2
	Receiver ID: 0
	Packet Content: b'Message from 2, number 70'
	Sender Clock:
		Local logical clock:(278, 280, 293)
		Local process vectors:
			<P_0: (278, 280, 292)>
			<P_1: (270, 273, 287)>
---------------------
2021-10-17 11:29:43,752 - __sender_log__ - INFO: 
Send Packet Info:
	Sender ID: 2
	Receiver ID: 1
	Packet Content: b'Message from 2, number 71'
	Sender Clock:
		Local logical clock:(278, 280, 294)
		Local process vectors:
			<P_0: (278, 280, 293)>
			<P_1: (270, 273, 287)>
---------------------
2021-10-17 11:29:44,003 - __sender_log__ - INFO: 
Send Packet Info:
	Sender ID: 2
	Receiver ID: 0
	Packet Content: b'Message from 2, number 71'
	Sender Clock:
		Local logical clock:(278, 282, 296)
		Local process vectors:
			<P_0: (278, 280, 293)>
			<P_1: (278, 280, 294)>
---------------------
2021-10-17 11:29:44,170 - __sender_log__ - INFO: 
Send Packet Info:
	Sender ID: 2
	Receiver ID: 0
	Packet Content: b'Message from 2, number 72'
	Sender Clock:
		Local logical clock:(285, 283, 298)
		Local process vectors:
			<P_0: (278, 282, 296)>
			<P_1: (281, 280, 294)>
---------------------
2021-10-17 11:29:44,436 - __sender_log__ - INFO: 
Send Packet Info:
	Sender ID: 2
	Receiver ID: 1
	Packet Content: b'Message from 2, number 72'
	Sender Clock:
		Local logical clock:(285, 284, 300)
		Local process vectors:
			<P_0: (285, 283, 298)>
			<P_1: (281, 280, 294)>
---------------------
2021-10-17 11:29:44,472 - __sender_log__ - INFO: 
Send Packet Info:
	Sender ID: 2
	Receiver ID: 0
	Packet Content: b'Message from 2, number 73'
	Sender Clock:
		Local logical clock:(285, 284, 301)
		Local process vectors:
			<P_0: (285, 283, 298)>
			<P_1: (285, 284, 300)>
---------------------
2021-10-17 11:29:44,774 - __sender_log__ - INFO: 
Send Packet Info:
	Sender ID: 2
	Receiver ID: 1
	Packet Content: b'Message from 2, number 73'
	Sender Clock:
		Local logical clock:(285, 286, 303)
		Local process vectors:
			<P_0: (285, 284, 301)>
			<P_1: (285, 284, 300)>
---------------------
2021-10-17 11:29:44,908 - __sender_log__ - INFO: 
Send Packet Info:
	Sender ID: 2
	Receiver ID: 1
	Packet Content: b'Message from 2, number 74'
	Sender Clock:
		Local logical clock:(285, 286, 304)
		Local process vectors:
			<P_0: (285, 284, 301)>
			<P_1: (285, 286, 303)>
---------------------
2021-10-17 11:29:44,999 - __sender_log__ - INFO: 
Send Packet Info:
	Sender ID: 2
	Receiver ID: 1
	Packet Content: b'Message from 2, number 75'
	Sender Clock:
		Local logical clock:(285, 286, 305)
		Local process vectors:
			<P_0: (285, 284, 301)>
			<P_1: (285, 286, 304)>
---------------------
2021-10-17 11:29:45,247 - __sender_log__ - INFO: 
Send Packet Info:
	Sender ID: 2
	Receiver ID: 1
	Packet Content: b'Message from 2, number 76'
	Sender Clock:
		Local logical clock:(290, 293, 308)
		Local process vectors:
			<P_0: (288, 290, 303)>
			<P_1: (288, 286, 305)>
---------------------
2021-10-17 11:29:45,365 - __sender_log__ - INFO: 
Send Packet Info:
	Sender ID: 2
	Receiver ID: 0
	Packet Content: b'Message from 2, number 74'
	Sender Clock:
		Local logical clock:(290, 293, 309)
		Local process vectors:
			<P_0: (288, 290, 303)>
			<P_1: (290, 293, 308)>
---------------------
2021-10-17 11:29:45,520 - __sender_log__ - INFO: 
Send Packet Info:
	Sender ID: 2
	Receiver ID: 0
	Packet Content: b'Message from 2, number 75'
	Sender Clock:
		Local logical clock:(290, 293, 310)
		Local process vectors:
			<P_0: (290, 293, 309)>
			<P_1: (290, 293, 308)>
---------------------
2021-10-17 11:29:45,565 - __sender_log__ - INFO: 
Send Packet Info:
	Sender ID: 2
	Receiver ID: 1
	Packet Content: b'Message from 2, number 77'
	Sender Clock:
		Local logical clock:(290, 293, 311)
		Local process vectors:
			<P_0: (290, 293, 310)>
			<P_1: (290, 293, 308)>
---------------------
2021-10-17 11:29:45,871 - __sender_log__ - INFO: 
Send Packet Info:
	Sender ID: 2
	Receiver ID: 0
	Packet Content: b'Message from 2, number 76'
	Sender Clock:
		Local logical clock:(290, 293, 312)
		Local process vectors:
			<P_0: (290, 293, 310)>
			<P_1: (290, 293, 311)>
---------------------
2021-10-17 11:29:46,169 - __sender_log__ - INFO: 
Send Packet Info:
	Sender ID: 2
	Receiver ID: 0
	Packet Content: b'Message from 2, number 77'
	Sender Clock:
		Local logical clock:(298, 300, 316)
		Local process vectors:
			<P_0: (291, 298, 312)>
			<P_1: (297, 295, 312)>
---------------------
2021-10-17 11:29:46,559 - __sender_log__ - INFO: 
Send Packet Info:
	Sender ID: 2
	Receiver ID: 1
	Packet Content: b'Message from 2, number 78'
	Sender Clock:
		Local logical clock:(299, 300, 318)
		Local process vectors:
			<P_0: (298, 300, 316)>
			<P_1: (297, 295, 312)>
---------------------
2021-10-17 11:29:46,566 - __sender_log__ - INFO: 
Send Packet Info:
	Sender ID: 2
	Receiver ID: 0
	Packet Content: b'Message from 2, number 78'
	Sender Clock:
		Local logical clock:(299, 300, 319)
		Local process vectors:
			<P_0: (298, 300, 316)>
			<P_1: (299, 300, 318)>
---------------------
2021-10-17 11:29:46,640 - __sender_log__ - INFO: 
Send Packet Info:
	Sender ID: 2
	Receiver ID: 0
	Packet Content: b'Message from 2, number 79'
	Sender Clock:
		Local logical clock:(299, 300, 320)
		Local process vectors:
			<P_0: (299, 300, 319)>
			<P_1: (299, 300, 318)>
---------------------
2021-10-17 11:29:47,302 - __sender_log__ - INFO: 
Send Packet Info:
	Sender ID: 2
	Receiver ID: 1
	Packet Content: b'Message from 2, number 79'
	Sender Clock:
		Local logical clock:(307, 302, 323)
		Local process vectors:
			<P_0: (299, 301, 320)>
			<P_1: (306, 301, 320)>
---------------------
2021-10-17 11:29:47,437 - __sender_log__ - INFO: 
Send Packet Info:
	Sender ID: 2
	Receiver ID: 0
	Packet Content: b'Message from 2, number 80'
	Sender Clock:
		Local logical clock:(307, 302, 324)
		Local process vectors:
			<P_0: (299, 301, 320)>
			<P_1: (307, 302, 323)>
---------------------
2021-10-17 11:29:47,778 - __sender_log__ - INFO: 
Send Packet Info:
	Sender ID: 2
	Receiver ID: 1
	Packet Content: b'Message from 2, number 80'
	Sender Clock:
		Local logical clock:(307, 304, 326)
		Local process vectors:
			<P_0: (307, 302, 324)>
			<P_1: (307, 302, 323)>
---------------------
2021-10-17 11:29:48,036 - __sender_log__ - INFO: 
Send Packet Info:
	Sender ID: 2
	Receiver ID: 1
	Packet Content: b'Message from 2, number 81'
	Sender Clock:
		Local logical clock:(311, 305, 328)
		Local process vectors:
			<P_0: (307, 302, 324)>
			<P_1: (310, 305, 326)>
---------------------
2021-10-17 11:29:48,424 - __sender_log__ - INFO: 
Send Packet Info:
	Sender ID: 2
	Receiver ID: 1
	Packet Content: b'Message from 2, number 82'
	Sender Clock:
		Local logical clock:(312, 314, 331)
		Local process vectors:
			<P_0: (307, 305, 324)>
			<P_1: (311, 305, 328)>
---------------------
2021-10-17 11:29:48,426 - __sender_log__ - INFO: 
Send Packet Info:
	Sender ID: 2
	Receiver ID: 0
	Packet Content: b'Message from 2, number 81'
	Sender Clock:
		Local logical clock:(312, 314, 332)
		Local process vectors:
			<P_0: (307, 305, 324)>
			<P_1: (312, 314, 331)>
---------------------
2021-10-17 11:29:49,299 - __sender_log__ - INFO: 
Send Packet Info:
	Sender ID: 2
	Receiver ID: 1
	Packet Content: b'Message from 2, number 83'
	Sender Clock:
		Local logical clock:(321, 321, 337)
		Local process vectors:
			<P_0: (313, 317, 332)>
			<P_1: (319, 317, 332)>
---------------------
2021-10-17 11:29:49,309 - __sender_log__ - INFO: 
Send Packet Info:
	Sender ID: 2
	Receiver ID: 0
	Packet Content: b'Message from 2, number 82'
	Sender Clock:
		Local logical clock:(321, 321, 338)
		Local process vectors:
			<P_0: (313, 317, 332)>
			<P_1: (321, 321, 337)>
---------------------
2021-10-17 11:29:49,504 - __sender_log__ - INFO: 
Send Packet Info:
	Sender ID: 2
	Receiver ID: 0
	Packet Content: b'Message from 2, number 83'
	Sender Clock:
		Local logical clock:(321, 321, 339)
		Local process vectors:
			<P_0: (321, 321, 338)>
			<P_1: (321, 321, 337)>
---------------------
2021-10-17 11:29:49,952 - __sender_log__ - INFO: 
Send Packet Info:
	Sender ID: 2
	Receiver ID: 0
	Packet Content: b'Message from 2, number 84'
	Sender Clock:
		Local logical clock:(321, 321, 340)
		Local process vectors:
			<P_0: (321, 321, 339)>
			<P_1: (321, 321, 337)>
---------------------
2021-10-17 11:29:50,154 - __sender_log__ - INFO: 
Send Packet Info:
	Sender ID: 2
	Receiver ID: 1
	Packet Content: b'Message from 2, number 84'
	Sender Clock:
		Local logical clock:(323, 325, 342)
		Local process vectors:
			<P_0: (321, 322, 340)>
			<P_1: (321, 321, 337)>
---------------------
2021-10-17 11:29:50,642 - __sender_log__ - INFO: 
Send Packet Info:
	Sender ID: 2
	Receiver ID: 1
	Packet Content: b'Message from 2, number 85'
	Sender Clock:
		Local logical clock:(323, 325, 343)
		Local process vectors:
			<P_0: (321, 322, 340)>
			<P_1: (323, 325, 342)>
---------------------
2021-10-17 11:29:50,859 - __sender_log__ - INFO: 
Send Packet Info:
	Sender ID: 2
	Receiver ID: 0
	Packet Content: b'Message from 2, number 85'
	Sender Clock:
		Local logical clock:(328, 332, 349)
		Local process vectors:
			<P_0: (325, 330, 342)>
			<P_1: (325, 325, 343)>
---------------------
2021-10-17 11:29:51,066 - __sender_log__ - INFO: 
Send Packet Info:
	Sender ID: 2
	Receiver ID: 0
	Packet Content: b'Message from 2, number 86'
	Sender Clock:
		Local logical clock:(328, 332, 350)
		Local process vectors:
			<P_0: (328, 332, 349)>
			<P_1: (325, 325, 343)>
---------------------
2021-10-17 11:29:51,257 - __sender_log__ - INFO: 
Send Packet Info:
	Sender ID: 2
	Receiver ID: 0
	Packet Content: b'Message from 2, number 87'
	Sender Clock:
		Local logical clock:(328, 332, 351)
		Local process vectors:
			<P_0: (328, 332, 350)>
			<P_1: (325, 325, 343)>
---------------------
2021-10-17 11:29:51,311 - __sender_log__ - INFO: 
Send Packet Info:
	Sender ID: 2
	Receiver ID: 1
	Packet Content: b'Message from 2, number 86'
	Sender Clock:
		Local logical clock:(335, 335, 353)
		Local process vectors:
			<P_0: (335, 334, 351)>
			<P_1: (325, 325, 343)>
---------------------
2021-10-17 11:29:51,382 - __sender_log__ - INFO: 
Send Packet Info:
	Sender ID: 2
	Receiver ID: 0
	Packet Content: b'Message from 2, number 88'
	Sender Clock:
		Local logical clock:(335, 335, 354)
		Local process vectors:
			<P_0: (335, 334, 351)>
			<P_1: (335, 335, 353)>
---------------------
2021-10-17 11:29:51,674 - __sender_log__ - INFO: 
Send Packet Info:
	Sender ID: 2
	Receiver ID: 0
	Packet Content: b'Message from 2, number 89'
	Sender Clock:
		Local logical clock:(335, 337, 356)
		Local process vectors:
			<P_0: (335, 335, 354)>
			<P_1: (335, 335, 353)>
---------------------
2021-10-17 11:29:51,720 - __sender_log__ - INFO: 
Send Packet Info:
	Sender ID: 2
	Receiver ID: 1
	Packet Content: b'Message from 2, number 87'
	Sender Clock:
		Local logical clock:(335, 337, 357)
		Local process vectors:
			<P_0: (335, 337, 356)>
			<P_1: (335, 335, 353)>
---------------------
2021-10-17 11:29:52,603 - __sender_log__ - INFO: 
Send Packet Info:
	Sender ID: 2
	Receiver ID: 0
	Packet Content: b'Message from 2, number 90'
	Sender Clock:
		Local logical clock:(350, 346, 364)
		Local process vectors:
			<P_0: (339, 344, 357)>
			<P_1: (348, 344, 357)>
---------------------
2021-10-17 11:29:52,605 - __sender_log__ - INFO: 
Send Packet Info:
	Sender ID: 2
	Receiver ID: 1
	Packet Content: b'Message from 2, number 88'
	Sender Clock:
		Local logical clock:(350, 346, 365)
		Local process vectors:
			<P_0: (350, 346, 364)>
			<P_1: (348, 344, 357)>
---------------------
2021-10-17 11:29:52,727 - __sender_log__ - INFO: 
Send Packet Info:
	Sender ID: 2
	Receiver ID: 1
	Packet Content: b'Message from 2, number 89'
	Sender Clock:
		Local logical clock:(350, 346, 366)
		Local process vectors:
			<P_0: (350, 346, 364)>
			<P_1: (350, 346, 365)>
---------------------
2021-10-17 11:29:52,744 - __sender_log__ - INFO: 
Send Packet Info:
	Sender ID: 2
	Receiver ID: 1
	Packet Content: b'Message from 2, number 90'
	Sender Clock:
		Local logical clock:(350, 346, 367)
		Local process vectors:
			<P_0: (350, 346, 364)>
			<P_1: (350, 346, 366)>
---------------------
2021-10-17 11:29:52,859 - __sender_log__ - INFO: 
Send Packet Info:
	Sender ID: 2
	Receiver ID: 0
	Packet Content: b'Message from 2, number 91'
	Sender Clock:
		Local logical clock:(350, 346, 368)
		Local process vectors:
			<P_0: (350, 346, 364)>
			<P_1: (350, 346, 367)>
---------------------
2021-10-17 11:29:53,065 - __sender_log__ - INFO: 
Send Packet Info:
	Sender ID: 2
	Receiver ID: 0
	Packet Content: b'Message from 2, number 92'
	Sender Clock:
		Local logical clock:(350, 346, 369)
		Local process vectors:
			<P_0: (350, 346, 368)>
			<P_1: (350, 346, 367)>
---------------------
2021-10-17 11:29:53,440 - __sender_log__ - INFO: 
Send Packet Info:
	Sender ID: 2
	Receiver ID: 1
	Packet Content: b'Message from 2, number 91'
	Sender Clock:
		Local logical clock:(358, 349, 374)
		Local process vectors:
			<P_0: (350, 346, 369)>
			<P_1: (354, 346, 368)>
---------------------
2021-10-17 11:29:53,507 - __sender_log__ - INFO: 
Send Packet Info:
	Sender ID: 2
	Receiver ID: 1
	Packet Content: b'Message from 2, number 92'
	Sender Clock:
		Local logical clock:(358, 349, 375)
		Local process vectors:
			<P_0: (350, 346, 369)>
			<P_1: (358, 349, 374)>
---------------------
2021-10-17 11:29:53,569 - __sender_log__ - INFO: 
Send Packet Info:
	Sender ID: 2
	Receiver ID: 1
	Packet Content: b'Message from 2, number 93'
	Sender Clock:
		Local logical clock:(358, 349, 376)
		Local process vectors:
			<P_0: (350, 346, 369)>
			<P_1: (358, 349, 375)>
---------------------
2021-10-17 11:29:53,996 - __sender_log__ - INFO: 
Send Packet Info:
	Sender ID: 2
	Receiver ID: 0
	Packet Content: b'Message from 2, number 93'
	Sender Clock:
		Local logical clock:(359, 349, 378)
		Local process vectors:
			<P_0: (350, 346, 369)>
			<P_1: (358, 349, 376)>
---------------------
2021-10-17 11:29:54,099 - __sender_log__ - INFO: 
Send Packet Info:
	Sender ID: 2
	Receiver ID: 1
	Packet Content: b'Message from 2, number 94'
	Sender Clock:
		Local logical clock:(364, 359, 381)
		Local process vectors:
			<P_0: (359, 349, 378)>
			<P_1: (362, 349, 376)>
---------------------
2021-10-17 11:29:54,250 - __sender_log__ - INFO: 
Send Packet Info:
	Sender ID: 2
	Receiver ID: 1
	Packet Content: b'Message from 2, number 95'
	Sender Clock:
		Local logical clock:(364, 361, 383)
		Local process vectors:
			<P_0: (359, 349, 378)>
			<P_1: (364, 359, 381)>
---------------------
2021-10-17 11:29:54,813 - __sender_log__ - INFO: 
Send Packet Info:
	Sender ID: 2
	Receiver ID: 1
	Packet Content: b'Message from 2, number 96'
	Sender Clock:
		Local logical clock:(367, 367, 385)
		Local process vectors:
			<P_0: (365, 363, 378)>
			<P_1: (364, 361, 383)>
---------------------
2021-10-17 11:29:54,975 - __sender_log__ - INFO: 
Send Packet Info:
	Sender ID: 2
	Receiver ID: 0
	Packet Content: b'Message from 2, number 94'
	Sender Clock:
		Local logical clock:(369, 370, 388)
		Local process vectors:
			<P_0: (367, 368, 383)>
			<P_1: (367, 367, 385)>
---------------------
2021-10-17 11:29:55,561 - __sender_log__ - INFO: 
Send Packet Info:
	Sender ID: 2
	Receiver ID: 1
	Packet Content: b'Message from 2, number 97'
	Sender Clock:
		Local logical clock:(373, 370, 390)
		Local process vectors:
			<P_0: (369, 370, 388)>
			<P_1: (372, 370, 388)>
---------------------
2021-10-17 11:29:55,884 - __sender_log__ - INFO: 
Send Packet Info:
	Sender ID: 2
	Receiver ID: 0
	Packet Content: b'Message from 2, number 95'
	Sender Clock:
		Local logical clock:(374, 375, 393)
		Local process vectors:
			<P_0: (372, 373, 388)>
			<P_1: (373, 370, 390)>
---------------------
2021-10-17 11:29:56,243 - __sender_log__ - INFO: 
Send Packet Info:
	Sender ID: 2
	Receiver ID: 0
	Packet Content: b'Message from 2, number 96'
	Sender Clock:
		Local logical clock:(380, 378, 398)
		Local process vectors:
			<P_0: (379, 377, 393)>
			<P_1: (379, 375, 393)>
---------------------
2021-10-17 11:29:56,274 - __sender_log__ - INFO: 
Send Packet Info:
	Sender ID: 2
	Receiver ID: 0
	Packet Content: b'Message from 2, number 97'
	Sender Clock:
		Local logical clock:(380, 378, 399)
		Local process vectors:
			<P_0: (380, 378, 398)>
			<P_1: (379, 375, 393)>
---------------------
2021-10-17 11:29:56,319 - __sender_log__ - INFO: 
Send Packet Info:
	Sender ID: 2
	Receiver ID: 1
	Packet Content: b'Message from 2, number 98'
	Sender Clock:
		Local logical clock:(380, 378, 400)
		Local process vectors:
			<P_0: (380, 378, 399)>
			<P_1: (379, 375, 393)>
---------------------
2021-10-17 11:29:56,550 - __sender_log__ - INFO: 
Send Packet Info:
	Sender ID: 2
	Receiver ID: 1
	Packet Content: b'Message from 2, number 99'
	Sender Clock:
		Local logical clock:(380, 378, 401)
		Local process vectors:
			<P_0: (380, 378, 399)>
			<P_1: (380, 378, 400)>
---------------------
2021-10-17 11:29:57,224 - __sender_log__ - INFO: 
Send Packet Info:
	Sender ID: 2
	Receiver ID: 0
	Packet Content: b'Message from 2, number 98'
	Sender Clock:
		Local logical clock:(385, 384, 404)
		Local process vectors:
			<P_0: (385, 383, 401)>
			<P_1: (383, 378, 401)>
---------------------
2021-10-17 11:29:57,489 - __sender_log__ - INFO: 
Send Packet Info:
	Sender ID: 2
	Receiver ID: 1
	Packet Content: b'Message from 2, number 100'
	Sender Clock:
		Local logical clock:(385, 384, 405)
		Local process vectors:
			<P_0: (385, 384, 404)>
			<P_1: (383, 378, 401)>
---------------------
2021-10-17 11:29:57,553 - __sender_log__ - INFO: 
Send Packet Info:
	Sender ID: 2
	Receiver ID: 1
	Packet Content: b'Message from 2, number 101'
	Sender Clock:
		Local logical clock:(385, 387, 407)
		Local process vectors:
			<P_0: (385, 385, 404)>
			<P_1: (385, 384, 405)>
---------------------
2021-10-17 11:29:57,884 - __sender_log__ - INFO: 
Send Packet Info:
	Sender ID: 2
	Receiver ID: 0
	Packet Content: b'Message from 2, number 99'
	Sender Clock:
		Local logical clock:(390, 387, 409)
		Local process vectors:
			<P_0: (385, 385, 404)>
			<P_1: (385, 387, 407)>
---------------------
2021-10-17 11:29:57,975 - __sender_log__ - INFO: 
Send Packet Info:
	Sender ID: 2
	Receiver ID: 0
	Packet Content: b'Message from 2, number 100'
	Sender Clock:
		Local logical clock:(390, 387, 410)
		Local process vectors:
			<P_0: (390, 387, 409)>
			<P_1: (385, 387, 407)>
---------------------
2021-10-17 11:29:58,491 - __sender_log__ - INFO: 
Send Packet Info:
	Sender ID: 2
	Receiver ID: 0
	Packet Content: b'Message from 2, number 101'
	Sender Clock:
		Local logical clock:(392, 391, 412)
		Local process vectors:
			<P_0: (392, 390, 410)>
			<P_1: (385, 387, 407)>
---------------------
2021-10-17 11:29:58,533 - __sender_log__ - INFO: 
Send Packet Info:
	Sender ID: 2
	Receiver ID: 1
	Packet Content: b'Message from 2, number 102'
	Sender Clock:
		Local logical clock:(392, 391, 413)
		Local process vectors:
			<P_0: (392, 391, 412)>
			<P_1: (385, 387, 407)>
---------------------
2021-10-17 11:29:59,209 - __sender_log__ - INFO: 
Send Packet Info:
	Sender ID: 2
	Receiver ID: 0
	Packet Content: b'Message from 2, number 102'
	Sender Clock:
		Local logical clock:(393, 393, 416)
		Local process vectors:
			<P_0: (392, 392, 412)>
			<P_1: (392, 391, 413)>
---------------------
2021-10-17 11:29:59,227 - __sender_log__ - INFO: 
Send Packet Info:
	Sender ID: 2
	Receiver ID: 1
	Packet Content: b'Message from 2, number 103'
	Sender Clock:
		Local logical clock:(393, 393, 417)
		Local process vectors:
			<P_0: (393, 393, 416)>
			<P_1: (392, 391, 413)>
---------------------
2021-10-17 11:29:59,269 - __sender_log__ - INFO: 
Send Packet Info:
	Sender ID: 2
	Receiver ID: 0
	Packet Content: b'Message from 2, number 103'
	Sender Clock:
		Local logical clock:(401, 399, 420)
		Local process vectors:
			<P_0: (393, 395, 416)>
			<P_1: (393, 393, 417)>
---------------------
2021-10-17 11:29:59,442 - __sender_log__ - INFO: 
Send Packet Info:
	Sender ID: 2
	Receiver ID: 1
	Packet Content: b'Message from 2, number 104'
	Sender Clock:
		Local logical clock:(401, 399, 421)
		Local process vectors:
			<P_0: (401, 399, 420)>
			<P_1: (393, 393, 417)>
---------------------
2021-10-17 11:29:59,868 - __sender_log__ - INFO: 
Send Packet Info:
	Sender ID: 2
	Receiver ID: 1
	Packet Content: b'Message from 2, number 105'
	Sender Clock:
		Local logical clock:(406, 402, 424)
		Local process vectors:
			<P_0: (401, 400, 420)>
			<P_1: (405, 400, 421)>
---------------------
2021-10-17 11:29:59,995 - __sender_log__ - INFO: 
Send Packet Info:
	Sender ID: 2
	Receiver ID: 0
	Packet Content: b'Message from 2, number 104'
	Sender Clock:
		Local logical clock:(406, 402, 425)
		Local process vectors:
			<P_0: (401, 400, 420)>
			<P_1: (406, 402, 424)>
---------------------
2021-10-17 11:30:00,427 - __sender_log__ - INFO: 
Send Packet Info:
	Sender ID: 2
	Receiver ID: 0
	Packet Content: b'Message from 2, number 105'
	Sender Clock:
		Local logical clock:(408, 402, 427)
		Local process vectors:
			<P_0: (406, 402, 425)>
			<P_1: (406, 402, 424)>
---------------------
2021-10-17 11:30:00,439 - __sender_log__ - INFO: 
Send Packet Info:
	Sender ID: 2
	Receiver ID: 1
	Packet Content: b'Message from 2, number 106'
	Sender Clock:
		Local logical clock:(408, 402, 428)
		Local process vectors:
			<P_0: (408, 402, 427)>
			<P_1: (406, 402, 424)>
---------------------
2021-10-17 11:30:01,020 - __sender_log__ - INFO: 
Send Packet Info:
	Sender ID: 2
	Receiver ID: 1
	Packet Content: b'Message from 2, number 107'
	Sender Clock:
		Local logical clock:(410, 408, 430)
		Local process vectors:
			<P_0: (408, 404, 427)>
			<P_1: (408, 402, 428)>
---------------------
2021-10-17 11:30:01,110 - __sender_log__ - INFO: 
Send Packet Info:
	Sender ID: 2
	Receiver ID: 0
	Packet Content: b'Message from 2, number 106'
	Sender Clock:
		Local logical clock:(412, 408, 432)
		Local process vectors:
			<P_0: (408, 404, 427)>
			<P_1: (410, 408, 430)>
---------------------
2021-10-17 11:30:01,569 - __sender_log__ - INFO: 
Send Packet Info:
	Sender ID: 2
	Receiver ID: 1
	Packet Content: b'Message from 2, number 108'
	Sender Clock:
		Local logical clock:(415, 411, 435)
		Local process vectors:
			<P_0: (412, 409, 432)>
			<P_1: (410, 408, 430)>
---------------------
2021-10-17 11:30:01,862 - __sender_log__ - INFO: 
Send Packet Info:
	Sender ID: 2
	Receiver ID: 0
	Packet Content: b'Message from 2, number 107'
	Sender Clock:
		Local logical clock:(421, 413, 437)
		Local process vectors:
			<P_0: (412, 409, 432)>
			<P_1: (419, 412, 435)>
---------------------
2021-10-17 11:30:01,883 - __sender_log__ - INFO: 
Send Packet Info:
	Sender ID: 2
	Receiver ID: 1
	Packet Content: b'Message from 2, number 109'
	Sender Clock:
		Local logical clock:(421, 413, 438)
		Local process vectors:
			<P_0: (421, 413, 437)>
			<P_1: (419, 412, 435)>
---------------------
2021-10-17 11:30:02,225 - __sender_log__ - INFO: 
Send Packet Info:
	Sender ID: 2
	Receiver ID: 0
	Packet Content: b'Message from 2, number 108'
	Sender Clock:
		Local logical clock:(424, 415, 441)
		Local process vectors:
			<P_0: (421, 413, 437)>
			<P_1: (423, 413, 438)>
---------------------
2021-10-17 11:30:02,592 - __sender_log__ - INFO: 
Send Packet Info:
	Sender ID: 2
	Receiver ID: 1
	Packet Content: b'Message from 2, number 110'
	Sender Clock:
		Local logical clock:(424, 415, 442)
		Local process vectors:
			<P_0: (424, 415, 441)>
			<P_1: (423, 413, 438)>
---------------------
2021-10-17 11:30:03,004 - __sender_log__ - INFO: 
Send Packet Info:
	Sender ID: 2
	Receiver ID: 0
	Packet Content: b'Message from 2, number 109'
	Sender Clock:
		Local logical clock:(424, 423, 444)
		Local process vectors:
			<P_0: (424, 422, 441)>
			<P_1: (424, 415, 442)>
---------------------
2021-10-17 11:30:03,258 - __sender_log__ - INFO: 
Send Packet Info:
	Sender ID: 2
	Receiver ID: 0
	Packet Content: b'Message from 2, number 110'
	Sender Clock:
		Local logical clock:(424, 423, 445)
		Local process vectors:
			<P_0: (424, 423, 444)>
			<P_1: (424, 415, 442)>
---------------------
2021-10-17 11:30:03,424 - __sender_log__ - INFO: 
Send Packet Info:
	Sender ID: 2
	Receiver ID: 1
	Packet Content: b'Message from 2, number 111'
	Sender Clock:
		Local logical clock:(428, 428, 448)
		Local process vectors:
			<P_0: (427, 427, 445)>
			<P_1: (427, 421, 442)>
---------------------
2021-10-17 11:30:04,087 - __sender_log__ - INFO: 
Send Packet Info:
	Sender ID: 2
	Receiver ID: 1
	Packet Content: b'Message from 2, number 112'
	Sender Clock:
		Local logical clock:(437, 428, 451)
		Local process vectors:
			<P_0: (427, 427, 445)>
			<P_1: (431, 428, 448)>
---------------------
2021-10-17 11:30:04,164 - __sender_log__ - INFO: 
Send Packet Info:
	Sender ID: 2
	Receiver ID: 0
	Packet Content: b'Message from 2, number 111'
	Sender Clock:
		Local logical clock:(437, 428, 452)
		Local process vectors:
			<P_0: (427, 427, 445)>
			<P_1: (437, 428, 451)>
---------------------
2021-10-17 11:30:04,353 - __sender_log__ - INFO: 
Send Packet Info:
	Sender ID: 2
	Receiver ID: 0
	Packet Content: b'Message from 2, number 112'
	Sender Clock:
		Local logical clock:(437, 428, 453)
		Local process vectors:
			<P_0: (437, 428, 452)>
			<P_1: (437, 428, 451)>
---------------------
2021-10-17 11:30:04,983 - __sender_log__ - INFO: 
Send Packet Info:
	Sender ID: 2
	Receiver ID: 1
	Packet Content: b'Message from 2, number 113'
	Sender Clock:
		Local logical clock:(441, 438, 457)
		Local process vectors:
			<P_0: (437, 433, 453)>
			<P_1: (440, 432, 451)>
---------------------
2021-10-17 11:30:05,268 - __sender_log__ - INFO: 
Send Packet Info:
	Sender ID: 2
	Receiver ID: 0
	Packet Content: b'Message from 2, number 113'
	Sender Clock:
		Local logical clock:(444, 442, 459)
		Local process vectors:
			<P_0: (444, 440, 453)>
			<P_1: (441, 438, 457)>
---------------------
2021-10-17 11:30:05,313 - __sender_log__ - INFO: 
Send Packet Info:
	Sender ID: 2
	Receiver ID: 0
	Packet Content: b'Message from 2, number 114'
	Sender Clock:
		Local logical clock:(444, 442, 460)
		Local process vectors:
			<P_0: (444, 442, 459)>
			<P_1: (441, 438, 457)>
---------------------
2021-10-17 11:30:05,731 - __sender_log__ - INFO: 
Send Packet Info:
	Sender ID: 2
	Receiver ID: 1
	Packet Content: b'Message from 2, number 114'
	Sender Clock:
		Local logical clock:(450, 447, 463)
		Local process vectors:
			<P_0: (450, 446, 460)>
			<P_1: (444, 438, 457)>
---------------------
2021-10-17 11:30:06,095 - __sender_log__ - INFO: 
Send Packet Info:
	Sender ID: 2
	Receiver ID: 0
	Packet Content: b'Message from 2, number 115'
	Sender Clock:
		Local logical clock:(455, 450, 466)
		Local process vectors:
			<P_0: (450, 446, 460)>
			<P_1: (454, 447, 463)>
---------------------
2021-10-17 11:30:06,555 - __sender_log__ - INFO: 
Send Packet Info:
	Sender ID: 2
	Receiver ID: 1
	Packet Content: b'Message from 2, number 115'
	Sender Clock:
		Local logical clock:(455, 450, 467)
		Local process vectors:
			<P_0: (455, 450, 466)>
			<P_1: (454, 447, 463)>
---------------------
2021-10-17 11:30:06,605 - __sender_log__ - INFO: 
Send Packet Info:
	Sender ID: 2
	Receiver ID: 1
	Packet Content: b'Message from 2, number 116'
	Sender Clock:
		Local logical clock:(455, 450, 468)
		Local process vectors:
			<P_0: (455, 450, 466)>
			<P_1: (455, 450, 467)>
---------------------
2021-10-17 11:30:06,793 - __sender_log__ - INFO: 
Send Packet Info:
	Sender ID: 2
	Receiver ID: 0
	Packet Content: b'Message from 2, number 116'
	Sender Clock:
		Local logical clock:(460, 452, 471)
		Local process vectors:
			<P_0: (455, 451, 466)>
			<P_1: (459, 451, 468)>
---------------------
2021-10-17 11:30:06,798 - __sender_log__ - INFO: 
Send Packet Info:
	Sender ID: 2
	Receiver ID: 1
	Packet Content: b'Message from 2, number 117'
	Sender Clock:
		Local logical clock:(460, 452, 472)
		Local process vectors:
			<P_0: (460, 452, 471)>
			<P_1: (459, 451, 468)>
---------------------
2021-10-17 11:30:07,474 - __sender_log__ - INFO: 
Send Packet Info:
	Sender ID: 2
	Receiver ID: 0
	Packet Content: b'Message from 2, number 117'
	Sender Clock:
		Local logical clock:(463, 462, 476)
		Local process vectors:
			<P_0: (460, 458, 471)>
			<P_1: (460, 452, 472)>
---------------------
2021-10-17 11:30:07,598 - __sender_log__ - INFO: 
Send Packet Info:
	Sender ID: 2
	Receiver ID: 1
	Packet Content: b'Message from 2, number 118'
	Sender Clock:
		Local logical clock:(464, 462, 478)
		Local process vectors:
			<P_0: (463, 462, 476)>
			<P_1: (463, 458, 472)>
---------------------
2021-10-17 11:30:07,909 - __sender_log__ - INFO: 
Send Packet Info:
	Sender ID: 2
	Receiver ID: 0
	Packet Content: b'Message from 2, number 118'
	Sender Clock:
		Local logical clock:(468, 465, 482)
		Local process vectors:
			<P_0: (463, 463, 476)>
			<P_1: (464, 462, 478)>
---------------------
2021-10-17 11:30:08,067 - __sender_log__ - INFO: 
Send Packet Info:
	Sender ID: 2
	Receiver ID: 1
	Packet Content: b'Message from 2, number 119'
	Sender Clock:
		Local logical clock:(472, 469, 484)
		Local process vectors:
			<P_0: (468, 466, 482)>
			<P_1: (464, 462, 478)>
---------------------
2021-10-17 11:30:08,457 - __sender_log__ - INFO: 
Send Packet Info:
	Sender ID: 2
	Receiver ID: 1
	Packet Content: b'Message from 2, number 120'
	Sender Clock:
		Local logical clock:(472, 471, 486)
		Local process vectors:
			<P_0: (472, 470, 482)>
			<P_1: (472, 469, 484)>
---------------------
2021-10-17 11:30:08,603 - __sender_log__ - INFO: 
Send Packet Info:
	Sender ID: 2
	Receiver ID: 0
	Packet Content: b'Message from 2, number 119'
	Sender Clock:
		Local logical clock:(474, 471, 488)
		Local process vectors:
			<P_0: (472, 470, 482)>
			<P_1: (472, 471, 486)>
---------------------
2021-10-17 11:30:08,734 - __sender_log__ - INFO: 
Send Packet Info:
	Sender ID: 2
	Receiver ID: 0
	Packet Content: b'Message from 2, number 120'
	Sender Clock:
		Local logical clock:(476, 477, 491)
		Local process vectors:
			<P_0: (474, 472, 488)>
			<P_1: (472, 471, 486)>
---------------------
2021-10-17 11:30:09,005 - __sender_log__ - INFO: 
Send Packet Info:
	Sender ID: 2
	Receiver ID: 1
	Packet Content: b'Message from 2, number 121'
	Sender Clock:
		Local logical clock:(479, 477, 493)
		Local process vectors:
			<P_0: (476, 477, 491)>
			<P_1: (476, 471, 488)>
---------------------
2021-10-17 11:30:09,610 - __sender_log__ - INFO: 
Send Packet Info:
	Sender ID: 2
	Receiver ID: 0
	Packet Content: b'Message from 2, number 121'
	Sender Clock:
		Local logical clock:(482, 481, 496)
		Local process vectors:
			<P_0: (479, 479, 493)>
			<P_1: (481, 479, 493)>
---------------------
2021-10-17 11:30:09,789 - __sender_log__ - INFO: 
Send Packet Info:
	Sender ID: 2
	Receiver ID: 1
	Packet Content: b'Message from 2, number 122'
	Sender Clock:
		Local logical clock:(482, 482, 498)
		Local process vectors:
			<P_0: (482, 481, 496)>
			<P_1: (481, 479, 493)>
---------------------
2021-10-17 11:30:09,961 - __sender_log__ - INFO: 
Send Packet Info:
	Sender ID: 2
	Receiver ID: 1
	Packet Content: b'Message from 2, number 123'
	Sender Clock:
		Local logical clock:(482, 482, 499)
		Local process vectors:
			<P_0: (482, 481, 496)>
			<P_1: (482, 482, 498)>
---------------------
2021-10-17 11:30:10,372 - __sender_log__ - INFO: 
Send Packet Info:
	Sender ID: 2
	Receiver ID: 1
	Packet Content: b'Message from 2, number 124'
	Sender Clock:
		Local logical clock:(483, 488, 501)
		Local process vectors:
			<P_0: (483, 487, 499)>
			<P_1: (482, 482, 499)>
---------------------
2021-10-17 11:30:10,552 - __sender_log__ - INFO: 
Send Packet Info:
	Sender ID: 2
	Receiver ID: 0
	Packet Content: b'Message from 2, number 122'
	Sender Clock:
		Local logical clock:(483, 488, 502)
		Local process vectors:
			<P_0: (483, 487, 499)>
			<P_1: (483, 488, 501)>
---------------------
2021-10-17 11:30:11,112 - __sender_log__ - INFO: 
Send Packet Info:
	Sender ID: 2
	Receiver ID: 0
	Packet Content: b'Message from 2, number 123'
	Sender Clock:
		Local logical clock:(487, 493, 505)
		Local process vectors:
			<P_0: (487, 492, 502)>
			<P_1: (485, 488, 501)>
---------------------
2021-10-17 11:30:11,181 - __sender_log__ - INFO: 
Send Packet Info:
	Sender ID: 2
	Receiver ID: 1
	Packet Content: b'Message from 2, number 125'
	Sender Clock:
		Local logical clock:(487, 493, 506)
		Local process vectors:
			<P_0: (487, 493, 505)>
			<P_1: (485, 488, 501)>
---------------------
2021-10-17 11:30:11,360 - __sender_log__ - INFO: 
Send Packet Info:
	Sender ID: 2
	Receiver ID: 0
	Packet Content: b'Message from 2, number 124'
	Sender Clock:
		Local logical clock:(487, 493, 507)
		Local process vectors:
			<P_0: (487, 493, 505)>
			<P_1: (487, 493, 506)>
---------------------
2021-10-17 11:30:11,477 - __sender_log__ - INFO: 
Send Packet Info:
	Sender ID: 2
	Receiver ID: 0
	Packet Content: b'Message from 2, number 125'
	Sender Clock:
		Local logical clock:(495, 496, 510)
		Local process vectors:
			<P_0: (487, 495, 507)>
			<P_1: (487, 493, 506)>
---------------------
2021-10-17 11:30:11,500 - __sender_log__ - INFO: 
Send Packet Info:
	Sender ID: 2
	Receiver ID: 1
	Packet Content: b'Message from 2, number 126'
	Sender Clock:
		Local logical clock:(495, 496, 511)
		Local process vectors:
			<P_0: (495, 496, 510)>
			<P_1: (487, 493, 506)>
---------------------
2021-10-17 11:30:12,083 - __sender_log__ - INFO: 
Send Packet Info:
	Sender ID: 2
	Receiver ID: 0
	Packet Content: b'Message from 2, number 126'
	Sender Clock:
		Local logical clock:(498, 500, 514)
		Local process vectors:
			<P_0: (497, 499, 511)>
			<P_1: (497, 496, 511)>
---------------------
2021-10-17 11:30:12,234 - __sender_log__ - INFO: 
Send Packet Info:
	Sender ID: 2
	Receiver ID: 1
	Packet Content: b'Message from 2, number 127'
	Sender Clock:
		Local logical clock:(498, 500, 515)
		Local process vectors:
			<P_0: (498, 500, 514)>
			<P_1: (497, 496, 511)>
---------------------
2021-10-17 11:30:12,246 - __sender_log__ - INFO: 
Send Packet Info:
	Sender ID: 2
	Receiver ID: 0
	Packet Content: b'Message from 2, number 127'
	Sender Clock:
		Local logical clock:(498, 500, 516)
		Local process vectors:
			<P_0: (498, 500, 514)>
			<P_1: (498, 500, 515)>
---------------------
2021-10-17 11:30:12,504 - __sender_log__ - INFO: 
Send Packet Info:
	Sender ID: 2
	Receiver ID: 0
	Packet Content: b'Message from 2, number 128'
	Sender Clock:
		Local logical clock:(498, 500, 517)
		Local process vectors:
			<P_0: (498, 500, 516)>
			<P_1: (498, 500, 515)>
---------------------
2021-10-17 11:30:12,658 - __sender_log__ - INFO: 
Send Packet Info:
	Sender ID: 2
	Receiver ID: 0
	Packet Content: b'Message from 2, number 129'
	Sender Clock:
		Local logical clock:(504, 500, 519)
		Local process vectors:
			<P_0: (498, 500, 517)>
			<P_1: (500, 500, 515)>
---------------------
2021-10-17 11:30:12,773 - __sender_log__ - INFO: 
Send Packet Info:
	Sender ID: 2
	Receiver ID: 1
	Packet Content: b'Message from 2, number 128'
	Sender Clock:
		Local logical clock:(504, 500, 520)
		Local process vectors:
			<P_0: (504, 500, 519)>
			<P_1: (500, 500, 515)>
---------------------
2021-10-17 11:30:13,151 - __sender_log__ - INFO: 
Send Packet Info:
	Sender ID: 2
	Receiver ID: 1
	Packet Content: b'Message from 2, number 129'
	Sender Clock:
		Local logical clock:(507, 504, 523)
		Local process vectors:
			<P_0: (504, 500, 519)>
			<P_1: (506, 500, 520)>
---------------------
2021-10-17 11:30:13,591 - __sender_log__ - INFO: 
Send Packet Info:
	Sender ID: 2
	Receiver ID: 0
	Packet Content: b'Message from 2, number 130'
	Sender Clock:
		Local logical clock:(511, 508, 526)
		Local process vectors:
			<P_0: (504, 505, 520)>
			<P_1: (507, 504, 523)>
---------------------
2021-10-17 11:30:13,600 - __sender_log__ - INFO: 
Send Packet Info:
	Sender ID: 2
	Receiver ID: 0
	Packet Content: b'Message from 2, number 131'
	Sender Clock:
		Local logical clock:(511, 508, 527)
		Local process vectors:
			<P_0: (511, 508, 526)>
			<P_1: (507, 504, 523)>
---------------------
2021-10-17 11:30:13,896 - __sender_log__ - INFO: 
Send Packet Info:
	Sender ID: 2
	Receiver ID: 1
	Packet Content: b'Message from 2, number 130'
	Sender Clock:
		Local logical clock:(511, 508, 528)
		Local process vectors:
			<P_0: (511, 508, 527)>
			<P_1: (507, 504, 523)>
---------------------
2021-10-17 11:30:14,271 - __sender_log__ - INFO: 
Send Packet Info:
	Sender ID: 2
	Receiver ID: 0
	Packet Content: b'Message from 2, number 132'
	Sender Clock:
		Local logical clock:(517, 511, 531)
		Local process vectors:
			<P_0: (511, 508, 527)>
			<P_1: (516, 511, 528)>
---------------------
2021-10-17 11:30:14,300 - __sender_log__ - INFO: 
Send Packet Info:
	Sender ID: 2
	Receiver ID: 0
	Packet Content: b'Message from 2, number 133'
	Sender Clock:
		Local logical clock:(517, 511, 532)
		Local process vectors:
			<P_0: (517, 511, 531)>
			<P_1: (516, 511, 528)>
---------------------
2021-10-17 11:30:14,897 - __sender_log__ - INFO: 
Send Packet Info:
	Sender ID: 2
	Receiver ID: 1
	Packet Content: b'Message from 2, number 131'
	Sender Clock:
		Local logical clock:(517, 513, 534)
		Local process vectors:
			<P_0: (517, 511, 532)>
			<P_1: (516, 511, 528)>
---------------------
2021-10-17 11:30:15,146 - __sender_log__ - INFO: 
Send Packet Info:
	Sender ID: 2
	Receiver ID: 1
	Packet Content: b'Message from 2, number 132'
	Sender Clock:
		Local logical clock:(517, 513, 535)
		Local process vectors:
			<P_0: (517, 511, 532)>
			<P_1: (517, 513, 534)>
---------------------
2021-10-17 11:30:15,221 - __sender_log__ - INFO: 
Send Packet Info:
	Sender ID: 2
	Receiver ID: 0
	Packet Content: b'Message from 2, number 134'
	Sender Clock:
		Local logical clock:(523, 519, 538)
		Local process vectors:
			<P_0: (517, 511, 532)>
			<P_1: (522, 519, 535)>
---------------------
2021-10-17 11:30:15,718 - __sender_log__ - INFO: 
Send Packet Info:
	Sender ID: 2
	Receiver ID: 1
	Packet Content: b'Message from 2, number 133'
	Sender Clock:
		Local logical clock:(527, 527, 543)
		Local process vectors:
			<P_0: (524, 526, 538)>
			<P_1: (524, 519, 535)>
---------------------
2021-10-17 11:30:16,014 - __sender_log__ - INFO: 
Send Packet Info:
	Sender ID: 2
	Receiver ID: 0
	Packet Content: b'Message from 2, number 135'
	Sender Clock:
		Local logical clock:(530, 527, 545)
		Local process vectors:
			<P_0: (524, 526, 538)>
			<P_1: (529, 527, 543)>
---------------------
2021-10-17 11:30:16,049 - __sender_log__ - INFO: 
Send Packet Info:
	Sender ID: 2
	Receiver ID: 0
	Packet Content: b'Message from 2, number 136'
	Sender Clock:
		Local logical clock:(530, 529, 547)
		Local process vectors:
			<P_0: (530, 528, 545)>
			<P_1: (529, 527, 543)>
---------------------
2021-10-17 11:30:16,317 - __sender_log__ - INFO: 
Send Packet Info:
	Sender ID: 2
	Receiver ID: 0
	Packet Content: b'Message from 2, number 137'
	Sender Clock:
		Local logical clock:(541, 534, 550)
		Local process vectors:
			<P_0: (530, 532, 547)>
			<P_1: (540, 534, 547)>
---------------------
2021-10-17 11:30:16,376 - __sender_log__ - INFO: 
Send Packet Info:
	Sender ID: 2
	Receiver ID: 1
	Packet Content: b'Message from 2, number 134'
	Sender Clock:
		Local logical clock:(543, 534, 552)
		Local process vectors:
			<P_0: (541, 534, 550)>
			<P_1: (540, 534, 547)>
---------------------
2021-10-17 11:30:16,426 - __sender_log__ - INFO: 
Send Packet Info:
	Sender ID: 2
	Receiver ID: 1
	Packet Content: b'Message from 2, number 135'
	Sender Clock:
		Local logical clock:(543, 534, 553)
		Local process vectors:
			<P_0: (541, 534, 550)>
			<P_1: (543, 534, 552)>
---------------------
2021-10-17 11:30:16,524 - __sender_log__ - INFO: 
Send Packet Info:
	Sender ID: 2
	Receiver ID: 0
	Packet Content: b'Message from 2, number 138'
	Sender Clock:
		Local logical clock:(546, 539, 555)
		Local process vectors:
			<P_0: (541, 534, 550)>
			<P_1: (544, 534, 553)>
---------------------
2021-10-17 11:30:16,787 - __sender_log__ - INFO: 
Send Packet Info:
	Sender ID: 2
	Receiver ID: 1
	Packet Content: b'Message from 2, number 136'
	Sender Clock:
		Local logical clock:(546, 539, 556)
		Local process vectors:
			<P_0: (546, 539, 555)>
			<P_1: (544, 534, 553)>
---------------------
2021-10-17 11:30:17,291 - __sender_log__ - INFO: 
Send Packet Info:
	Sender ID: 2
	Receiver ID: 0
	Packet Content: b'Message from 2, number 139'
	Sender Clock:
		Local logical clock:(548, 543, 558)
		Local process vectors:
			<P_0: (546, 539, 555)>
			<P_1: (546, 539, 556)>
---------------------
2021-10-17 11:30:17,378 - __sender_log__ - INFO: 
Send Packet Info:
	Sender ID: 2
	Receiver ID: 1
	Packet Content: b'Message from 2, number 137'
	Sender Clock:
		Local logical clock:(548, 543, 559)
		Local process vectors:
			<P_0: (548, 543, 558)>
			<P_1: (546, 539, 556)>
---------------------
2021-10-17 11:30:17,837 - __sender_log__ - INFO: 
Send Packet Info:
	Sender ID: 2
	Receiver ID: 0
	Packet Content: b'Message from 2, number 140'
	Sender Clock:
		Local logical clock:(550, 548, 561)
		Local process vectors:
			<P_0: (550, 546, 558)>
			<P_1: (548, 543, 559)>
---------------------
2021-10-17 11:30:18,004 - __sender_log__ - INFO: 
Send Packet Info:
	Sender ID: 2
	Receiver ID: 0
	Packet Content: b'Message from 2, number 141'
	Sender Clock:
		Local logical clock:(550, 548, 562)
		Local process vectors:
			<P_0: (550, 548, 561)>
			<P_1: (548, 543, 559)>
---------------------
2021-10-17 11:30:18,287 - __sender_log__ - INFO: 
Send Packet Info:
	Sender ID: 2
	Receiver ID: 1
	Packet Content: b'Message from 2, number 138'
	Sender Clock:
		Local logical clock:(552, 548, 564)
		Local process vectors:
			<P_0: (550, 548, 562)>
			<P_1: (550, 544, 559)>
---------------------
2021-10-17 11:30:18,564 - __sender_log__ - INFO: 
Send Packet Info:
	Sender ID: 2
	Receiver ID: 1
	Packet Content: b'Message from 2, number 139'
	Sender Clock:
		Local logical clock:(558, 552, 568)
		Local process vectors:
			<P_0: (555, 551, 562)>
			<P_1: (555, 548, 564)>
---------------------
2021-10-17 11:30:18,910 - __sender_log__ - INFO: 
Send Packet Info:
	Sender ID: 2
	Receiver ID: 0
	Packet Content: b'Message from 2, number 142'
	Sender Clock:
		Local logical clock:(558, 552, 569)
		Local process vectors:
			<P_0: (555, 551, 562)>
			<P_1: (558, 552, 568)>
---------------------
2021-10-17 11:30:18,911 - __sender_log__ - INFO: 
Send Packet Info:
	Sender ID: 2
	Receiver ID: 1
	Packet Content: b'Message from 2, number 140'
	Sender Clock:
		Local logical clock:(558, 552, 570)
		Local process vectors:
			<P_0: (558, 552, 569)>
			<P_1: (558, 552, 568)>
---------------------
2021-10-17 11:30:19,265 - __sender_log__ - INFO: 
Send Packet Info:
	Sender ID: 2
	Receiver ID: 0
	Packet Content: b'Message from 2, number 143'
	Sender Clock:
		Local logical clock:(558, 552, 571)
		Local process vectors:
			<P_0: (558, 552, 569)>
			<P_1: (558, 552, 570)>
---------------------
2021-10-17 11:30:19,270 - __sender_log__ - INFO: 
Send Packet Info:
	Sender ID: 2
	Receiver ID: 1
	Packet Content: b'Message from 2, number 141'
	Sender Clock:
		Local logical clock:(558, 552, 572)
		Local process vectors:
			<P_0: (558, 552, 571)>
			<P_1: (558, 552, 570)>
---------------------
2021-10-17 11:30:19,391 - __sender_log__ - INFO: 
Send Packet Info:
	Sender ID: 2
	Receiver ID: 0
	Packet Content: b'Message from 2, number 144'
	Sender Clock:
		Local logical clock:(565, 555, 574)
		Local process vectors:
			<P_0: (558, 552, 571)>
			<P_1: (560, 552, 572)>
---------------------
2021-10-17 11:30:19,590 - __sender_log__ - INFO: 
Send Packet Info:
	Sender ID: 2
	Receiver ID: 0
	Packet Content: b'Message from 2, number 145'
	Sender Clock:
		Local logical clock:(565, 555, 575)
		Local process vectors:
			<P_0: (565, 555, 574)>
			<P_1: (560, 552, 572)>
---------------------
2021-10-17 11:30:20,043 - __sender_log__ - INFO: 
Send Packet Info:
	Sender ID: 2
	Receiver ID: 1
	Packet Content: b'Message from 2, number 142'
	Sender Clock:
		Local logical clock:(565, 559, 577)
		Local process vectors:
			<P_0: (565, 555, 575)>
			<P_1: (560, 552, 572)>
---------------------
2021-10-17 11:30:20,293 - __sender_log__ - INFO: 
Send Packet Info:
	Sender ID: 2
	Receiver ID: 0
	Packet Content: b'Message from 2, number 146'
	Sender Clock:
		Local logical clock:(570, 561, 579)
		Local process vectors:
			<P_0: (565, 555, 575)>
			<P_1: (567, 559, 577)>
---------------------
2021-10-17 11:30:21,040 - __sender_log__ - INFO: 
Send Packet Info:
	Sender ID: 2
	Receiver ID: 1
	Packet Content: b'Message from 2, number 143'
	Sender Clock:
		Local logical clock:(572, 568, 584)
		Local process vectors:
			<P_0: (572, 567, 579)>
			<P_1: (567, 559, 577)>
---------------------
2021-10-17 11:30:21,136 - __sender_log__ - INFO: 
Send Packet Info:
	Sender ID: 2
	Receiver ID: 0
	Packet Content: b'Message from 2, number 147'
	Sender Clock:
		Local logical clock:(572, 568, 585)
		Local process vectors:
			<P_0: (572, 567, 579)>
			<P_1: (572, 568, 584)>
---------------------
2021-10-17 11:30:21,290 - __sender_log__ - INFO: 
Send Packet Info:
	Sender ID: 2
	Receiver ID: 1
	Packet Content: b'Message from 2, number 144'
	Sender Clock:
		Local logical clock:(576, 568, 587)
		Local process vectors:
			<P_0: (572, 568, 585)>
			<P_1: (574, 568, 584)>
---------------------
2021-10-17 11:30:21,582 - __sender_log__ - INFO: 
Send Packet Info:
	Sender ID: 2
	Receiver ID: 0
	Packet Content: b'Message from 2, number 148'
	Sender Clock:
		Local logical clock:(576, 573, 589)
		Local process vectors:
			<P_0: (576, 572, 587)>
			<P_1: (576, 568, 587)>
---------------------
2021-10-17 11:30:21,780 - __sender_log__ - INFO: 
Send Packet Info:
	Sender ID: 2
	Receiver ID: 0
	Packet Content: b'Message from 2, number 149'
	Sender Clock:
		Local logical clock:(576, 573, 590)
		Local process vectors:
			<P_0: (576, 573, 589)>
			<P_1: (576, 568, 587)>
---------------------
2021-10-17 11:30:22,069 - __sender_log__ - INFO: 
Send Packet Info:
	Sender ID: 2
	Receiver ID: 1
	Packet Content: b'Message from 2, number 145'
	Sender Clock:
		Local logical clock:(576, 573, 591)
		Local process vectors:
			<P_0: (576, 573, 590)>
			<P_1: (576, 568, 587)>
---------------------
2021-10-17 11:30:22,623 - __sender_log__ - INFO: 
Send Packet Info:
	Sender ID: 2
	Receiver ID: 0
	Packet Content: b'Message from 2, number 150'
	Sender Clock:
		Local logical clock:(584, 581, 594)
		Local process vectors:
			<P_0: (584, 580, 591)>
			<P_1: (576, 573, 591)>
---------------------
2021-10-17 11:30:22,711 - __sender_log__ - INFO: 
Send Packet Info:
	Sender ID: 2
	Receiver ID: 1
	Packet Content: b'Message from 2, number 146'
	Sender Clock:
		Local logical clock:(584, 581, 595)
		Local process vectors:
			<P_0: (584, 581, 594)>
			<P_1: (576, 573, 591)>
---------------------
2021-10-17 11:30:23,369 - __sender_log__ - INFO: 
Send Packet Info:
	Sender ID: 2
	Receiver ID: 1
	Packet Content: b'Message from 2, number 147'
	Sender Clock:
		Local logical clock:(586, 584, 597)
		Local process vectors:
			<P_0: (584, 581, 594)>
			<P_1: (584, 581, 595)>
---------------------
2021-10-17 11:30:23,621 - __sender_log__ - WARNING: 
SENDER #140231218222848: Close connection to 127.0.0.1:60000
---------------------
2021-10-17 11:30:23,863 - __sender_log__ - INFO: 
Send Packet Info:
	Sender ID: 2
	Receiver ID: 1
	Packet Content: b'Message from 2, number 148'
	Sender Clock:
		Local logical clock:(586, 584, 598)
		Local process vectors:
			<P_0: (584, 581, 594)>
			<P_1: (586, 584, 597)>
---------------------
2021-10-17 11:30:23,918 - __sender_log__ - INFO: 
Send Packet Info:
	Sender ID: 2
	Receiver ID: 1
	Packet Content: b'Message from 2, number 149'
	Sender Clock:
		Local logical clock:(586, 584, 599)
		Local process vectors:
			<P_0: (584, 581, 594)>
			<P_1: (586, 584, 598)>
---------------------
2021-10-17 11:30:24,458 - __sender_log__ - INFO: 
Send Packet Info:
	Sender ID: 2
	Receiver ID: 1
	Packet Content: b'Message from 2, number 150'
	Sender Clock:
		Local logical clock:(586, 584, 600)
		Local process vectors:
			<P_0: (584, 581, 594)>
			<P_1: (586, 584, 599)>
---------------------
2021-10-17 11:30:25,338 - __sender_log__ - WARNING: 
SENDER #140231209830144: Close connection to 127.0.0.1:60001
---------------------
