2021-10-17 11:34:41,625 - __sender_log__ - INFO: 
SENDER #140224687007488: started
---------------------
2021-10-17 11:34:41,625 - __sender_log__ - INFO: 
SENDER #140224687007488: create sender connect to 127.0.0.1:60000
---------------------
2021-10-17 11:34:41,626 - __sender_log__ - INFO: 
Send Packet Info:
	Sender ID: 1
	Receiver ID: 0
	Packet Content: b'Message from 1, number 1'
	Sender Clock:
		Local logical clock:(0, 1)
		Local process vectors:
---------------------
2021-10-17 11:34:42,612 - __sender_log__ - INFO: 
Send Packet Info:
	Sender ID: 1
	Receiver ID: 0
	Packet Content: b'Message from 1, number 2'
	Sender Clock:
		Local logical clock:(3, 4)
		Local process vectors:
			<P_0: (0, 1)>
---------------------
2021-10-17 11:34:43,359 - __sender_log__ - INFO: 
Send Packet Info:
	Sender ID: 1
	Receiver ID: 0
	Packet Content: b'Message from 1, number 3'
	Sender Clock:
		Local logical clock:(3, 5)
		Local process vectors:
			<P_0: (3, 4)>
---------------------
2021-10-17 11:34:43,443 - __sender_log__ - INFO: 
Send Packet Info:
	Sender ID: 1
	Receiver ID: 0
	Packet Content: b'Message from 1, number 4'
	Sender Clock:
		Local logical clock:(3, 6)
		Local process vectors:
			<P_0: (3, 5)>
---------------------
2021-10-17 11:34:43,570 - __sender_log__ - INFO: 
Send Packet Info:
	Sender ID: 1
	Receiver ID: 0
	Packet Content: b'Message from 1, number 5'
	Sender Clock:
		Local logical clock:(5, 8)
		Local process vectors:
			<P_0: (3, 6)>
---------------------
2021-10-17 11:34:44,073 - __sender_log__ - INFO: 
Send Packet Info:
	Sender ID: 1
	Receiver ID: 0
	Packet Content: b'Message from 1, number 6'
	Sender Clock:
		Local logical clock:(5, 9)
		Local process vectors:
			<P_0: (5, 8)>
---------------------
2021-10-17 11:34:44,267 - __sender_log__ - INFO: 
Send Packet Info:
	Sender ID: 1
	Receiver ID: 0
	Packet Content: b'Message from 1, number 7'
	Sender Clock:
		Local logical clock:(5, 10)
		Local process vectors:
			<P_0: (5, 9)>
---------------------
2021-10-17 11:34:44,696 - __sender_log__ - INFO: 
Send Packet Info:
	Sender ID: 1
	Receiver ID: 0
	Packet Content: b'Message from 1, number 8'
	Sender Clock:
		Local logical clock:(5, 11)
		Local process vectors:
			<P_0: (5, 10)>
---------------------
2021-10-17 11:34:44,757 - __sender_log__ - INFO: 
Send Packet Info:
	Sender ID: 1
	Receiver ID: 0
	Packet Content: b'Message from 1, number 9'
	Sender Clock:
		Local logical clock:(5, 12)
		Local process vectors:
			<P_0: (5, 11)>
---------------------
2021-10-17 11:34:45,734 - __sender_log__ - INFO: 
Send Packet Info:
	Sender ID: 1
	Receiver ID: 0
	Packet Content: b'Message from 1, number 10'
	Sender Clock:
		Local logical clock:(12, 15)
		Local process vectors:
			<P_0: (5, 12)>
---------------------
2021-10-17 11:34:46,621 - __sender_log__ - INFO: 
Send Packet Info:
	Sender ID: 1
	Receiver ID: 0
	Packet Content: b'Message from 1, number 11'
	Sender Clock:
		Local logical clock:(18, 20)
		Local process vectors:
			<P_0: (12, 15)>
---------------------
2021-10-17 11:34:46,875 - __sender_log__ - INFO: 
Send Packet Info:
	Sender ID: 1
	Receiver ID: 0
	Packet Content: b'Message from 1, number 12'
	Sender Clock:
		Local logical clock:(18, 21)
		Local process vectors:
			<P_0: (18, 20)>
---------------------
2021-10-17 11:34:46,958 - __sender_log__ - INFO: 
Send Packet Info:
	Sender ID: 1
	Receiver ID: 0
	Packet Content: b'Message from 1, number 13'
	Sender Clock:
		Local logical clock:(20, 23)
		Local process vectors:
			<P_0: (18, 21)>
---------------------
2021-10-17 11:34:47,500 - __sender_log__ - INFO: 
Send Packet Info:
	Sender ID: 1
	Receiver ID: 0
	Packet Content: b'Message from 1, number 14'
	Sender Clock:
		Local logical clock:(23, 25)
		Local process vectors:
			<P_0: (20, 23)>
---------------------
2021-10-17 11:34:48,049 - __sender_log__ - INFO: 
Send Packet Info:
	Sender ID: 1
	Receiver ID: 0
	Packet Content: b'Message from 1, number 15'
	Sender Clock:
		Local logical clock:(26, 27)
		Local process vectors:
			<P_0: (23, 25)>
---------------------
2021-10-17 11:34:48,641 - __sender_log__ - INFO: 
Send Packet Info:
	Sender ID: 1
	Receiver ID: 0
	Packet Content: b'Message from 1, number 16'
	Sender Clock:
		Local logical clock:(26, 28)
		Local process vectors:
			<P_0: (26, 27)>
---------------------
2021-10-17 11:34:48,723 - __sender_log__ - INFO: 
Send Packet Info:
	Sender ID: 1
	Receiver ID: 0
	Packet Content: b'Message from 1, number 17'
	Sender Clock:
		Local logical clock:(26, 29)
		Local process vectors:
			<P_0: (26, 28)>
---------------------
2021-10-17 11:34:49,046 - __sender_log__ - INFO: 
Send Packet Info:
	Sender ID: 1
	Receiver ID: 0
	Packet Content: b'Message from 1, number 18'
	Sender Clock:
		Local logical clock:(26, 30)
		Local process vectors:
			<P_0: (26, 29)>
---------------------
2021-10-17 11:34:49,186 - __sender_log__ - INFO: 
Send Packet Info:
	Sender ID: 1
	Receiver ID: 0
	Packet Content: b'Message from 1, number 19'
	Sender Clock:
		Local logical clock:(26, 31)
		Local process vectors:
			<P_0: (26, 30)>
---------------------
2021-10-17 11:34:49,430 - __sender_log__ - INFO: 
Send Packet Info:
	Sender ID: 1
	Receiver ID: 0
	Packet Content: b'Message from 1, number 20'
	Sender Clock:
		Local logical clock:(27, 33)
		Local process vectors:
			<P_0: (26, 31)>
---------------------
2021-10-17 11:34:50,370 - __sender_log__ - INFO: 
Send Packet Info:
	Sender ID: 1
	Receiver ID: 0
	Packet Content: b'Message from 1, number 21'
	Sender Clock:
		Local logical clock:(27, 34)
		Local process vectors:
			<P_0: (27, 33)>
---------------------
2021-10-17 11:34:51,144 - __sender_log__ - INFO: 
Send Packet Info:
	Sender ID: 1
	Receiver ID: 0
	Packet Content: b'Message from 1, number 22'
	Sender Clock:
		Local logical clock:(38, 39)
		Local process vectors:
			<P_0: (27, 34)>
---------------------
2021-10-17 11:34:51,731 - __sender_log__ - INFO: 
Send Packet Info:
	Sender ID: 1
	Receiver ID: 0
	Packet Content: b'Message from 1, number 23'
	Sender Clock:
		Local logical clock:(40, 41)
		Local process vectors:
			<P_0: (38, 39)>
---------------------
2021-10-17 11:34:51,901 - __sender_log__ - INFO: 
Send Packet Info:
	Sender ID: 1
	Receiver ID: 0
	Packet Content: b'Message from 1, number 24'
	Sender Clock:
		Local logical clock:(43, 44)
		Local process vectors:
			<P_0: (40, 41)>
---------------------
2021-10-17 11:34:52,204 - __sender_log__ - INFO: 
Send Packet Info:
	Sender ID: 1
	Receiver ID: 0
	Packet Content: b'Message from 1, number 25'
	Sender Clock:
		Local logical clock:(45, 46)
		Local process vectors:
			<P_0: (43, 44)>
---------------------
2021-10-17 11:34:52,233 - __sender_log__ - INFO: 
Send Packet Info:
	Sender ID: 1
	Receiver ID: 0
	Packet Content: b'Message from 1, number 26'
	Sender Clock:
		Local logical clock:(45, 47)
		Local process vectors:
			<P_0: (45, 46)>
---------------------
2021-10-17 11:34:52,377 - __sender_log__ - INFO: 
Send Packet Info:
	Sender ID: 1
	Receiver ID: 0
	Packet Content: b'Message from 1, number 27'
	Sender Clock:
		Local logical clock:(45, 48)
		Local process vectors:
			<P_0: (45, 47)>
---------------------
2021-10-17 11:34:53,325 - __sender_log__ - INFO: 
Send Packet Info:
	Sender ID: 1
	Receiver ID: 0
	Packet Content: b'Message from 1, number 28'
	Sender Clock:
		Local logical clock:(48, 51)
		Local process vectors:
			<P_0: (45, 48)>
---------------------
2021-10-17 11:34:54,021 - __sender_log__ - INFO: 
Send Packet Info:
	Sender ID: 1
	Receiver ID: 0
	Packet Content: b'Message from 1, number 29'
	Sender Clock:
		Local logical clock:(53, 54)
		Local process vectors:
			<P_0: (48, 51)>
---------------------
2021-10-17 11:34:54,073 - __sender_log__ - INFO: 
Send Packet Info:
	Sender ID: 1
	Receiver ID: 0
	Packet Content: b'Message from 1, number 30'
	Sender Clock:
		Local logical clock:(53, 55)
		Local process vectors:
			<P_0: (53, 54)>
---------------------
2021-10-17 11:34:54,186 - __sender_log__ - INFO: 
Send Packet Info:
	Sender ID: 1
	Receiver ID: 0
	Packet Content: b'Message from 1, number 31'
	Sender Clock:
		Local logical clock:(56, 57)
		Local process vectors:
			<P_0: (53, 55)>
---------------------
2021-10-17 11:34:54,510 - __sender_log__ - INFO: 
Send Packet Info:
	Sender ID: 1
	Receiver ID: 0
	Packet Content: b'Message from 1, number 32'
	Sender Clock:
		Local logical clock:(56, 58)
		Local process vectors:
			<P_0: (56, 57)>
---------------------
2021-10-17 11:34:54,681 - __sender_log__ - INFO: 
Send Packet Info:
	Sender ID: 1
	Receiver ID: 0
	Packet Content: b'Message from 1, number 33'
	Sender Clock:
		Local logical clock:(56, 59)
		Local process vectors:
			<P_0: (56, 58)>
---------------------
2021-10-17 11:34:55,171 - __sender_log__ - INFO: 
Send Packet Info:
	Sender ID: 1
	Receiver ID: 0
	Packet Content: b'Message from 1, number 34'
	Sender Clock:
		Local logical clock:(56, 60)
		Local process vectors:
			<P_0: (56, 59)>
---------------------
2021-10-17 11:34:55,562 - __sender_log__ - INFO: 
Send Packet Info:
	Sender ID: 1
	Receiver ID: 0
	Packet Content: b'Message from 1, number 35'
	Sender Clock:
		Local logical clock:(60, 62)
		Local process vectors:
			<P_0: (56, 60)>
---------------------
2021-10-17 11:34:56,415 - __sender_log__ - INFO: 
Send Packet Info:
	Sender ID: 1
	Receiver ID: 0
	Packet Content: b'Message from 1, number 36'
	Sender Clock:
		Local logical clock:(60, 63)
		Local process vectors:
			<P_0: (60, 62)>
---------------------
2021-10-17 11:34:56,986 - __sender_log__ - INFO: 
Send Packet Info:
	Sender ID: 1
	Receiver ID: 0
	Packet Content: b'Message from 1, number 37'
	Sender Clock:
		Local logical clock:(65, 67)
		Local process vectors:
			<P_0: (60, 63)>
---------------------
2021-10-17 11:34:57,329 - __sender_log__ - INFO: 
Send Packet Info:
	Sender ID: 1
	Receiver ID: 0
	Packet Content: b'Message from 1, number 38'
	Sender Clock:
		Local logical clock:(65, 68)
		Local process vectors:
			<P_0: (65, 67)>
---------------------
2021-10-17 11:34:57,560 - __sender_log__ - INFO: 
Send Packet Info:
	Sender ID: 1
	Receiver ID: 0
	Packet Content: b'Message from 1, number 39'
	Sender Clock:
		Local logical clock:(66, 70)
		Local process vectors:
			<P_0: (65, 68)>
---------------------
2021-10-17 11:34:58,261 - __sender_log__ - INFO: 
Send Packet Info:
	Sender ID: 1
	Receiver ID: 0
	Packet Content: b'Message from 1, number 40'
	Sender Clock:
		Local logical clock:(67, 72)
		Local process vectors:
			<P_0: (66, 70)>
---------------------
2021-10-17 11:34:58,660 - __sender_log__ - INFO: 
Send Packet Info:
	Sender ID: 1
	Receiver ID: 0
	Packet Content: b'Message from 1, number 41'
	Sender Clock:
		Local logical clock:(70, 74)
		Local process vectors:
			<P_0: (67, 72)>
---------------------
2021-10-17 11:34:59,625 - __sender_log__ - INFO: 
Send Packet Info:
	Sender ID: 1
	Receiver ID: 0
	Packet Content: b'Message from 1, number 42'
	Sender Clock:
		Local logical clock:(75, 76)
		Local process vectors:
			<P_0: (70, 74)>
---------------------
2021-10-17 11:35:00,479 - __sender_log__ - INFO: 
Send Packet Info:
	Sender ID: 1
	Receiver ID: 0
	Packet Content: b'Message from 1, number 43'
	Sender Clock:
		Local logical clock:(77, 78)
		Local process vectors:
			<P_0: (75, 76)>
---------------------
2021-10-17 11:35:01,109 - __sender_log__ - INFO: 
Send Packet Info:
	Sender ID: 1
	Receiver ID: 0
	Packet Content: b'Message from 1, number 44'
	Sender Clock:
		Local logical clock:(77, 79)
		Local process vectors:
			<P_0: (77, 78)>
---------------------
2021-10-17 11:35:01,436 - __sender_log__ - INFO: 
Send Packet Info:
	Sender ID: 1
	Receiver ID: 0
	Packet Content: b'Message from 1, number 45'
	Sender Clock:
		Local logical clock:(77, 80)
		Local process vectors:
			<P_0: (77, 79)>
---------------------
2021-10-17 11:35:01,635 - __sender_log__ - INFO: 
Send Packet Info:
	Sender ID: 1
	Receiver ID: 0
	Packet Content: b'Message from 1, number 46'
	Sender Clock:
		Local logical clock:(77, 81)
		Local process vectors:
			<P_0: (77, 80)>
---------------------
2021-10-17 11:35:02,450 - __sender_log__ - INFO: 
Send Packet Info:
	Sender ID: 1
	Receiver ID: 0
	Packet Content: b'Message from 1, number 47'
	Sender Clock:
		Local logical clock:(82, 85)
		Local process vectors:
			<P_0: (77, 81)>
---------------------
2021-10-17 11:35:02,669 - __sender_log__ - INFO: 
Send Packet Info:
	Sender ID: 1
	Receiver ID: 0
	Packet Content: b'Message from 1, number 48'
	Sender Clock:
		Local logical clock:(86, 87)
		Local process vectors:
			<P_0: (82, 85)>
---------------------
2021-10-17 11:35:03,299 - __sender_log__ - INFO: 
Send Packet Info:
	Sender ID: 1
	Receiver ID: 0
	Packet Content: b'Message from 1, number 49'
	Sender Clock:
		Local logical clock:(86, 88)
		Local process vectors:
			<P_0: (86, 87)>
---------------------
2021-10-17 11:35:04,167 - __sender_log__ - INFO: 
Send Packet Info:
	Sender ID: 1
	Receiver ID: 0
	Packet Content: b'Message from 1, number 50'
	Sender Clock:
		Local logical clock:(91, 92)
		Local process vectors:
			<P_0: (86, 88)>
---------------------
2021-10-17 11:35:04,937 - __sender_log__ - INFO: 
Send Packet Info:
	Sender ID: 1
	Receiver ID: 0
	Packet Content: b'Message from 1, number 51'
	Sender Clock:
		Local logical clock:(93, 94)
		Local process vectors:
			<P_0: (91, 92)>
---------------------
2021-10-17 11:35:05,048 - __sender_log__ - INFO: 
Send Packet Info:
	Sender ID: 1
	Receiver ID: 0
	Packet Content: b'Message from 1, number 52'
	Sender Clock:
		Local logical clock:(93, 95)
		Local process vectors:
			<P_0: (93, 94)>
---------------------
2021-10-17 11:35:05,856 - __sender_log__ - INFO: 
Send Packet Info:
	Sender ID: 1
	Receiver ID: 0
	Packet Content: b'Message from 1, number 53'
	Sender Clock:
		Local logical clock:(97, 98)
		Local process vectors:
			<P_0: (93, 95)>
---------------------
2021-10-17 11:35:06,847 - __sender_log__ - INFO: 
Send Packet Info:
	Sender ID: 1
	Receiver ID: 0
	Packet Content: b'Message from 1, number 54'
	Sender Clock:
		Local logical clock:(100, 101)
		Local process vectors:
			<P_0: (97, 98)>
---------------------
2021-10-17 11:35:07,545 - __sender_log__ - INFO: 
Send Packet Info:
	Sender ID: 1
	Receiver ID: 0
	Packet Content: b'Message from 1, number 55'
	Sender Clock:
		Local logical clock:(103, 104)
		Local process vectors:
			<P_0: (100, 101)>
---------------------
2021-10-17 11:35:08,291 - __sender_log__ - INFO: 
Send Packet Info:
	Sender ID: 1
	Receiver ID: 0
	Packet Content: b'Message from 1, number 56'
	Sender Clock:
		Local logical clock:(105, 106)
		Local process vectors:
			<P_0: (103, 104)>
---------------------
2021-10-17 11:35:09,066 - __sender_log__ - INFO: 
Send Packet Info:
	Sender ID: 1
	Receiver ID: 0
	Packet Content: b'Message from 1, number 57'
	Sender Clock:
		Local logical clock:(107, 108)
		Local process vectors:
			<P_0: (105, 106)>
---------------------
2021-10-17 11:35:09,735 - __sender_log__ - INFO: 
Send Packet Info:
	Sender ID: 1
	Receiver ID: 0
	Packet Content: b'Message from 1, number 58'
	Sender Clock:
		Local logical clock:(110, 111)
		Local process vectors:
			<P_0: (107, 108)>
---------------------
2021-10-17 11:35:10,546 - __sender_log__ - INFO: 
Send Packet Info:
	Sender ID: 1
	Receiver ID: 0
	Packet Content: b'Message from 1, number 59'
	Sender Clock:
		Local logical clock:(112, 113)
		Local process vectors:
			<P_0: (110, 111)>
---------------------
2021-10-17 11:35:10,561 - __sender_log__ - INFO: 
Send Packet Info:
	Sender ID: 1
	Receiver ID: 0
	Packet Content: b'Message from 1, number 60'
	Sender Clock:
		Local logical clock:(112, 114)
		Local process vectors:
			<P_0: (112, 113)>
---------------------
2021-10-17 11:35:10,977 - __sender_log__ - INFO: 
Send Packet Info:
	Sender ID: 1
	Receiver ID: 0
	Packet Content: b'Message from 1, number 61'
	Sender Clock:
		Local logical clock:(112, 115)
		Local process vectors:
			<P_0: (112, 114)>
---------------------
2021-10-17 11:35:11,490 - __sender_log__ - INFO: 
Send Packet Info:
	Sender ID: 1
	Receiver ID: 0
	Packet Content: b'Message from 1, number 62'
	Sender Clock:
		Local logical clock:(116, 117)
		Local process vectors:
			<P_0: (112, 115)>
---------------------
2021-10-17 11:35:11,703 - __sender_log__ - INFO: 
Send Packet Info:
	Sender ID: 1
	Receiver ID: 0
	Packet Content: b'Message from 1, number 63'
	Sender Clock:
		Local logical clock:(116, 118)
		Local process vectors:
			<P_0: (116, 117)>
---------------------
2021-10-17 11:35:12,006 - __sender_log__ - INFO: 
Send Packet Info:
	Sender ID: 1
	Receiver ID: 0
	Packet Content: b'Message from 1, number 64'
	Sender Clock:
		Local logical clock:(116, 119)
		Local process vectors:
			<P_0: (116, 118)>
---------------------
2021-10-17 11:35:12,939 - __sender_log__ - INFO: 
Send Packet Info:
	Sender ID: 1
	Receiver ID: 0
	Packet Content: b'Message from 1, number 65'
	Sender Clock:
		Local logical clock:(122, 123)
		Local process vectors:
			<P_0: (116, 119)>
---------------------
2021-10-17 11:35:13,385 - __sender_log__ - INFO: 
Send Packet Info:
	Sender ID: 1
	Receiver ID: 0
	Packet Content: b'Message from 1, number 66'
	Sender Clock:
		Local logical clock:(125, 127)
		Local process vectors:
			<P_0: (122, 123)>
---------------------
2021-10-17 11:35:13,563 - __sender_log__ - INFO: 
Send Packet Info:
	Sender ID: 1
	Receiver ID: 0
	Packet Content: b'Message from 1, number 67'
	Sender Clock:
		Local logical clock:(125, 128)
		Local process vectors:
			<P_0: (125, 127)>
---------------------
2021-10-17 11:35:13,820 - __sender_log__ - INFO: 
Send Packet Info:
	Sender ID: 1
	Receiver ID: 0
	Packet Content: b'Message from 1, number 68'
	Sender Clock:
		Local logical clock:(125, 129)
		Local process vectors:
			<P_0: (125, 128)>
---------------------
2021-10-17 11:35:14,230 - __sender_log__ - INFO: 
Send Packet Info:
	Sender ID: 1
	Receiver ID: 0
	Packet Content: b'Message from 1, number 69'
	Sender Clock:
		Local logical clock:(130, 131)
		Local process vectors:
			<P_0: (125, 129)>
---------------------
2021-10-17 11:35:14,827 - __sender_log__ - INFO: 
Send Packet Info:
	Sender ID: 1
	Receiver ID: 0
	Packet Content: b'Message from 1, number 70'
	Sender Clock:
		Local logical clock:(132, 133)
		Local process vectors:
			<P_0: (130, 131)>
---------------------
2021-10-17 11:35:15,711 - __sender_log__ - INFO: 
Send Packet Info:
	Sender ID: 1
	Receiver ID: 0
	Packet Content: b'Message from 1, number 71'
	Sender Clock:
		Local logical clock:(134, 135)
		Local process vectors:
			<P_0: (132, 133)>
---------------------
2021-10-17 11:35:16,044 - __sender_log__ - INFO: 
Send Packet Info:
	Sender ID: 1
	Receiver ID: 0
	Packet Content: b'Message from 1, number 72'
	Sender Clock:
		Local logical clock:(136, 137)
		Local process vectors:
			<P_0: (134, 135)>
---------------------
2021-10-17 11:35:16,928 - __sender_log__ - INFO: 
Send Packet Info:
	Sender ID: 1
	Receiver ID: 0
	Packet Content: b'Message from 1, number 73'
	Sender Clock:
		Local logical clock:(138, 139)
		Local process vectors:
			<P_0: (136, 137)>
---------------------
2021-10-17 11:35:17,556 - __sender_log__ - INFO: 
Send Packet Info:
	Sender ID: 1
	Receiver ID: 0
	Packet Content: b'Message from 1, number 74'
	Sender Clock:
		Local logical clock:(140, 141)
		Local process vectors:
			<P_0: (138, 139)>
---------------------
2021-10-17 11:35:18,353 - __sender_log__ - INFO: 
Send Packet Info:
	Sender ID: 1
	Receiver ID: 0
	Packet Content: b'Message from 1, number 75'
	Sender Clock:
		Local logical clock:(144, 145)
		Local process vectors:
			<P_0: (140, 141)>
---------------------
2021-10-17 11:35:18,852 - __sender_log__ - INFO: 
Send Packet Info:
	Sender ID: 1
	Receiver ID: 0
	Packet Content: b'Message from 1, number 76'
	Sender Clock:
		Local logical clock:(144, 146)
		Local process vectors:
			<P_0: (144, 145)>
---------------------
2021-10-17 11:35:19,693 - __sender_log__ - INFO: 
Send Packet Info:
	Sender ID: 1
	Receiver ID: 0
	Packet Content: b'Message from 1, number 77'
	Sender Clock:
		Local logical clock:(149, 150)
		Local process vectors:
			<P_0: (144, 146)>
---------------------
2021-10-17 11:35:19,773 - __sender_log__ - INFO: 
Send Packet Info:
	Sender ID: 1
	Receiver ID: 0
	Packet Content: b'Message from 1, number 78'
	Sender Clock:
		Local logical clock:(149, 151)
		Local process vectors:
			<P_0: (149, 150)>
---------------------
2021-10-17 11:35:19,867 - __sender_log__ - INFO: 
Send Packet Info:
	Sender ID: 1
	Receiver ID: 0
	Packet Content: b'Message from 1, number 79'
	Sender Clock:
		Local logical clock:(149, 152)
		Local process vectors:
			<P_0: (149, 151)>
---------------------
2021-10-17 11:35:19,942 - __sender_log__ - INFO: 
Send Packet Info:
	Sender ID: 1
	Receiver ID: 0
	Packet Content: b'Message from 1, number 80'
	Sender Clock:
		Local logical clock:(149, 153)
		Local process vectors:
			<P_0: (149, 152)>
---------------------
2021-10-17 11:35:20,669 - __sender_log__ - INFO: 
Send Packet Info:
	Sender ID: 1
	Receiver ID: 0
	Packet Content: b'Message from 1, number 81'
	Sender Clock:
		Local logical clock:(154, 155)
		Local process vectors:
			<P_0: (149, 153)>
---------------------
2021-10-17 11:35:21,522 - __sender_log__ - INFO: 
Send Packet Info:
	Sender ID: 1
	Receiver ID: 0
	Packet Content: b'Message from 1, number 82'
	Sender Clock:
		Local logical clock:(157, 158)
		Local process vectors:
			<P_0: (154, 155)>
---------------------
2021-10-17 11:35:21,599 - __sender_log__ - INFO: 
Send Packet Info:
	Sender ID: 1
	Receiver ID: 0
	Packet Content: b'Message from 1, number 83'
	Sender Clock:
		Local logical clock:(157, 159)
		Local process vectors:
			<P_0: (157, 158)>
---------------------
2021-10-17 11:35:21,895 - __sender_log__ - INFO: 
Send Packet Info:
	Sender ID: 1
	Receiver ID: 0
	Packet Content: b'Message from 1, number 84'
	Sender Clock:
		Local logical clock:(160, 161)
		Local process vectors:
			<P_0: (157, 159)>
---------------------
2021-10-17 11:35:21,895 - __sender_log__ - INFO: 
Send Packet Info:
	Sender ID: 1
	Receiver ID: 0
	Packet Content: b'Message from 1, number 85'
	Sender Clock:
		Local logical clock:(160, 162)
		Local process vectors:
			<P_0: (160, 161)>
---------------------
2021-10-17 11:35:21,993 - __sender_log__ - INFO: 
Send Packet Info:
	Sender ID: 1
	Receiver ID: 0
	Packet Content: b'Message from 1, number 86'
	Sender Clock:
		Local logical clock:(160, 163)
		Local process vectors:
			<P_0: (160, 162)>
---------------------
2021-10-17 11:35:22,475 - __sender_log__ - INFO: 
Send Packet Info:
	Sender ID: 1
	Receiver ID: 0
	Packet Content: b'Message from 1, number 87'
	Sender Clock:
		Local logical clock:(160, 164)
		Local process vectors:
			<P_0: (160, 163)>
---------------------
2021-10-17 11:35:22,982 - __sender_log__ - INFO: 
Send Packet Info:
	Sender ID: 1
	Receiver ID: 0
	Packet Content: b'Message from 1, number 88'
	Sender Clock:
		Local logical clock:(163, 166)
		Local process vectors:
			<P_0: (160, 164)>
---------------------
2021-10-17 11:35:23,436 - __sender_log__ - INFO: 
Send Packet Info:
	Sender ID: 1
	Receiver ID: 0
	Packet Content: b'Message from 1, number 89'
	Sender Clock:
		Local logical clock:(166, 168)
		Local process vectors:
			<P_0: (163, 166)>
---------------------
2021-10-17 11:35:23,726 - __sender_log__ - INFO: 
Send Packet Info:
	Sender ID: 1
	Receiver ID: 0
	Packet Content: b'Message from 1, number 90'
	Sender Clock:
		Local logical clock:(166, 169)
		Local process vectors:
			<P_0: (166, 168)>
---------------------
2021-10-17 11:35:24,456 - __sender_log__ - INFO: 
Send Packet Info:
	Sender ID: 1
	Receiver ID: 0
	Packet Content: b'Message from 1, number 91'
	Sender Clock:
		Local logical clock:(166, 170)
		Local process vectors:
			<P_0: (166, 169)>
---------------------
2021-10-17 11:35:24,940 - __sender_log__ - INFO: 
Send Packet Info:
	Sender ID: 1
	Receiver ID: 0
	Packet Content: b'Message from 1, number 92'
	Sender Clock:
		Local logical clock:(166, 171)
		Local process vectors:
			<P_0: (166, 170)>
---------------------
2021-10-17 11:35:25,616 - __sender_log__ - INFO: 
Send Packet Info:
	Sender ID: 1
	Receiver ID: 0
	Packet Content: b'Message from 1, number 93'
	Sender Clock:
		Local logical clock:(176, 177)
		Local process vectors:
			<P_0: (166, 171)>
---------------------
2021-10-17 11:35:26,577 - __sender_log__ - INFO: 
Send Packet Info:
	Sender ID: 1
	Receiver ID: 0
	Packet Content: b'Message from 1, number 94'
	Sender Clock:
		Local logical clock:(180, 181)
		Local process vectors:
			<P_0: (176, 177)>
---------------------
2021-10-17 11:35:27,038 - __sender_log__ - INFO: 
Send Packet Info:
	Sender ID: 1
	Receiver ID: 0
	Packet Content: b'Message from 1, number 95'
	Sender Clock:
		Local logical clock:(180, 182)
		Local process vectors:
			<P_0: (180, 181)>
---------------------
2021-10-17 11:35:27,182 - __sender_log__ - INFO: 
Send Packet Info:
	Sender ID: 1
	Receiver ID: 0
	Packet Content: b'Message from 1, number 96'
	Sender Clock:
		Local logical clock:(180, 183)
		Local process vectors:
			<P_0: (180, 182)>
---------------------
2021-10-17 11:35:27,589 - __sender_log__ - INFO: 
Send Packet Info:
	Sender ID: 1
	Receiver ID: 0
	Packet Content: b'Message from 1, number 97'
	Sender Clock:
		Local logical clock:(184, 185)
		Local process vectors:
			<P_0: (180, 183)>
---------------------
2021-10-17 11:35:28,193 - __sender_log__ - INFO: 
Send Packet Info:
	Sender ID: 1
	Receiver ID: 0
	Packet Content: b'Message from 1, number 98'
	Sender Clock:
		Local logical clock:(184, 186)
		Local process vectors:
			<P_0: (184, 185)>
---------------------
2021-10-17 11:35:28,316 - __sender_log__ - INFO: 
Send Packet Info:
	Sender ID: 1
	Receiver ID: 0
	Packet Content: b'Message from 1, number 99'
	Sender Clock:
		Local logical clock:(186, 188)
		Local process vectors:
			<P_0: (184, 186)>
---------------------
2021-10-17 11:35:28,965 - __sender_log__ - INFO: 
Send Packet Info:
	Sender ID: 1
	Receiver ID: 0
	Packet Content: b'Message from 1, number 100'
	Sender Clock:
		Local logical clock:(186, 189)
		Local process vectors:
			<P_0: (186, 188)>
---------------------
2021-10-17 11:35:29,511 - __sender_log__ - INFO: 
Send Packet Info:
	Sender ID: 1
	Receiver ID: 0
	Packet Content: b'Message from 1, number 101'
	Sender Clock:
		Local logical clock:(191, 192)
		Local process vectors:
			<P_0: (186, 189)>
---------------------
2021-10-17 11:35:30,410 - __sender_log__ - INFO: 
Send Packet Info:
	Sender ID: 1
	Receiver ID: 0
	Packet Content: b'Message from 1, number 102'
	Sender Clock:
		Local logical clock:(195, 196)
		Local process vectors:
			<P_0: (191, 192)>
---------------------
2021-10-17 11:35:31,328 - __sender_log__ - INFO: 
Send Packet Info:
	Sender ID: 1
	Receiver ID: 0
	Packet Content: b'Message from 1, number 103'
	Sender Clock:
		Local logical clock:(198, 199)
		Local process vectors:
			<P_0: (195, 196)>
---------------------
2021-10-17 11:35:31,725 - __sender_log__ - INFO: 
Send Packet Info:
	Sender ID: 1
	Receiver ID: 0
	Packet Content: b'Message from 1, number 104'
	Sender Clock:
		Local logical clock:(200, 201)
		Local process vectors:
			<P_0: (198, 199)>
---------------------
2021-10-17 11:35:32,637 - __sender_log__ - INFO: 
Send Packet Info:
	Sender ID: 1
	Receiver ID: 0
	Packet Content: b'Message from 1, number 105'
	Sender Clock:
		Local logical clock:(203, 204)
		Local process vectors:
			<P_0: (200, 201)>
---------------------
2021-10-17 11:35:33,566 - __sender_log__ - INFO: 
Send Packet Info:
	Sender ID: 1
	Receiver ID: 0
	Packet Content: b'Message from 1, number 106'
	Sender Clock:
		Local logical clock:(205, 206)
		Local process vectors:
			<P_0: (203, 204)>
---------------------
2021-10-17 11:35:33,853 - __sender_log__ - INFO: 
Send Packet Info:
	Sender ID: 1
	Receiver ID: 0
	Packet Content: b'Message from 1, number 107'
	Sender Clock:
		Local logical clock:(207, 208)
		Local process vectors:
			<P_0: (205, 206)>
---------------------
2021-10-17 11:35:34,103 - __sender_log__ - INFO: 
Send Packet Info:
	Sender ID: 1
	Receiver ID: 0
	Packet Content: b'Message from 1, number 108'
	Sender Clock:
		Local logical clock:(209, 210)
		Local process vectors:
			<P_0: (207, 208)>
---------------------
2021-10-17 11:35:34,955 - __sender_log__ - INFO: 
Send Packet Info:
	Sender ID: 1
	Receiver ID: 0
	Packet Content: b'Message from 1, number 109'
	Sender Clock:
		Local logical clock:(213, 214)
		Local process vectors:
			<P_0: (209, 210)>
---------------------
2021-10-17 11:35:35,559 - __sender_log__ - INFO: 
Send Packet Info:
	Sender ID: 1
	Receiver ID: 0
	Packet Content: b'Message from 1, number 110'
	Sender Clock:
		Local logical clock:(215, 216)
		Local process vectors:
			<P_0: (213, 214)>
---------------------
2021-10-17 11:35:36,275 - __sender_log__ - INFO: 
Send Packet Info:
	Sender ID: 1
	Receiver ID: 0
	Packet Content: b'Message from 1, number 111'
	Sender Clock:
		Local logical clock:(217, 218)
		Local process vectors:
			<P_0: (215, 216)>
---------------------
2021-10-17 11:35:36,619 - __sender_log__ - INFO: 
Send Packet Info:
	Sender ID: 1
	Receiver ID: 0
	Packet Content: b'Message from 1, number 112'
	Sender Clock:
		Local logical clock:(217, 219)
		Local process vectors:
			<P_0: (217, 218)>
---------------------
2021-10-17 11:35:36,625 - __sender_log__ - INFO: 
Send Packet Info:
	Sender ID: 1
	Receiver ID: 0
	Packet Content: b'Message from 1, number 113'
	Sender Clock:
		Local logical clock:(217, 220)
		Local process vectors:
			<P_0: (217, 219)>
---------------------
2021-10-17 11:35:37,145 - __sender_log__ - INFO: 
Send Packet Info:
	Sender ID: 1
	Receiver ID: 0
	Packet Content: b'Message from 1, number 114'
	Sender Clock:
		Local logical clock:(219, 222)
		Local process vectors:
			<P_0: (217, 220)>
---------------------
2021-10-17 11:35:37,661 - __sender_log__ - INFO: 
Send Packet Info:
	Sender ID: 1
	Receiver ID: 0
	Packet Content: b'Message from 1, number 115'
	Sender Clock:
		Local logical clock:(219, 223)
		Local process vectors:
			<P_0: (219, 222)>
---------------------
2021-10-17 11:35:38,200 - __sender_log__ - INFO: 
Send Packet Info:
	Sender ID: 1
	Receiver ID: 0
	Packet Content: b'Message from 1, number 116'
	Sender Clock:
		Local logical clock:(225, 226)
		Local process vectors:
			<P_0: (219, 223)>
---------------------
2021-10-17 11:35:38,204 - __sender_log__ - INFO: 
Send Packet Info:
	Sender ID: 1
	Receiver ID: 0
	Packet Content: b'Message from 1, number 117'
	Sender Clock:
		Local logical clock:(225, 227)
		Local process vectors:
			<P_0: (225, 226)>
---------------------
2021-10-17 11:35:38,693 - __sender_log__ - INFO: 
Send Packet Info:
	Sender ID: 1
	Receiver ID: 0
	Packet Content: b'Message from 1, number 118'
	Sender Clock:
		Local logical clock:(228, 229)
		Local process vectors:
			<P_0: (225, 227)>
---------------------
2021-10-17 11:35:38,719 - __sender_log__ - INFO: 
Send Packet Info:
	Sender ID: 1
	Receiver ID: 0
	Packet Content: b'Message from 1, number 119'
	Sender Clock:
		Local logical clock:(228, 230)
		Local process vectors:
			<P_0: (228, 229)>
---------------------
2021-10-17 11:35:39,263 - __sender_log__ - INFO: 
Send Packet Info:
	Sender ID: 1
	Receiver ID: 0
	Packet Content: b'Message from 1, number 120'
	Sender Clock:
		Local logical clock:(233, 234)
		Local process vectors:
			<P_0: (228, 230)>
---------------------
2021-10-17 11:35:39,318 - __sender_log__ - INFO: 
Send Packet Info:
	Sender ID: 1
	Receiver ID: 0
	Packet Content: b'Message from 1, number 121'
	Sender Clock:
		Local logical clock:(233, 235)
		Local process vectors:
			<P_0: (233, 234)>
---------------------
2021-10-17 11:35:39,605 - __sender_log__ - INFO: 
Send Packet Info:
	Sender ID: 1
	Receiver ID: 0
	Packet Content: b'Message from 1, number 122'
	Sender Clock:
		Local logical clock:(233, 236)
		Local process vectors:
			<P_0: (233, 235)>
---------------------
2021-10-17 11:35:40,436 - __sender_log__ - INFO: 
Send Packet Info:
	Sender ID: 1
	Receiver ID: 0
	Packet Content: b'Message from 1, number 123'
	Sender Clock:
		Local logical clock:(236, 238)
		Local process vectors:
			<P_0: (233, 236)>
---------------------
2021-10-17 11:35:40,672 - __sender_log__ - INFO: 
Send Packet Info:
	Sender ID: 1
	Receiver ID: 0
	Packet Content: b'Message from 1, number 124'
	Sender Clock:
		Local logical clock:(238, 240)
		Local process vectors:
			<P_0: (236, 238)>
---------------------
2021-10-17 11:35:41,092 - __sender_log__ - INFO: 
Send Packet Info:
	Sender ID: 1
	Receiver ID: 0
	Packet Content: b'Message from 1, number 125'
	Sender Clock:
		Local logical clock:(242, 243)
		Local process vectors:
			<P_0: (238, 240)>
---------------------
2021-10-17 11:35:41,260 - __sender_log__ - INFO: 
Send Packet Info:
	Sender ID: 1
	Receiver ID: 0
	Packet Content: b'Message from 1, number 126'
	Sender Clock:
		Local logical clock:(242, 244)
		Local process vectors:
			<P_0: (242, 243)>
---------------------
2021-10-17 11:35:42,007 - __sender_log__ - INFO: 
Send Packet Info:
	Sender ID: 1
	Receiver ID: 0
	Packet Content: b'Message from 1, number 127'
	Sender Clock:
		Local logical clock:(245, 246)
		Local process vectors:
			<P_0: (242, 244)>
---------------------
2021-10-17 11:35:42,085 - __sender_log__ - INFO: 
Send Packet Info:
	Sender ID: 1
	Receiver ID: 0
	Packet Content: b'Message from 1, number 128'
	Sender Clock:
		Local logical clock:(245, 247)
		Local process vectors:
			<P_0: (245, 246)>
---------------------
2021-10-17 11:35:42,282 - __sender_log__ - INFO: 
Send Packet Info:
	Sender ID: 1
	Receiver ID: 0
	Packet Content: b'Message from 1, number 129'
	Sender Clock:
		Local logical clock:(248, 249)
		Local process vectors:
			<P_0: (245, 247)>
---------------------
2021-10-17 11:35:42,694 - __sender_log__ - INFO: 
Send Packet Info:
	Sender ID: 1
	Receiver ID: 0
	Packet Content: b'Message from 1, number 130'
	Sender Clock:
		Local logical clock:(248, 250)
		Local process vectors:
			<P_0: (248, 249)>
---------------------
2021-10-17 11:35:43,354 - __sender_log__ - INFO: 
Send Packet Info:
	Sender ID: 1
	Receiver ID: 0
	Packet Content: b'Message from 1, number 131'
	Sender Clock:
		Local logical clock:(249, 252)
		Local process vectors:
			<P_0: (248, 250)>
---------------------
2021-10-17 11:35:43,513 - __sender_log__ - INFO: 
Send Packet Info:
	Sender ID: 1
	Receiver ID: 0
	Packet Content: b'Message from 1, number 132'
	Sender Clock:
		Local logical clock:(249, 253)
		Local process vectors:
			<P_0: (249, 252)>
---------------------
2021-10-17 11:35:43,905 - __sender_log__ - INFO: 
Send Packet Info:
	Sender ID: 1
	Receiver ID: 0
	Packet Content: b'Message from 1, number 133'
	Sender Clock:
		Local logical clock:(249, 254)
		Local process vectors:
			<P_0: (249, 253)>
---------------------
2021-10-17 11:35:44,296 - __sender_log__ - INFO: 
Send Packet Info:
	Sender ID: 1
	Receiver ID: 0
	Packet Content: b'Message from 1, number 134'
	Sender Clock:
		Local logical clock:(249, 255)
		Local process vectors:
			<P_0: (249, 254)>
---------------------
2021-10-17 11:35:44,529 - __sender_log__ - INFO: 
Send Packet Info:
	Sender ID: 1
	Receiver ID: 0
	Packet Content: b'Message from 1, number 135'
	Sender Clock:
		Local logical clock:(249, 256)
		Local process vectors:
			<P_0: (249, 255)>
---------------------
2021-10-17 11:35:44,898 - __sender_log__ - INFO: 
Send Packet Info:
	Sender ID: 1
	Receiver ID: 0
	Packet Content: b'Message from 1, number 136'
	Sender Clock:
		Local logical clock:(259, 261)
		Local process vectors:
			<P_0: (249, 256)>
---------------------
2021-10-17 11:35:45,362 - __sender_log__ - INFO: 
Send Packet Info:
	Sender ID: 1
	Receiver ID: 0
	Packet Content: b'Message from 1, number 137'
	Sender Clock:
		Local logical clock:(261, 263)
		Local process vectors:
			<P_0: (259, 261)>
---------------------
2021-10-17 11:35:45,366 - __sender_log__ - INFO: 
Send Packet Info:
	Sender ID: 1
	Receiver ID: 0
	Packet Content: b'Message from 1, number 138'
	Sender Clock:
		Local logical clock:(261, 264)
		Local process vectors:
			<P_0: (261, 263)>
---------------------
2021-10-17 11:35:46,064 - __sender_log__ - INFO: 
Send Packet Info:
	Sender ID: 1
	Receiver ID: 0
	Packet Content: b'Message from 1, number 139'
	Sender Clock:
		Local logical clock:(264, 266)
		Local process vectors:
			<P_0: (261, 264)>
---------------------
2021-10-17 11:35:46,430 - __sender_log__ - INFO: 
Send Packet Info:
	Sender ID: 1
	Receiver ID: 0
	Packet Content: b'Message from 1, number 140'
	Sender Clock:
		Local logical clock:(265, 268)
		Local process vectors:
			<P_0: (264, 266)>
---------------------
2021-10-17 11:35:46,512 - __sender_log__ - INFO: 
Send Packet Info:
	Sender ID: 1
	Receiver ID: 0
	Packet Content: b'Message from 1, number 141'
	Sender Clock:
		Local logical clock:(265, 269)
		Local process vectors:
			<P_0: (265, 268)>
---------------------
2021-10-17 11:35:47,097 - __sender_log__ - INFO: 
Send Packet Info:
	Sender ID: 1
	Receiver ID: 0
	Packet Content: b'Message from 1, number 142'
	Sender Clock:
		Local logical clock:(265, 270)
		Local process vectors:
			<P_0: (265, 269)>
---------------------
2021-10-17 11:35:48,010 - __sender_log__ - INFO: 
Send Packet Info:
	Sender ID: 1
	Receiver ID: 0
	Packet Content: b'Message from 1, number 143'
	Sender Clock:
		Local logical clock:(272, 273)
		Local process vectors:
			<P_0: (265, 270)>
---------------------
2021-10-17 11:35:48,774 - __sender_log__ - INFO: 
Send Packet Info:
	Sender ID: 1
	Receiver ID: 0
	Packet Content: b'Message from 1, number 144'
	Sender Clock:
		Local logical clock:(275, 276)
		Local process vectors:
			<P_0: (272, 273)>
---------------------
2021-10-17 11:35:48,868 - __sender_log__ - INFO: 
Send Packet Info:
	Sender ID: 1
	Receiver ID: 0
	Packet Content: b'Message from 1, number 145'
	Sender Clock:
		Local logical clock:(275, 277)
		Local process vectors:
			<P_0: (275, 276)>
---------------------
2021-10-17 11:35:49,403 - __sender_log__ - INFO: 
Send Packet Info:
	Sender ID: 1
	Receiver ID: 0
	Packet Content: b'Message from 1, number 146'
	Sender Clock:
		Local logical clock:(280, 281)
		Local process vectors:
			<P_0: (275, 277)>
---------------------
2021-10-17 11:35:49,487 - __sender_log__ - INFO: 
Send Packet Info:
	Sender ID: 1
	Receiver ID: 0
	Packet Content: b'Message from 1, number 147'
	Sender Clock:
		Local logical clock:(280, 282)
		Local process vectors:
			<P_0: (280, 281)>
---------------------
2021-10-17 11:35:49,970 - __sender_log__ - INFO: 
Send Packet Info:
	Sender ID: 1
	Receiver ID: 0
	Packet Content: b'Message from 1, number 148'
	Sender Clock:
		Local logical clock:(280, 283)
		Local process vectors:
			<P_0: (280, 282)>
---------------------
2021-10-17 11:35:50,104 - __sender_log__ - INFO: 
Send Packet Info:
	Sender ID: 1
	Receiver ID: 0
	Packet Content: b'Message from 1, number 149'
	Sender Clock:
		Local logical clock:(283, 285)
		Local process vectors:
			<P_0: (280, 283)>
---------------------
2021-10-17 11:35:50,393 - __sender_log__ - INFO: 
Send Packet Info:
	Sender ID: 1
	Receiver ID: 0
	Packet Content: b'Message from 1, number 150'
	Sender Clock:
		Local logical clock:(286, 287)
		Local process vectors:
			<P_0: (283, 285)>
---------------------
2021-10-17 11:35:50,694 - __sender_log__ - WARNING: 
SENDER #140224687007488: Close connection to 127.0.0.1:60000
---------------------
